
================================================================
======== txAdmin v6.0.2 atop fxserver 6947 Starting - 11/19/2023, 6:20:16 PM
================================================================

================================================================
======== Log Rotated - 11/19/2023, 6:20:17 PM                   
================================================================

================================================================
======== txAdmin v6.0.2 atop fxserver 6947 Starting - 11/19/2023, 6:20:46 PM
================================================================
[18:21:26][KOK_Shreider_404] logged in via in-game ui
[19:09:11][KOK_Shreider_404] logged in via in-game ui

================================================================
======== txAdmin v6.0.2 atop fxserver 6947 Starting - 11/19/2023, 11:57:40 PM
================================================================
[23:58:34][KOK_Shreider_404] logged in via in-game ui
[00:06:05][KOK_Shreider_404] logged in via in-game ui
[01:27:26][KOK_Shreider_404] logged in via in-game ui
[02:56:03][KOK_Shreider_404] logged in via in-game ui

================================================================
======== txAdmin v6.0.2 atop fxserver 6947 Starting - 11/20/2023, 8:46:59 PM
================================================================
[20:48:36][KOK_Shreider_404] logged in from 127.0.0.1 via citizenfx
[20:52:36][KOK_Shreider_404] executed "ensure "mysql-async""
[21:01:36][KOK_Shreider_404] logged in via in-game ui

================================================================
======== txAdmin v6.0.2 atop fxserver 6947 Starting - 11/20/2023, 10:33:51 PM
================================================================
[22:37:57][KOK_Shreider_404] logged in via in-game ui
