
================================================================
======== txAdmin v6.0.2 atop fxserver 6947 Starting - 12/29/2023, 2:47:53 PM
================================================================

================================================================
======== Log Rotated - 12/29/2023, 2:47:53 PM                   
================================================================
[14:50:41][KOK_Shreider_404] logged in from 127.0.0.1 via citizenfx
[14:50:48][KOK_Shreider_404] executed "ensure "skinManager""
[14:53:25][KOK_Shreider_404] executed "ensure "skinManager""
[14:54:00][KOK_Shreider_404] logged in via in-game ui
[15:26:26][KOK_Shreider_404] logged in via in-game ui
[15:27:00][KOK_Shreider_404] logged in from via NUI iframe

================================================================
======== txAdmin v6.0.2 atop fxserver 6947 Starting - 12/29/2023, 6:45:27 PM
================================================================
[18:48:56][KOK_Shreider_404] logged in via in-game ui
[18:48:59][KOK_Shreider_404] logged in from 127.0.0.1 via citizenfx
[18:48:59][KOK_Shreider_404] logged in via in-game ui
[18:49:02][KOK_Shreider_404] executed "ensure "skinManager""

================================================================
======== txAdmin v6.0.2 atop fxserver 6947 Starting - 12/29/2023, 8:28:40 PM
================================================================
[20:29:45][KOK_Shreider_404] logged in via in-game ui
[20:29:54][KOK_Shreider_404] logged in from 127.0.0.1 via citizenfx
[20:29:54][KOK_Shreider_404] logged in via in-game ui
[20:29:56][KOK_Shreider_404] executed "ensure "skinManager""

================================================================
======== txAdmin v6.0.2 atop fxserver 6947 Starting - 12/29/2023, 9:13:18 PM
================================================================
[21:14:12][KOK_Shreider_404] logged in from 127.0.0.1 via citizenfx
[21:14:16][KOK_Shreider_404] logged in via in-game ui
[21:14:16][KOK_Shreider_404] logged in via in-game ui
[21:14:20][KOK_Shreider_404] executed "ensure "skinManager""
[21:32:26][KOK_Shreider_404] logged in via in-game ui
[21:33:52][KOK_Shreider_404] logged in via in-game ui
[21:35:59][KOK_Shreider_404] executed "RESTART SERVER"
[21:36:08][KOK_Shreider_404] executed "refresh"
[21:36:11][KOK_Shreider_404] executed "ensure "skinManager""
[21:36:57][KOK_Shreider_404] logged in via in-game ui

================================================================
======== txAdmin v6.0.2 atop fxserver 6947 Starting - 12/29/2023, 9:41:11 PM
================================================================
[21:41:21][KOK_Shreider_404] logged in from 127.0.0.1 via citizenfx
[21:41:39][KOK_Shreider_404] executed "ensure "skinManager""
[21:42:09][KOK_Shreider_404] logged in via in-game ui
[22:19:39][KOK_Shreider_404] logged in via in-game ui
