
================================================================
======== txAdmin v6.0.2 atop fxserver 6947 Starting - 11/21/2023, 3:19:37 PM
================================================================

================================================================
======== Log Rotated - 11/21/2023, 3:19:37 PM                   
================================================================
[15:22:14][KOK_Shreider_404] logged in from 127.0.0.1 via citizenfx
[15:22:17][KOK_Shreider_404] executed "ensure "GameMode""
[15:23:07][KOK_Shreider_404] executed "RESTART SERVER"
[15:26:21][KOK_Shreider_404] logged in via in-game ui
[15:59:37][KOK_Shreider_404] executed "RESTART SERVER"
[16:02:08][KOK_Shreider_404] logged in via in-game ui
[16:03:13][KOK_Shreider_404] logged in via in-game ui

================================================================
======== txAdmin v6.0.2 atop fxserver 6947 Starting - 11/21/2023, 4:11:08 PM
================================================================
[16:11:48][KOK_Shreider_404] logged in from 127.0.0.1 via citizenfx
[16:15:37][KOK_Shreider_404] logged in via in-game ui
[16:40:40][KOK_Shreider_404] logged in via in-game ui
[20:01:53][KOK_Shreider_404] logged in via in-game ui
