
================================================================
======== Log Rotated - 11/25/2023, 9:09:40 PM                   
================================================================

================================================================
======== FXServer Starting - 11/25/2023, 9:09:47 PM             
================================================================
[           resources] [32mScanning resources.
[           resources] Found 44 resources.
[          svadhesive] Authenticating server license key...
[          svadhesive] Server license key authentication succeeded. Welcome!
[    c-scripting-core] Creating script environments for sessionmanager
[           resources] Started resource sessionmanager
[    c-scripting-core] Creating script environments for monitor
[      script:monitor] [txAdmin] Resource v6.0.2 threads and commands set up. All Ready.
[           resources] Started resource monitor
[    c-scripting-core] [97mCreating script environments for mysql-async
[           resources] Started resource mysql-async
[    c-scripting-core] [0mCreating script environments for pma-voice
[           resources] [0mStarted resource pma-voice
[    c-scripting-core] Creating script environments for mapmanager
[           resources] Started resource mapmanager
[    c-scripting-core] Creating script environments for yarn
[           resources] Started resource yarn
[    c-scripting-core] Creating script environments for webpack
[           resources] Started resource webpack
[    c-scripting-core] Creating script environments for chat
[           resources] Started resource chat
[           resources] Started resource spawnmanager
[   script:mapmanager] Started gametype Freeroam
[           resources] Started resource basic-gamemode
[    c-scripting-core] Creating script environments for hardcap
[           resources] Started resource hardcap
[    c-scripting-core] [97mCreating script environments for manageMap
[           resources] Started resource manageMap
[    c-scripting-core] Creating script environments for manageObjects
[           resources] Started resource manageObjects
[resources:manageVehi] Warning: could not find client_script `mods.lua` (defined in fxmanifest.lua:7)
[resources:manageVehi] Warning: could not find client_script `config/*.lua` (defined in fxmanifest.lua:7)
[           resources] Started resource manageVehicles (2 warnings)
[           resources] Started resource manageWeapons
[           resources] Started resource playerManager
[           resources] Started resource AdminCommands
[           resources] Started resource Comamnds
[resources:CustomPeds] Asset CustomPeds/NATO_01.ytd uses 144.0 MiB of physical memory. Oversized assets can and WILL lead to streaming issues (such as models not loading/rendering).
[           resources] Started resource CustomPeds (1 warning)
[      resources:r820] Warning: could not find client_script `vehicle_names.lua` (defined in __resource.lua:17)
[      resources:r820] Warning: could not find file `dlctext.meta` (defined in __resource.lua:3)
[resources:r820:strea] Asset r820/r820.yft uses 18.9 MiB of virtual memory.
[resources:r820:strea] [91mAsset r820/r820.ytd uses 78.0 MiB of physical memory. Oversized assets can and WILL lead to streaming issues (such as models not loading/rendering).
[resources:r820:strea] Asset r820/r820_hi.yft uses 18.9 MiB of virtual memory.
[           resources] Started resource r820 (5 warnings)
[ resources:rmodmi8lb] Warning: could not find file `vehiclelayouts.meta` (defined in __resource.lua:3)
[resources:rmodmi8lb:] Asset rmodmi8lb/rmodmi8lb.yft uses 16.9 MiB of virtual memory.
[resources:rmodmi8lb:] Asset rmodmi8lb/rmodmi8lb.ytd uses 22.0 MiB of physical memory.
[           resources] Started resource rmodmi8lb (3 warnings)
[           resources] Started resource ForestsOfSA_N
[           resources] Started resource ForestsOfSA_S
[           resources] Started resource GTAVRemastered
[           resources] Started resource MapFix
[    c-scripting-core] [0mCreating script environments for GameMode
[  resources:GameMode] Warning: could not find client_script `DropsManager.lua` (defined in fxmanifest.lua:7)
[           resources] Started resource GameMode (1 warning)
[           resources] Started resource loadingScreen
[    c-scripting-core] Creating script environments for connectionManager
[           resources] Started resource connectionManager
[           resources] Started resource removeDefaultHudItems
[           resources] [0mStarted resource basicHUD
[  script:mysql-async] [mysql-async] [ERROR] connect ETIMEDOUT
[   script:mapmanager] Started map fivem-map-hipster
[           resources] Started resource fivem-map-hipster
[ citizen-server-impl]         fff                          
[ citizen-server-impl]   cccc ff   xx  xx     rr rr    eee  
[ citizen-server-impl] cc     ffff   xx       rrr  r ee   e 
[ citizen-server-impl] cc     ff     xx   ... rr     eeeee  
[ citizen-server-impl]  ccccc ff   xx  xx ... rr      eeeee 
[ citizen-server-impl]                                      
[ citizen-server-impl] Authenticated with cfx.re Nucleus: https://kok-shreider-404-ozrxvr.users.cfx.re/
> txaEvent "adminsUpdated" "[]"
> txaReportResources
[      script:monitor] [txAdmin] Sending resources list to txAdmin.
> ensure "mysql-async"
[           resources] Stopping resource connectionManager
[           resources] Stopping resource mysql-async
[    c-scripting-core] Creating script environments for mysql-async
[           resources] Started resource mysql-async
[  script:mysql-async] [mysql-async] [SUCCESS] Database server connection established.
> txaReportResources
[      script:monitor] [txAdmin] Sending resources list to txAdmin.
> ensure "connectionManager"
[    c-scripting-core] Creating script environments for connectionManager
[           resources] Started resource connectionManager
> txaReportResources
[      script:monitor] [txAdmin] Sending resources list to txAdmin.
[      script:hardcap] Connecting: Shreider_404[0m
[  script:mysql-async] [MariaDB:10.4.24-MariaDB] [WARNING] [connectionManager] [176ms] INSERT INTO PlayersOnline (ip, steamid, NetId) VALUES (?, ?, ?) : ["ip:172.27.224.1","steam:110000111a53809",65536]
[script:connectionMan] [1] Shreider_404 joined!
[ citizen-server-impl] Server list query returned an error: System.Threading.Tasks.TaskCanceledException: A task was canceled. <- System.TimeoutException: A task was canceled. <- System.Threading.Tasks.TaskCanceledException: The request was canceled due to the configured HttpClient.Timeout of 30 seconds elapsing.
[      script:hardcap] Connecting: xKOKSUx
[script:connectionMan] [2] xKOKSUx joined!
[ citizen-server-impl] Server list query returned an error: System.Threading.Tasks.TaskCanceledException: A task was canceled. <- System.TimeoutException: A task was canceled. <- System.Threading.Tasks.TaskCanceledException: The request was canceled due to the configured HttpClient.Timeout of 30 seconds elapsing.
[ citizen-server-impl] Server list query returned an error: System.Threading.Tasks.TaskCanceledException: A task was canceled. <- System.TimeoutException: A task was canceled. <- System.Threading.Tasks.TaskCanceledException: The request was canceled due to the configured HttpClient.Timeout of 30 seconds elapsing.
[ citizen-server-impl] Server list query returned an error: System.Threading.Tasks.TaskCanceledException: A task was canceled. <- System.TimeoutException: A task was canceled. <- System.Threading.Tasks.TaskCanceledException: The request was canceled due to the configured HttpClient.Timeout of 30 seconds elapsing.
[ citizen-server-impl] Server list query returned an error: System.Threading.Tasks.TaskCanceledException: A task was canceled. <- System.TimeoutException: A task was canceled. <- System.Threading.Tasks.TaskCanceledException: The request was canceled due to the configured HttpClient.Timeout of 30 seconds elapsing.
[ citizen-server-impl] [91mServer list query returned an error: System.Threading.Tasks.TaskCanceledException: A task was canceled. <- System.TimeoutException: A task was canceled. <- System.Threading.Tasks.TaskCanceledException: The request was canceled due to the configured HttpClient.Timeout of 30 seconds elapsing.
[ citizen-server-impl] Server list query returned an error: System.Threading.Tasks.TaskCanceledException: A task was canceled. <- System.TimeoutException: A task was canceled. <- System.Threading.Tasks.TaskCanceledException: The request was canceled due to the configured HttpClient.Timeout of 30 seconds elapsing.
[ citizen-server-impl] Server list query returned an error: System.Threading.Tasks.TaskCanceledException: A task was canceled. <- System.TimeoutException: A task was canceled. <- System.Threading.Tasks.TaskCanceledException: The request was canceled due to the configured HttpClient.Timeout of 30 seconds elapsing.
[ citizen-server-impl] Server list query returned an error: System.Threading.Tasks.TaskCanceledException: A task was canceled. <- System.TimeoutException: A task was canceled. <- System.Threading.Tasks.TaskCanceledException: The request was canceled due to the configured HttpClient.Timeout of 30 seconds elapsing.
[ citizen-server-impl] Server list query returned an error: System.Threading.Tasks.TaskCanceledException: A task was canceled. <- System.TimeoutException: A task was canceled. <- System.Threading.Tasks.TaskCanceledException: The request was canceled due to the configured HttpClient.Timeout of 30 seconds elapsing.
[ citizen-server-impl] Server list query returned an error: System.Threading.Tasks.TaskCanceledException: A task was canceled. <- System.TimeoutException: A task was canceled. <- System.Threading.Tasks.TaskCanceledException: The request was canceled due to the configured HttpClient.Timeout of 30 seconds elapsing.
[ citizen-server-impl] Server list query returned an error: System.Threading.Tasks.TaskCanceledException: A task was canceled. <- System.TimeoutException: A task was canceled. <- System.Threading.Tasks.TaskCanceledException: The request was canceled due to the configured HttpClient.Timeout of 30 seconds elapsing.
[ citizen-server-impl] Server list query returned an error: System.Threading.Tasks.TaskCanceledException: A task was canceled. <- System.TimeoutException: A task was canceled. <- System.Threading.Tasks.TaskCanceledException: The request was canceled due to the configured HttpClient.Timeout of 30 seconds elapsing.
[ citizen-server-impl] Server list query returned an error: System.Threading.Tasks.TaskCanceledException: A task was canceled. <- System.TimeoutException: A task was canceled. <- System.Threading.Tasks.TaskCanceledException: The request was canceled due to the configured HttpClient.Timeout of 30 seconds elapsing.
[ citizen-server-impl] Server list query returned an error: System.Threading.Tasks.TaskCanceledException: A task was canceled. <- System.TimeoutException: A task was canceled. <- System.Threading.Tasks.TaskCanceledException: The request was canceled due to the configured HttpClient.Timeout of 30 seconds elapsing.
[ citizen-server-impl] Server list query returned an error: System.Threading.Tasks.TaskCanceledException: A task was canceled. <- System.TimeoutException: A task was canceled. <- System.Threading.Tasks.TaskCanceledException: The request was canceled due to the configured HttpClient.Timeout of 30 seconds elapsing.
[ citizen-server-impl] Server list query returned an error: System.Threading.Tasks.TaskCanceledException: A task was canceled. <- System.TimeoutException: A task was canceled. <- System.Threading.Tasks.TaskCanceledException: The request was canceled due to the configured HttpClient.Timeout of 30 seconds elapsing.
[ citizen-server-impl] Server list query returned an error: System.Threading.Tasks.TaskCanceledException: A task was canceled. <- System.TimeoutException: A task was canceled. <- System.Threading.Tasks.TaskCanceledException: The request was canceled due to the configured HttpClient.Timeout of 30 seconds elapsing.
[ citizen-server-impl] Server list query returned an error: System.Threading.Tasks.TaskCanceledException: A task was canceled. <- System.TimeoutException: A task was canceled. <- System.Threading.Tasks.TaskCanceledException: The request was canceled due to the configured HttpClient.Timeout of 30 seconds elapsing.
[script:connectionMan] [1] Shreider_404 left! (Exiting)
[ citizen-server-main] -> Quitting: SIGHUP received
[script:connectionMan] [2] xKOKSUx left! (Server shutting down: SIGHUP received)
