
================================================================
======== Log Rotated - 11/24/2023, 2:53:22 PM                   
================================================================

================================================================
======== FXServer Starting - 11/24/2023, 2:53:26 PM             
================================================================
[           resources] Scanning resources.
[38;5;83m[           resources] Found 43 resources.
[          svadhesive] Authenticating server license key...
[          svadhesive] Server license key authentication succeeded. Welcome!
[    c-scripting-core] Creating script environments for sessionmanager
[           resources] Started resource sessionmanager
[    c-scripting-core] Creating script environments for monitor
[      script:monitor] [txAdmin] Resource v6.0.2 threads and commands set up. All Ready.
[           resources] Started resource monitor
[    c-scripting-core] Creating script environments for mysql-async
[           resources] [0mStarted resource mysql-async
[    c-scripting-core] Creating script environments for pma-voice
[           resources] Started resource pma-voice
[    c-scripting-core] Creating script environments for mapmanager
[           resources] Started resource mapmanager
[    c-scripting-core] Creating script environments for yarn
[           resources] Started resource yarn
[    c-scripting-core] Creating script environments for webpack
[           resources] Started resource webpack
[    c-scripting-core] Creating script environments for chat
[           resources] Started resource chat
[           resources] Started resource spawnmanager
[   script:mapmanager] Started gametype Freeroam
[           resources] Started resource basic-gamemode
[    c-scripting-core] Creating script environments for hardcap
[           resources] Started resource hardcap
[    c-scripting-core] Creating script environments for manageMap
[           resources] Started resource manageMap
[resources:manageVehi] Warning: could not find client_script `mods.lua` (defined in fxmanifest.lua:7)
[resources:manageVehi] Warning: could not find client_script `config/*.lua` (defined in fxmanifest.lua:7)
[           resources] Started resource manageVehicles (2 warnings)
[           resources] Started resource manageWeapons
[           resources] Started resource playerManager
[           resources] Started resource AdminCommands
[           resources] Started resource Comamnds
[resources:CustomPeds] Asset CustomPeds/NATO_01.ytd uses 144.0 MiB of physical memory. Oversized assets can and WILL lead to streaming issues (such as models not loading/rendering).
[           resources] Started resource CustomPeds (1 warning)
[      resources:r820] Warning: could not find client_script `vehicle_names.lua` (defined in __resource.lua:17)
[      resources:r820] Warning: could not find file `dlctext.meta` (defined in __resource.lua:3)
[resources:r820:strea] Asset r820/r820.yft uses 18.9 MiB of virtual memory.
[resources:r820:strea] Asset r820/r820.ytd uses 78.0 MiB of physical memory. Oversized assets can and WILL lead to streaming issues (such as models not loading/rendering).
[resources:r820:strea] Asset r820/r820_hi.yft uses 18.9 MiB of virtual memory.
[           resources] Started resource r820 (5 warnings)
[ resources:rmodmi8lb] Warning: could not find file `vehiclelayouts.meta` (defined in __resource.lua:3)
[resources:rmodmi8lb:] Asset rmodmi8lb/rmodmi8lb.yft uses 16.9 MiB of virtual memory.
[resources:rmodmi8lb:] Asset rmodmi8lb/rmodmi8lb.ytd uses 22.0 MiB of physical memory.
[           resources] Started resource rmodmi8lb (3 warnings)
[           resources] Started resource ForestsOfSA_N
[           resources] Started resource ForestsOfSA_S
[           resources] Started resource GTAVRemastered
[           resources] Started resource MapFix
[    c-scripting-core] Creating script environments for GameMode
[  resources:GameMode] Warning: could not find client_script `GM_PVPON.lua` (defined in fxmanifest.lua:7)
[           resources] Started resource GameMode (1 warning)
[           resources] Started resource loadingScreen
[    c-scripting-core] Creating script environments for connectionManager
[           resources] Started resource connectionManager
[           resources] Started resource removeDefaultHudItems
[           resources] Started resource basicHUD
[  script:mysql-async] [mysql-async] [ERROR] connect ETIMEDOUT
[   script:mapmanager] Started map fivem-map-hipster
[           resources] Started resource fivem-map-hipster
[ citizen-server-impl]         fff                          
[ citizen-server-impl]   cccc ff   xx  xx     rr rr    eee  
[ citizen-server-impl] cc     ffff   xx       rrr  r ee   e 
[ citizen-server-impl] cc     ff     xx   ... rr     eeeee  
[ citizen-server-impl]  ccccc ff   xx  xx ... rr      eeeee 
[ citizen-server-impl]                                      
[ citizen-server-impl] Authenticated with cfx.re Nucleus: https://kok-shreider-404-ozrxvr.users.cfx.re/
[ citizen-server-main] -> Quitting: SIGHUP received

================================================================
======== FXServer Starting - 11/24/2023, 2:55:34 PM             
================================================================
[           resources] Scanning resources.
[           resources] Found 43 resources.
[          svadhesive] Authenticating server license key...
[          svadhesive] Server license key authentication succeeded. Welcome!
[    c-scripting-core] Creating script environments for sessionmanager
[           resources] Started resource sessionmanager
[    c-scripting-core] Creating script environments for monitor
[      script:monitor] [txAdmin] Resource v6.0.2 threads and commands set up. All Ready.
[           resources] [0mStarted resource monitor
[    c-scripting-core] Creating script environments for mysql-async
[           resources] [97mStarted resource mysql-async
[    c-scripting-core] [0mCreating script environments for pma-voice
[           resources] [97mStarted resource pma-voice
[    c-scripting-core] Creating script environments for mapmanager
[           resources] Started resource mapmanager
[    c-scripting-core] Creating script environments for yarn
[           resources] Started resource yarn
[    c-scripting-core] Creating script environments for webpack
[           resources] Started resource webpack
[    c-scripting-core] Creating script environments for chat
[           resources] Started resource chat
[           resources] Started resource spawnmanager
[   script:mapmanager] Started gametype Freeroam
[           resources] Started resource basic-gamemode
[    c-scripting-core] Creating script environments for hardcap
[           resources] Started resource hardcap
[    c-scripting-core] Creating script environments for manageMap
[           resources] Started resource manageMap
[resources:manageVehi] Warning: could not find client_script `mods.lua` (defined in fxmanifest.lua:7)
[resources:manageVehi] Warning: could not find client_script `config/*.lua` (defined in fxmanifest.lua:7)
[           resources] Started resource manageVehicles (2 warnings)
[           resources] Started resource manageWeapons
[           resources] Started resource playerManager
[           resources] Started resource AdminCommands
[           resources] Started resource Comamnds
[resources:CustomPeds] Asset CustomPeds/NATO_01.ytd uses 144.0 MiB of physical memory. Oversized assets can and WILL lead to streaming issues (such as models not loading/rendering).
[           resources] Started resource CustomPeds (1 warning)
[      resources:r820] Warning: could not find client_script `vehicle_names.lua` (defined in __resource.lua:17)
[      resources:r820] Warning: could not find file `dlctext.meta` (defined in __resource.lua:3)
[resources:r820:strea] Asset r820/r820.yft uses 18.9 MiB of virtual memory.
[resources:r820:strea] Asset r820/r820.ytd uses 78.0 MiB of physical memory. Oversized assets can and WILL lead to streaming issues (such as models not loading/rendering).
[resources:r820:strea] Asset r820/r820_hi.yft uses 18.9 MiB of virtual memory.
[           resources] Started resource r820 (5 warnings)
[ resources:rmodmi8lb] Warning: could not find file `vehiclelayouts.meta` (defined in __resource.lua:3)
[resources:rmodmi8lb:] Asset rmodmi8lb/rmodmi8lb.yft uses 16.9 MiB of virtual memory.
[resources:rmodmi8lb:] Asset rmodmi8lb/rmodmi8lb.ytd uses 22.0 MiB of physical memory.
[           resources] Started resource rmodmi8lb (3 warnings)
[           resources] Started resource ForestsOfSA_N
[           resources] Started resource ForestsOfSA_S
[           resources] Started resource GTAVRemastered
[           resources] Started resource MapFix
[    c-scripting-core] Creating script environments for GameMode
[  resources:GameMode] Warning: could not find client_script `GM_PVPON.lua` (defined in fxmanifest.lua:7)
[           resources] Started resource GameMode (1 warning)
[           resources] Started resource loadingScreen
[    c-scripting-core] Creating script environments for connectionManager
[           resources] Started resource connectionManager
[           resources] Started resource removeDefaultHudItems
[           resources] Started resource basicHUD
[  script:mysql-async] [mysql-async] [SUCCESS][0m Database server connection established.
[   script:mapmanager] Started map fivem-map-hipster
[           resources] Started resource fivem-map-hipster
[ citizen-server-impl]         fff                          
[ citizen-server-impl]   cccc ff   xx  xx     rr rr    eee  
[ citizen-server-impl] cc     ffff   xx       rrr  r ee   e 
[ citizen-server-impl] cc     ff     xx   ... rr     eeeee  
[ citizen-server-impl]  ccccc ff   xx  xx ... rr      eeeee 
[ citizen-server-impl]                                      
[ citizen-server-impl] Authenticated with cfx.re Nucleus: https://kok-shreider-404-ozrxvr.users.cfx.re/
[      script:hardcap] Connecting: Shreider_404
[script:connectionMan] [1] Shreider_404 joined!
[ citizen-server-impl] Server list query returned an error: System.Threading.Tasks.TaskCanceledException: A task was canceled. <- System.TimeoutException: A task was canceled. <- System.Threading.Tasks.TaskCanceledException: The request was canceled due to the configured HttpClient.Timeout of 30 seconds elapsing.
[    c-scripting-core] InvokeNative: execution failed: Argument at index 1 was null.
[     script:GameMode] SCRIPT ERROR: Execution of native 000000002f7a49e6 in script host failed: Argument at index 1 was null.
[     script:GameMode] > [global chunk] (TriggerClientEventInternal.lua:3)
[     script:GameMode] > handler (@GameMode/DropsManager_server.lua:9)
[ citizen-server-impl] Server list query returned an error: System.Threading.Tasks.TaskCanceledException: A task was canceled. <- System.TimeoutException: A task was canceled. <- System.Threading.Tasks.TaskCanceledException: The request was canceled due to the configured HttpClient.Timeout of 30 seconds elapsing.
[ citizen-server-impl] Server list query returned an error: System.Threading.Tasks.TaskCanceledException: A task was canceled. <- System.TimeoutException: A task was canceled. <- System.Threading.Tasks.TaskCanceledException: The request was canceled due to the configured HttpClient.Timeout of 30 seconds elapsing.
[ citizen-server-impl] Server list query returned an error: System.Threading.Tasks.TaskCanceledException: A task was canceled. <- System.TimeoutException: A task was canceled. <- System.Threading.Tasks.TaskCanceledException: The request was canceled due to the configured HttpClient.Timeout of 30 seconds elapsing.
[ citizen-server-impl] Server list query returned an error: System.Threading.Tasks.TaskCanceledException: A task was canceled. <- System.TimeoutException: A task was canceled. <- System.Threading.Tasks.TaskCanceledException: The request was canceled due to the configured HttpClient.Timeout of 30 seconds elapsing.
[ citizen-server-impl] Server list query returned an error: System.Threading.Tasks.TaskCanceledException: A task was canceled. <- System.TimeoutException: A task was canceled. <- System.Threading.Tasks.TaskCanceledException: The request was canceled due to the configured HttpClient.Timeout of 30 seconds elapsing.
[     script:GameMode] SCRIPT ERROR: @GameMode/DropsManager_server.lua:18: bad argument #1 to 'remove' (position out of bounds)
[     script:GameMode] > handler (@GameMode/DropsManager_server.lua:18)
[ citizen-server-impl] Server list query returned an error: System.Threading.Tasks.TaskCanceledException: A task was canceled. <- System.TimeoutException: A task was canceled. <- System.Threading.Tasks.TaskCanceledException: The request was canceled due to the configured HttpClient.Timeout of 30 seconds elapsing.
[ citizen-server-impl] Server list query returned an error: System.Threading.Tasks.TaskCanceledException: A task was canceled. <- System.TimeoutException: A task was canceled. <- System.Threading.Tasks.TaskCanceledException: The request was canceled due to the configured HttpClient.Timeout of 30 seconds elapsing.
[ citizen-server-impl] Server list query returned an error: System.Threading.Tasks.TaskCanceledException: A task was canceled. <- System.TimeoutException: A task was canceled. <- System.Threading.Tasks.TaskCanceledException: The request was canceled due to the configured HttpClient.Timeout of 30 seconds elapsing.
[ citizen-server-impl] Server list query returned an error: System.Threading.Tasks.TaskCanceledException: A task was canceled. <- System.TimeoutException: A task was canceled. <- System.Threading.Tasks.TaskCanceledException: The request was canceled due to the configured HttpClient.Timeout of 30 seconds elapsing.
[ citizen-server-impl] Server list query returned an error: System.Threading.Tasks.TaskCanceledException: A task was canceled. <- System.TimeoutException: A task was canceled. <- System.Threading.Tasks.TaskCanceledException: The request was canceled due to the configured HttpClient.Timeout of 30 seconds elapsing.
[ citizen-server-impl] Server list query returned an error: System.Threading.Tasks.TaskCanceledException: A task was canceled. <- System.TimeoutException: A task was canceled. <- System.Threading.Tasks.TaskCanceledException: The request was canceled due to the configured HttpClient.Timeout of 30 seconds elapsing.
[     script:GameMode] 1	ala
[     script:GameMode] 2	ma,
[     script:GameMode] 3	kota
[ citizen-server-impl] Server list query returned an error: System.Threading.Tasks.TaskCanceledException: A task was canceled. <- System.TimeoutException: A task was canceled. <- System.Threading.Tasks.TaskCanceledException: The request was canceled due to the configured HttpClient.Timeout of 30 seconds elapsing.
[     script:GameMode] ["ala","ma","kota"]
[     script:GameMode] ["ma","kota"]
[ citizen-server-impl] Server list query returned an error: System.Threading.Tasks.TaskCanceledException: A task was canceled. <- System.TimeoutException: A task was canceled. <- System.Threading.Tasks.TaskCanceledException: The request was canceled due to the configured HttpClient.Timeout of 30 seconds elapsing.
[ citizen-server-impl] Server list query returned an error: System.Threading.Tasks.TaskCanceledException: A task was canceled. <- System.TimeoutException: A task was canceled. <- System.Threading.Tasks.TaskCanceledException: The request was canceled due to the configured HttpClient.Timeout of 30 seconds elapsing.
[ citizen-server-impl] Server list query returned an error: System.Threading.Tasks.TaskCanceledException: A task was canceled. <- System.TimeoutException: A task was canceled. <- System.Threading.Tasks.TaskCanceledException: The request was canceled due to the configured HttpClient.Timeout of 30 seconds elapsing.
[     script:GameMode] 1	54018
[     script:GameMode] server true
[ citizen-server-impl] Server list query returned an error: System.Threading.Tasks.TaskCanceledException: A task was canceled. <- System.TimeoutException: A task was canceled. <- System.Threading.Tasks.TaskCanceledException: The request was canceled due to the configured HttpClient.Timeout of 30 seconds elapsing.
[     script:GameMode] 1	10
[     script:GameMode] 2	11
[     script:GameMode] 3	12
[     script:GameMode] 4	13
[     script:GameMode] 5	14
[     script:GameMode] 6	15
[     script:GameMode] 1	10
[     script:GameMode] 2	11
[     script:GameMode] 3	12
[     script:GameMode] 4	13
[     script:GameMode] 5	14
[     script:GameMode] 6	15
[     script:GameMode] 1	10
[     script:GameMode] 2	11
[     script:GameMode] 3	12
[     script:GameMode] 4	13
[     script:GameMode] 5	14
[     script:GameMode] 6	15
[ citizen-server-impl] Server list query returned an error: System.Threading.Tasks.TaskCanceledException: A task was canceled. <- System.TimeoutException: A task was canceled. <- System.Threading.Tasks.TaskCanceledException: The request was canceled due to the configured HttpClient.Timeout of 30 seconds elapsing.
[     script:GameMode] 1	10
[     script:GameMode] 2	11
[     script:GameMode] 3	12
[     script:GameMode] 4	13
[     script:GameMode] 5	14
[     script:GameMode] 6	15
[     script:GameMode] 1	10
[     script:GameMode] 2	11
[     script:GameMode] 3	12
[     script:GameMode] 4	13
[     script:GameMode] 5	14
[     script:GameMode] 6	15
[     script:GameMode] 1	10
[     script:GameMode] 2	11
[     script:GameMode] 3	12
[     script:GameMode] 4	13
[     script:GameMode] 5	14
[     script:GameMode] 6	15
[     script:GameMode] 1	10
[     script:GameMode] 2	11
[     script:GameMode] 3	12
[     script:GameMode] 4	13
[     script:GameMode] 5	14
[     script:GameMode] 6	15
[ citizen-server-impl] Server list query returned an error: System.Threading.Tasks.TaskCanceledException: A task was canceled. <- System.TimeoutException: A task was canceled. <- System.Threading.Tasks.TaskCanceledException: The request was canceled due to the configured HttpClient.Timeout of 30 seconds elapsing.
[     script:GameMode] 1	10
[     script:GameMode] 2	11
[     script:GameMode] 3	12
[     script:GameMode] 4	13
[     script:GameMode] 5	14
[     script:GameMode] 6	15
[     script:GameMode] 1	10
[     script:GameMode] 2	11
[     script:GameMode] 3	12
[     script:GameMode] 4	13
[     script:GameMode] 13	 do usunięcia
[     script:GameMode] 5	14
[     script:GameMode] 6	15
[     script:GameMode] 1	10
[     script:GameMode] 2	11
[     script:GameMode] 3	12
[     script:GameMode] 4	13
[     script:GameMode] 4	true
[     script:GameMode] 5	14
[     script:GameMode] 6	15
[     script:GameMode] 1	10
[     script:GameMode] 2	11
[     script:GameMode] 3	12
[     script:GameMode] 4	13
[     script:GameMode] 4	true
[     script:GameMode] 1	10
[     script:GameMode] 2	11
[     script:GameMode] 3	12
[     script:GameMode] 4	13
[     script:GameMode] 1	66050
[script:connectionMan] [1] Shreider_404 left! (Exiting)
[ citizen-server-impl] Server list query returned an error: System.Threading.Tasks.TaskCanceledException: A task was canceled. <- System.TimeoutException: A task was canceled. <- System.Threading.Tasks.TaskCanceledException: The request was canceled due to the configured HttpClient.Timeout of 30 seconds elapsing.
[ citizen-server-impl] server thread hitch warning: timer interval of 168 milliseconds
[      script:hardcap] Connecting: Shreider_404
[script:connectionMan] [2] Shreider_404 joined!
[ citizen-server-impl] Server list query returned an error: System.Threading.Tasks.TaskCanceledException: A task was canceled. <- System.TimeoutException: A task was canceled. <- System.Threading.Tasks.TaskCanceledException: The request was canceled due to the configured HttpClient.Timeout of 30 seconds elapsing.
[ citizen-server-impl] sync thread hitch warning: timer interval of 188 milliseconds
[ citizen-server-impl] server thread hitch warning: timer interval of 166 milliseconds
[ citizen-server-impl] sync thread hitch warning: timer interval of 188 milliseconds
[ citizen-server-impl] server thread hitch warning: timer interval of 208 milliseconds
[ citizen-server-impl] sync thread hitch warning: timer interval of 223 milliseconds
[ citizen-server-impl] server thread hitch warning: timer interval of 264 milliseconds
[ citizen-server-impl] sync thread hitch warning: timer interval of 119 milliseconds
[ citizen-server-impl] sync thread hitch warning: timer interval of 163 milliseconds
[ citizen-server-impl] server thread hitch warning: timer interval of 198 milliseconds
[ citizen-server-impl] sync thread hitch warning: timer interval of 187 milliseconds
[ citizen-server-impl] server thread hitch warning: timer interval of 181 milliseconds
[ citizen-server-impl] server thread hitch warning: timer interval of 159 milliseconds
[ citizen-server-impl] sync thread hitch warning: timer interval of 110 milliseconds
[      script:hardcap] Connecting: Shreider_404
[script:connectionMan] [3] Shreider_404 joined!
[ citizen-server-impl] Server list query returned an error: System.Threading.Tasks.TaskCanceledException: A task was canceled. <- System.TimeoutException: A task was canceled. <- System.Threading.Tasks.TaskCanceledException: The request was canceled due to the configured HttpClient.Timeout of 30 seconds elapsing.
[     script:GameMode] 1	1282
[ citizen-server-impl] Server list query returned an error: System.Threading.Tasks.TaskCanceledException: A task was canceled. <- System.TimeoutException: A task was canceled. <- System.Threading.Tasks.TaskCanceledException: The request was canceled due to the configured HttpClient.Timeout of 30 seconds elapsing.
[     script:GameMode] 1	6146
[     script:GameMode] 1	6914
[script:connectionMan] [3] Shreider_404 left! (Exiting)
[ citizen-server-impl] Server list query returned an error: System.Threading.Tasks.TaskCanceledException: A task was canceled. <- System.TimeoutException: A task was canceled. <- System.Threading.Tasks.TaskCanceledException: The request was canceled due to the configured HttpClient.Timeout of 30 seconds elapsing.
[      script:hardcap] Connecting: Shreider_404
[script:connectionMan] [4] Shreider_404 joined!
[ citizen-server-impl] Server list query returned an error: System.Threading.Tasks.TaskCanceledException: A task was canceled. <- System.TimeoutException: A task was canceled. <- System.Threading.Tasks.TaskCanceledException: The request was canceled due to the configured HttpClient.Timeout of 30 seconds elapsing.
[ citizen-server-impl] Server list query returned an error: System.Threading.Tasks.TaskCanceledException: A task was canceled. <- System.TimeoutException: A task was canceled. <- System.Threading.Tasks.TaskCanceledException: The request was canceled due to the configured HttpClient.Timeout of 30 seconds elapsing.
[     script:GameMode] 1	15106
[     script:GameMode] 1	15362
[script:connectionMan] [4] Shreider_404 left! (Exiting)
[script:connectionMan] [2] Shreider_404 left! (Exiting)
[ citizen-server-impl] Server list query returned an error: System.Threading.Tasks.TaskCanceledException: A task was canceled. <- System.TimeoutException: A task was canceled. <- System.Threading.Tasks.TaskCanceledException: The request was canceled due to the configured HttpClient.Timeout of 30 seconds elapsing.
[ citizen-server-impl] Server list query returned an error: System.Threading.Tasks.TaskCanceledException: A task was canceled. <- System.TimeoutException: A task was canceled. <- System.Threading.Tasks.TaskCanceledException: The request was canceled due to the configured HttpClient.Timeout of 30 seconds elapsing.
[ citizen-server-impl] Server list query returned an error: System.Threading.Tasks.TaskCanceledException: A task was canceled. <- System.TimeoutException: A task was canceled. <- System.Threading.Tasks.TaskCanceledException: The request was canceled due to the configured HttpClient.Timeout of 30 seconds elapsing.
[ citizen-server-impl] [91mServer list query returned an error: System.Threading.Tasks.TaskCanceledException: A task was canceled. <- System.TimeoutException: A task was canceled. <- System.Threading.Tasks.TaskCanceledException: The request was canceled due to the configured HttpClient.Timeout of 30 seconds elapsing.
[ citizen-server-impl] Server list query returned an error: System.Threading.Tasks.TaskCanceledException: A task was canceled. <- System.TimeoutException: A task was canceled. <- System.Threading.Tasks.TaskCanceledException: The request was canceled due to the configured HttpClient.Timeout of 30 seconds elapsing.
[ citizen-server-impl] Server list query returned an error: System.Threading.Tasks.TaskCanceledException: A task was canceled. <- System.TimeoutException: A task was canceled. <- System.Threading.Tasks.TaskCanceledException: The request was canceled due to the configured HttpClient.Timeout of 30 seconds elapsing.
[ citizen-server-impl] Server list query returned an error: System.Threading.Tasks.TaskCanceledException: A task was canceled. <- System.TimeoutException: A task was canceled. <- System.Threading.Tasks.TaskCanceledException: The request was canceled due to the configured HttpClient.Timeout of 30 seconds elapsing.
[ citizen-server-impl] Server list query returned an error: System.Threading.Tasks.TaskCanceledException: A task was canceled. <- System.TimeoutException: A task was canceled. <- System.Threading.Tasks.TaskCanceledException: The request was canceled due to the configured HttpClient.Timeout of 30 seconds elapsing.
[ citizen-server-impl] Server list query returned an error: System.Threading.Tasks.TaskCanceledException: A task was canceled. <- System.TimeoutException: A task was canceled. <- System.Threading.Tasks.TaskCanceledException: The request was canceled due to the configured HttpClient.Timeout of 30 seconds elapsing.
[ citizen-server-impl] Server list query returned an error: System.Threading.Tasks.TaskCanceledException: A task was canceled. <- System.TimeoutException: A task was canceled. <- System.Threading.Tasks.TaskCanceledException: The request was canceled due to the configured HttpClient.Timeout of 30 seconds elapsing.
[ citizen-server-impl] Server list query returned an error: System.Threading.Tasks.TaskCanceledException: A task was canceled. <- System.TimeoutException: A task was canceled. <- System.Threading.Tasks.TaskCanceledException: The request was canceled due to the configured HttpClient.Timeout of 30 seconds elapsing.
[ citizen-server-impl] Server list query returned an error: System.Threading.Tasks.TaskCanceledException: A task was canceled. <- System.TimeoutException: A task was canceled. <- System.Threading.Tasks.TaskCanceledException: The request was canceled due to the configured HttpClient.Timeout of 30 seconds elapsing.
[ citizen-server-impl] Server list query returned an error: System.Threading.Tasks.TaskCanceledException: A task was canceled. <- System.TimeoutException: A task was canceled. <- System.Threading.Tasks.TaskCanceledException: The request was canceled due to the configured HttpClient.Timeout of 30 seconds elapsing.
[ citizen-server-impl] Server list query returned an error: System.Threading.Tasks.TaskCanceledException: A task was canceled. <- System.TimeoutException: A task was canceled. <- System.Threading.Tasks.TaskCanceledException: The request was canceled due to the configured HttpClient.Timeout of 30 seconds elapsing.
[ citizen-server-impl] Server list query returned an error: System.Threading.Tasks.TaskCanceledException: A task was canceled. <- System.TimeoutException: A task was canceled. <- System.Threading.Tasks.TaskCanceledException: The request was canceled due to the configured HttpClient.Timeout of 30 seconds elapsing.
[ citizen-server-impl] Server list query returned an error: System.Threading.Tasks.TaskCanceledException: A task was canceled. <- System.TimeoutException: A task was canceled. <- System.Threading.Tasks.TaskCanceledException: The request was canceled due to the configured HttpClient.Timeout of 30 seconds elapsing.
[ citizen-server-impl] Server list query returned an error: System.Threading.Tasks.TaskCanceledException: A task was canceled. <- System.TimeoutException: A task was canceled. <- System.Threading.Tasks.TaskCanceledException: The request was canceled due to the configured HttpClient.Timeout of 30 seconds elapsing.
[      script:hardcap] Connecting: Shreider_404
[script:connectionMan] [5] Shreider_404 joined!
[ citizen-server-impl] Server list query returned an error: System.Threading.Tasks.TaskCanceledException: A task was canceled. <- System.TimeoutException: A task was canceled. <- System.Threading.Tasks.TaskCanceledException: The request was canceled due to the configured HttpClient.Timeout of 30 seconds elapsing.
[ citizen-server-impl] Server list query returned an error: System.Threading.Tasks.TaskCanceledException: A task was canceled. <- System.TimeoutException: A task was canceled. <- System.Threading.Tasks.TaskCanceledException: The request was canceled due to the configured HttpClient.Timeout of 30 seconds elapsing.
[ citizen-server-impl] Server list query returned an error: System.Threading.Tasks.TaskCanceledException: A task was canceled. <- System.TimeoutException: A task was canceled. <- System.Threading.Tasks.TaskCanceledException: The request was canceled due to the configured HttpClient.Timeout of 30 seconds elapsing.
[ citizen-server-impl] Server list query returned an error: System.Threading.Tasks.TaskCanceledException: A task was canceled. <- System.TimeoutException: A task was canceled. <- System.Threading.Tasks.TaskCanceledException: The request was canceled due to the configured HttpClient.Timeout of 30 seconds elapsing.
[ citizen-server-impl] Server list query returned an error: System.Threading.Tasks.TaskCanceledException: A task was canceled. <- System.TimeoutException: A task was canceled. <- System.Threading.Tasks.TaskCanceledException: The request was canceled due to the configured HttpClient.Timeout of 30 seconds elapsing.
[ citizen-server-impl] Server list query returned an error: System.Threading.Tasks.TaskCanceledException: A task was canceled. <- System.TimeoutException: A task was canceled. <- System.Threading.Tasks.TaskCanceledException: The request was canceled due to the configured HttpClient.Timeout of 30 seconds elapsing.
[ citizen-server-impl] Server list query returned an error: System.Threading.Tasks.TaskCanceledException: A task was canceled. <- System.TimeoutException: A task was canceled. <- System.Threading.Tasks.TaskCanceledException: The request was canceled due to the configured HttpClient.Timeout of 30 seconds elapsing.
[ citizen-server-impl] Server list query returned an error: System.Threading.Tasks.TaskCanceledException: A task was canceled. <- System.TimeoutException: A task was canceled. <- System.Threading.Tasks.TaskCanceledException: The request was canceled due to the configured HttpClient.Timeout of 30 seconds elapsing.
[ citizen-server-impl] Server list query returned an error: System.Threading.Tasks.TaskCanceledException: A task was canceled. <- System.TimeoutException: A task was canceled. <- System.Threading.Tasks.TaskCanceledException: The request was canceled due to the configured HttpClient.Timeout of 30 seconds elapsing.
[ citizen-server-impl] Server list query returned an error: System.Threading.Tasks.TaskCanceledException: A task was canceled. <- System.TimeoutException: A task was canceled. <- System.Threading.Tasks.TaskCanceledException: The request was canceled due to the configured HttpClient.Timeout of 30 seconds elapsing.
[ citizen-server-impl] Server list query returned an error: System.Threading.Tasks.TaskCanceledException: A task was canceled. <- System.TimeoutException: A task was canceled. <- System.Threading.Tasks.TaskCanceledException: The request was canceled due to the configured HttpClient.Timeout of 30 seconds elapsing.
[ citizen-server-impl] Server list query returned an error: System.Threading.Tasks.TaskCanceledException: A task was canceled. <- System.TimeoutException: A task was canceled. <- System.Threading.Tasks.TaskCanceledException: The request was canceled due to the configured HttpClient.Timeout of 30 seconds elapsing.
[ citizen-server-impl] Server list query returned an error: System.Threading.Tasks.TaskCanceledException: A task was canceled. <- System.TimeoutException: A task was canceled. <- System.Threading.Tasks.TaskCanceledException: The request was canceled due to the configured HttpClient.Timeout of 30 seconds elapsing.
[ citizen-server-impl] Server list query returned an error: System.Threading.Tasks.TaskCanceledException: A task was canceled. <- System.TimeoutException: A task was canceled. <- System.Threading.Tasks.TaskCanceledException: The request was canceled due to the configured HttpClient.Timeout of 30 seconds elapsing.
[ citizen-server-impl] sync thread hitch warning: timer interval of 111 milliseconds
[ citizen-server-impl] sync thread hitch warning: timer interval of 152 milliseconds
[ citizen-server-impl] sync thread hitch warning: timer interval of 164 milliseconds
[ citizen-server-impl] server thread hitch warning: timer interval of 239 milliseconds
[ citizen-server-impl] sync thread hitch warning: timer interval of 105 milliseconds
[      script:hardcap] Connecting: Shreider_404
[script:connectionMan] [6] Shreider_404 joined!
[ citizen-server-impl] Server list query returned an error: System.Threading.Tasks.TaskCanceledException: A task was canceled. <- System.TimeoutException: A task was canceled. <- System.Threading.Tasks.TaskCanceledException: The request was canceled due to the configured HttpClient.Timeout of 30 seconds elapsing.
[script:connectionMan] [6] Shreider_404 left! (Exiting)
[ citizen-server-impl] Server list query returned an error: System.Threading.Tasks.TaskCanceledException: A task was canceled. <- System.TimeoutException: A task was canceled. <- System.Threading.Tasks.TaskCanceledException: The request was canceled due to the configured HttpClient.Timeout of 30 seconds elapsing.
[ citizen-server-impl] Server list query returned an error: System.Threading.Tasks.TaskCanceledException: A task was canceled. <- System.TimeoutException: A task was canceled. <- System.Threading.Tasks.TaskCanceledException: The request was canceled due to the configured HttpClient.Timeout of 30 seconds elapsing.
[ citizen-server-impl] Server list query returned an error: System.Threading.Tasks.TaskCanceledException: A task was canceled. <- System.TimeoutException: A task was canceled. <- System.Threading.Tasks.TaskCanceledException: The request was canceled due to the configured HttpClient.Timeout of 30 seconds elapsing.
[     script:GameMode] SCRIPT ERROR: @GameMode/DropsManager_s.lua:4: attempt to call a nil value (global 'PlayerPedId')
[     script:GameMode] > handler (@GameMode/DropsManager_s.lua:4)
[     script:GameMode] SCRIPT ERROR: @GameMode/DropsManager_s.lua:4: attempt to index a nil value (local 'coords')
[     script:GameMode] > handler (@GameMode/DropsManager_s.lua:4)
[ citizen-server-impl] Server list query returned an error: System.Threading.Tasks.TaskCanceledException: A task was canceled. <- System.TimeoutException: A task was canceled. <- System.Threading.Tasks.TaskCanceledException: The request was canceled due to the configured HttpClient.Timeout of 30 seconds elapsing.
[      script:hardcap] Connecting: Shreider_404
[script:connectionMan] [7] Shreider_404 joined!
[ citizen-server-impl] Server list query returned an error: System.Threading.Tasks.TaskCanceledException: A task was canceled. <- System.TimeoutException: A task was canceled. <- System.Threading.Tasks.TaskCanceledException: The request was canceled due to the configured HttpClient.Timeout of 30 seconds elapsing.
[script:connectionMan] [7] Shreider_404 left! (Exiting)
[ citizen-server-impl] Server list query returned an error: System.Threading.Tasks.TaskCanceledException: A task was canceled. <- System.TimeoutException: A task was canceled. <- System.Threading.Tasks.TaskCanceledException: The request was canceled due to the configured HttpClient.Timeout of 30 seconds elapsing.
[ citizen-server-impl] Server list query returned an error: System.Threading.Tasks.TaskCanceledException: A task was canceled. <- System.TimeoutException: A task was canceled. <- System.Threading.Tasks.TaskCanceledException: The request was canceled due to the configured HttpClient.Timeout of 30 seconds elapsing.
[ citizen-server-impl] Server list query returned an error: System.Threading.Tasks.TaskCanceledException: A task was canceled. <- System.TimeoutException: A task was canceled. <- System.Threading.Tasks.TaskCanceledException: The request was canceled due to the configured HttpClient.Timeout of 30 seconds elapsing.
[ citizen-server-impl] Server list query returned an error: System.Threading.Tasks.TaskCanceledException: A task was canceled. <- System.TimeoutException: A task was canceled. <- System.Threading.Tasks.TaskCanceledException: The request was canceled due to the configured HttpClient.Timeout of 30 seconds elapsing.
[      script:hardcap] Connecting: Shreider_404
[script:connectionMan] [8] Shreider_404 joined!
[ citizen-server-impl] Server list query returned an error: System.Threading.Tasks.TaskCanceledException: A task was canceled. <- System.TimeoutException: A task was canceled. <- System.Threading.Tasks.TaskCanceledException: The request was canceled due to the configured HttpClient.Timeout of 30 seconds elapsing.
[script:connectionMan] [8] Shreider_404 left! (Exiting)
[ citizen-server-impl] Server list query returned an error: System.Threading.Tasks.TaskCanceledException: A task was canceled. <- System.TimeoutException: A task was canceled. <- System.Threading.Tasks.TaskCanceledException: The request was canceled due to the configured HttpClient.Timeout of 30 seconds elapsing.
[ citizen-server-impl] Server list query returned an error: System.Threading.Tasks.TaskCanceledException: A task was canceled. <- System.TimeoutException: A task was canceled. <- System.Threading.Tasks.TaskCanceledException: The request was canceled due to the configured HttpClient.Timeout of 30 seconds elapsing.
[script:connectionMan] [5] Shreider_404 left! (Exiting)
[ citizen-server-impl] Server list query returned an error: System.Threading.Tasks.TaskCanceledException: A task was canceled. <- System.TimeoutException: A task was canceled. <- System.Threading.Tasks.TaskCanceledException: The request was canceled due to the configured HttpClient.Timeout of 30 seconds elapsing.
[      script:hardcap] Connecting: Shreider_404[0m
[script:connectionMan] [9] Shreider_404 joined!
[ citizen-server-impl] Server list query returned an error: System.Threading.Tasks.TaskCanceledException: A task was canceled. <- System.TimeoutException: A task was canceled. <- System.Threading.Tasks.TaskCanceledException: The request was canceled due to the configured HttpClient.Timeout of 30 seconds elapsing.
[ citizen-server-impl] sync thread hitch warning: timer interval of 116 milliseconds
[ citizen-server-impl] server thread hitch warning: timer interval of 168 milliseconds
[ citizen-server-impl] sync thread hitch warning: timer interval of 204 milliseconds
[ citizen-server-impl] server thread hitch warning: timer interval of 272 milliseconds
[ citizen-server-impl] server thread hitch warning: timer interval of 153 milliseconds
[ citizen-server-impl] sync thread hitch warning: timer interval of 106 milliseconds
[ citizen-server-impl] server thread hitch warning: timer interval of 165 milliseconds
[ citizen-server-impl] sync thread hitch warning: timer interval of 117 milliseconds
[      script:hardcap] Connecting: Shreider_404
[script:connectionMan] [10] Shreider_404 joined!
[ citizen-server-impl] Server list query returned an error: System.Threading.Tasks.TaskCanceledException: A task was canceled. <- System.TimeoutException: A task was canceled. <- System.Threading.Tasks.TaskCanceledException: The request was canceled due to the configured HttpClient.Timeout of 30 seconds elapsing.
[script:connectionMan] [10] Shreider_404 left! (Exiting)
[ citizen-server-impl] Server list query returned an error: System.Threading.Tasks.TaskCanceledException: A task was canceled. <- System.TimeoutException: A task was canceled. <- System.Threading.Tasks.TaskCanceledException: The request was canceled due to the configured HttpClient.Timeout of 30 seconds elapsing.
[ citizen-server-impl] Server list query returned an error: System.Threading.Tasks.TaskCanceledException: A task was canceled. <- System.TimeoutException: A task was canceled. <- System.Threading.Tasks.TaskCanceledException: The request was canceled due to the configured HttpClient.Timeout of 30 seconds elapsing.
[ citizen-server-impl] Server list query returned an error: System.Threading.Tasks.TaskCanceledException: A task was canceled. <- System.TimeoutException: A task was canceled. <- System.Threading.Tasks.TaskCanceledException: The request was canceled due to the configured HttpClient.Timeout of 30 seconds elapsing.
[ citizen-server-impl] Server list query returned an error: System.Threading.Tasks.TaskCanceledException: A task was canceled. <- System.TimeoutException: A task was canceled. <- System.Threading.Tasks.TaskCanceledException: The request was canceled due to the configured HttpClient.Timeout of 30 seconds elapsing.
[ citizen-server-impl] Server list query returned an error: System.Threading.Tasks.TaskCanceledException: A task was canceled. <- System.TimeoutException: A task was canceled. <- System.Threading.Tasks.TaskCanceledException: The request was canceled due to the configured HttpClient.Timeout of 30 seconds elapsing.
[ citizen-server-impl] Server list query returned an error: System.Threading.Tasks.TaskCanceledException: A task was canceled. <- System.TimeoutException: A task was canceled. <- System.Threading.Tasks.TaskCanceledException: The request was canceled due to the configured HttpClient.Timeout of 30 seconds elapsing.
[ citizen-server-impl] Server list query returned an error: System.Threading.Tasks.TaskCanceledException: A task was canceled. <- System.TimeoutException: A task was canceled. <- System.Threading.Tasks.TaskCanceledException: The request was canceled due to the configured HttpClient.Timeout of 30 seconds elapsing.
[ citizen-server-impl] Server list query returned an error: System.Threading.Tasks.TaskCanceledException: A task was canceled. <- System.TimeoutException: A task was canceled. <- System.Threading.Tasks.TaskCanceledException: The request was canceled due to the configured HttpClient.Timeout of 30 seconds elapsing.
[      script:hardcap] Connecting: Shreider_404
[script:connectionMan] [11] Shreider_404 joined!
[ citizen-server-impl] [0mServer list query returned an error: System.Threading.Tasks.TaskCanceledException: A task was canceled. <- System.TimeoutException: A task was canceled. <- System.Threading.Tasks.TaskCanceledException: The request was canceled due to the configured HttpClient.Timeout of 30 seconds elapsing.
[         script:chat] Shreider_404: game-start
[ citizen-server-impl] Server list query returned an error: System.Threading.Tasks.TaskCanceledException: A task was canceled. <- System.TimeoutException: A task was canceled. <- System.Threading.Tasks.TaskCanceledException: The request was canceled due to the configured HttpClient.Timeout of 30 seconds elapsing.
[ citizen-server-impl] Server list query returned an error: System.Threading.Tasks.TaskCanceledException: A task was canceled. <- System.TimeoutException: A task was canceled. <- System.Threading.Tasks.TaskCanceledException: The request was canceled due to the configured HttpClient.Timeout of 30 seconds elapsing.
[ citizen-server-impl] Server list query returned an error: System.Threading.Tasks.TaskCanceledException: A task was canceled. <- System.TimeoutException: A task was canceled. <- System.Threading.Tasks.TaskCanceledException: The request was canceled due to the configured HttpClient.Timeout of 30 seconds elapsing.
[ citizen-server-impl] Server list query returned an error: System.Threading.Tasks.TaskCanceledException: A task was canceled. <- System.TimeoutException: A task was canceled. <- System.Threading.Tasks.TaskCanceledException: The request was canceled due to the configured HttpClient.Timeout of 30 seconds elapsing.
[ citizen-server-impl] Server list query returned an error: System.Threading.Tasks.TaskCanceledException: A task was canceled. <- System.TimeoutException: A task was canceled. <- System.Threading.Tasks.TaskCanceledException: The request was canceled due to the configured HttpClient.Timeout of 30 seconds elapsing.
[ citizen-server-impl] Server list query returned an error: System.Threading.Tasks.TaskCanceledException: A task was canceled. <- System.TimeoutException: A task was canceled. <- System.Threading.Tasks.TaskCanceledException: The request was canceled due to the configured HttpClient.Timeout of 30 seconds elapsing.
[ citizen-server-impl] Server list query returned an error: System.Threading.Tasks.TaskCanceledException: A task was canceled. <- System.TimeoutException: A task was canceled. <- System.Threading.Tasks.TaskCanceledException: The request was canceled due to the configured HttpClient.Timeout of 30 seconds elapsing.
[ citizen-server-impl] Server list query returned an error: System.Threading.Tasks.TaskCanceledException: A task was canceled. <- System.TimeoutException: A task was canceled. <- System.Threading.Tasks.TaskCanceledException: The request was canceled due to the configured HttpClient.Timeout of 30 seconds elapsing.
[ citizen-server-impl] Server list query returned an error: System.Threading.Tasks.TaskCanceledException: A task was canceled. <- System.TimeoutException: A task was canceled. <- System.Threading.Tasks.TaskCanceledException: The request was canceled due to the configured HttpClient.Timeout of 30 seconds elapsing.
[ citizen-server-impl] Server list query returned an error: System.Threading.Tasks.TaskCanceledException: A task was canceled. <- System.TimeoutException: A task was canceled. <- System.Threading.Tasks.TaskCanceledException: The request was canceled due to the configured HttpClient.Timeout of 30 seconds elapsing.
[ citizen-server-impl] Server list query returned an error: System.Threading.Tasks.TaskCanceledException: A task was canceled. <- System.TimeoutException: A task was canceled. <- System.Threading.Tasks.TaskCanceledException: The request was canceled due to the configured HttpClient.Timeout of 30 seconds elapsing.
[ citizen-server-impl] sync thread hitch warning: timer interval of 120 milliseconds
[ citizen-server-impl] server thread hitch warning: timer interval of 162 milliseconds
[ citizen-server-impl] sync thread hitch warning: timer interval of 243 milliseconds
[ citizen-server-impl] server thread hitch warning: timer interval of 232 milliseconds
[ citizen-server-impl] sync thread hitch warning: timer interval of 148 milliseconds
[ citizen-server-impl] server thread hitch warning: timer interval of 202 milliseconds
[      script:hardcap] Connecting: Shreider_404
[ citizen-server-impl] server thread hitch warning: timer interval of 174 milliseconds
[ citizen-server-impl] server thread hitch warning: timer interval of 155 milliseconds
[ citizen-server-impl] sync thread hitch warning: timer interval of 115 milliseconds
[ citizen-server-impl] server thread hitch warning: timer interval of 154 milliseconds
[ citizen-server-impl] sync thread hitch warning: timer interval of 112 milliseconds
[ citizen-server-impl] sync thread hitch warning: timer interval of 158 milliseconds
[ citizen-server-impl] server thread hitch warning: timer interval of 164 milliseconds
[ citizen-server-impl] sync thread hitch warning: timer interval of 117 milliseconds
[script:connectionMan] [12] Shreider_404 joined!
[      script:hardcap] Connecting: Shreider_404
[script:connectionMan] [13] Shreider_404 joined!
[ citizen-server-impl] sync thread hitch warning: timer interval of 131 milliseconds
[script:connectionMan] [9] Shreider_404 left! (Server->client connection timed out. Last seen 49313 msec ago.)
[ citizen-server-impl] Server list query returned an error: System.Threading.Tasks.TaskCanceledException: A task was canceled. <- System.TimeoutException: A task was canceled. <- System.Threading.Tasks.TaskCanceledException: The request was canceled due to the configured HttpClient.Timeout of 30 seconds elapsing.
[script:connectionMan] [11] Shreider_404 left! (Server->client connection timed out. Last seen 55598 msec ago.)
[ citizen-server-impl] Server list query returned an error: System.Threading.Tasks.TaskCanceledException: A task was canceled. <- System.TimeoutException: A task was canceled. <- System.Threading.Tasks.TaskCanceledException: The request was canceled due to the configured HttpClient.Timeout of 30 seconds elapsing.
[script:connectionMan] [12] Shreider_404 left! (Game crashed: FiveM has stopped responding (script deadloop))
[ citizen-server-impl] Server list query returned an error: System.Threading.Tasks.TaskCanceledException: A task was canceled. <- System.TimeoutException: A task was canceled. <- System.Threading.Tasks.TaskCanceledException: The request was canceled due to the configured HttpClient.Timeout of 30 seconds elapsing.
[script:connectionMan] [13] Shreider_404 left! (Server->client connection timed out. Last seen 47940 msec ago.)
[ citizen-server-impl] Server list query returned an error: System.Threading.Tasks.TaskCanceledException: A task was canceled. <- System.TimeoutException: A task was canceled. <- System.Threading.Tasks.TaskCanceledException: The request was canceled due to the configured HttpClient.Timeout of 30 seconds elapsing.
[ citizen-server-impl] sync thread hitch warning: timer interval of 156 milliseconds
[ citizen-server-impl] server thread hitch warning: timer interval of 166 milliseconds
[ citizen-server-impl] sync thread hitch warning: timer interval of 125 milliseconds
[ citizen-server-impl] server thread hitch warning: timer interval of 197 milliseconds
[ citizen-server-impl] sync thread hitch warning: timer interval of 103 milliseconds
[ citizen-server-impl] server thread hitch warning: timer interval of 157 milliseconds
[ citizen-server-impl] server thread hitch warning: timer interval of 186 milliseconds
[ citizen-server-impl] sync thread hitch warning: timer interval of 124 milliseconds
[ citizen-server-impl] server thread hitch warning: timer interval of 588 milliseconds
[ citizen-server-impl] sync thread hitch warning: timer interval of 709 milliseconds
[ citizen-server-impl] server thread hitch warning: timer interval of 352 milliseconds
[ citizen-server-impl] sync thread hitch warning: timer interval of 223 milliseconds
[ citizen-server-impl] sync thread hitch warning: timer interval of 257 milliseconds
[ citizen-server-impl] server thread hitch warning: timer interval of 333 milliseconds
[ citizen-server-impl] sync thread hitch warning: timer interval of 151 milliseconds
[ citizen-server-impl] server thread hitch warning: timer interval of 312 milliseconds
[ citizen-server-impl] sync thread hitch warning: timer interval of 265 milliseconds
[ citizen-server-impl] server thread hitch warning: timer interval of 288 milliseconds
[ citizen-server-impl] sync thread hitch warning: timer interval of 231 milliseconds
[ citizen-server-impl] sync thread hitch warning: timer interval of 301 milliseconds
[ citizen-server-impl] server thread hitch warning: timer interval of 328 milliseconds
[ citizen-server-impl] server thread hitch warning: timer interval of 353 milliseconds
[ citizen-server-impl] sync thread hitch warning: timer interval of 315 milliseconds
[ citizen-server-impl] sync thread hitch warning: timer interval of 243 milliseconds
[ citizen-server-impl] server thread hitch warning: timer interval of 269 milliseconds
[ citizen-server-impl] server thread hitch warning: timer interval of 199 milliseconds
[ citizen-server-impl] sync thread hitch warning: timer interval of 152 milliseconds
[ citizen-server-impl] sync thread hitch warning: timer interval of 155 milliseconds
[ citizen-server-impl] server thread hitch warning: timer interval of 161 milliseconds
[  script:mysql-async] [MariaDB:10.4.24-MariaDB] [WARNING] [GameMode] [359ms] SELECT * FROM GMPlayersAlive : []
[ citizen-server-impl] sync thread hitch warning: timer interval of 231 milliseconds
[ citizen-server-impl] server thread hitch warning: timer interval of 237 milliseconds
[ citizen-server-impl] sync thread hitch warning: timer interval of 144 milliseconds
[ citizen-server-impl] server thread hitch warning: timer interval of 170 milliseconds
[ citizen-server-impl] sync thread hitch warning: timer interval of 110 milliseconds
[ citizen-server-impl] sync thread hitch warning: timer interval of 116 milliseconds
[ citizen-server-impl] sync thread hitch warning: timer interval of 151 milliseconds
[ citizen-server-impl] server thread hitch warning: timer interval of 157 milliseconds
[ citizen-server-impl] sync thread hitch warning: timer interval of 135 milliseconds
[ citizen-server-impl] server thread hitch warning: timer interval of 178 milliseconds
[ citizen-server-impl] sync thread hitch warning: timer interval of 2018 milliseconds
[ citizen-server-impl] server thread hitch warning: timer interval of 2043 milliseconds
[ citizen-server-impl] sync thread hitch warning: timer interval of 214 milliseconds
[ citizen-server-impl] server thread hitch warning: timer interval of 203 milliseconds
[ citizen-server-impl] sync thread hitch warning: timer interval of 184 milliseconds
[ citizen-server-impl] server thread hitch warning: timer interval of 247 milliseconds
[ citizen-server-impl] sync thread hitch warning: timer interval of 172 milliseconds
[ citizen-server-impl] server thread hitch warning: timer interval of 230 milliseconds
[38;5;73m[ citizen-server-impl] sync thread hitch warning: timer interval of 155 milliseconds
[ citizen-server-impl] server thread hitch warning: timer interval of 187 milliseconds
[ citizen-server-impl] sync thread hitch warning: timer interval of 120 milliseconds
[ citizen-server-impl] sync thread hitch warning: timer interval of 401 milliseconds
[ citizen-server-impl] server thread hitch warning: timer interval of 439 milliseconds
[ citizen-server-impl] server thread hitch warning: timer interval of 166 milliseconds
[ citizen-server-impl] sync thread hitch warning: timer interval of 185 milliseconds
[ citizen-server-impl] server thread hitch warning: timer interval of 244 milliseconds
[ citizen-server-impl] sync thread hitch warning: timer interval of 110 milliseconds
> txaEvent "adminsUpdated" "[]"
> txaReportResources
[      script:monitor] [txAdmin] Sending resources list to txAdmin.
[ citizen-server-impl] sync thread hitch warning: timer interval of 110 milliseconds
> ensure "manageMap"
[           resources] [97mStopping resource manageMap
[    c-scripting-core] Creating script environments for manageMap
[           resources] Started resource manageMap
> ensure "manageObjects"
[           resources] Stopping resource manageObjects
[    c-scripting-core] Creating script environments for manageObjects
[           resources] Started resource manageObjects
> ensure "manageVehicles"
[           resources] Stopping resource manageVehicles
[resources:manageVehi] Warning: could not find client_script `mods.lua` (defined in fxmanifest.lua:7)
[resources:manageVehi] Warning: could not find client_script `config/*.lua` (defined in fxmanifest.lua:7)
[           resources] Started resource manageVehicles (2 warnings)
> ensure "manageWeapons"
[           resources] Stopping resource manageWeapons
[           resources] Started resource manageWeapons
> ensure "playerManager"
[           resources] Stopping resource playerManager
[           resources] Started resource playerManager
> txaReportResources
[      script:monitor] [txAdmin] Sending resources list to txAdmin.
> ensure "GameMode"
[           resources] Stopping resource GameMode
[    c-scripting-core] Creating script environments for GameMode
[  resources:GameMode] Warning: could not find server_script `DropsManager_s.lua` (defined in fxmanifest.lua:13)
[           resources] Started resource GameMode (1 warning)
> txaReportResources
[      script:monitor] [txAdmin] Sending resources list to txAdmin.
[      script:hardcap] Connecting: Shreider_404
[script:connectionMan] [14] Shreider_404 joined!
[      script:hardcap] Connecting: Shreider_404
[script:connectionMan] [15] Shreider_404 joined!
[ citizen-server-impl] Server list query returned an error: System.Threading.Tasks.TaskCanceledException: A task was canceled. <- System.TimeoutException: A task was canceled. <- System.Threading.Tasks.TaskCanceledException: The request was canceled due to the configured HttpClient.Timeout of 30 seconds elapsing.
[      script:hardcap] Connecting: Shreider_404
[script:connectionMan] [16] Shreider_404 joined!
[ citizen-server-impl] Server list query returned an error: System.Threading.Tasks.TaskCanceledException: A task was canceled. <- System.TimeoutException: A task was canceled. <- System.Threading.Tasks.TaskCanceledException: The request was canceled due to the configured HttpClient.Timeout of 30 seconds elapsing.
[script:connectionMan] [15] Shreider_404 left! (Server->client connection timed out. Last seen 53480 msec ago.)
[ citizen-server-impl] Server list query returned an error: System.Threading.Tasks.TaskCanceledException: A task was canceled. <- System.TimeoutException: A task was canceled. <- System.Threading.Tasks.TaskCanceledException: The request was canceled due to the configured HttpClient.Timeout of 30 seconds elapsing.
[script:connectionMan] [14] Shreider_404 left! (Game crashed: FiveM has stopped responding (script deadloop))
[ citizen-server-impl] Server list query returned an error: System.Threading.Tasks.TaskCanceledException: A task was canceled. <- System.TimeoutException: A task was canceled. <- System.Threading.Tasks.TaskCanceledException: The request was canceled due to the configured HttpClient.Timeout of 30 seconds elapsing.
[ citizen-server-main] -> Quitting: SIGHUP received
[script:connectionMan] [16] Shreider_404 left! (Server shutting down: SIGHUP received)
