
================================================================
======== Log Rotated - 12/30/2023, 4:32:20 AM                   
================================================================

================================================================
======== FXServer Starting - 12/30/2023, 4:32:21 AM             
================================================================
[           resources] Scanning resources.
[           resources] Found 47 resources.
[          svadhesive] Authenticating server license key...
[          svadhesive] Server license key authentication succeeded. Welcome!
[    c-scripting-core] Creating script environments for sessionmanager
[           resources] Started resource sessionmanager
[    c-scripting-core] Creating script environments for monitor
[      script:monitor] [txAdmin] Resource v6.0.2 threads and commands set up. All Ready.
[           resources] Started resource monitor
[    c-scripting-core] Creating script environments for mysql-async
[           resources] Started resource mysql-async
[    c-scripting-core] Creating script environments for pma-voice
[           resources] Started resource pma-voice
[    c-scripting-core] Creating script environments for mapmanager
[           resources] Started resource mapmanager
[    c-scripting-core] Creating script environments for yarn
[           resources] Started resource yarn
[    c-scripting-core] Creating script environments for webpack
[           resources] Started resource webpack
[    c-scripting-core] Creating script environments for chat
[           resources] Started resource chat
[           resources] Started resource spawnmanager
[   script:mapmanager] Started gametype Freeroam
[           resources] Started resource basic-gamemode
[    c-scripting-core] Creating script environments for hardcap
[           resources] Started resource hardcap
[           resources] Started resource dev_loadingScreen
[    c-scripting-core] Creating script environments for dev_connectionManager
[           resources] Started resource dev_connectionManager
[  script:mysql-async] [mysql-async] [SUCCESS] Database server connection established.
[   script:mapmanager] Started map fivem-map-hipster
[           resources] Started resource fivem-map-hipster
[ citizen-server-impl]         fff                          
[ citizen-server-impl]   cccc ff   xx  xx     rr rr    eee  
[ citizen-server-impl] cc     ffff   xx       rrr  r ee   e 
[ citizen-server-impl] cc     ff     xx   ... rr     eeeee  
[ citizen-server-impl]  ccccc ff   xx  xx ... rr      eeeee 
[ citizen-server-impl]                                      
[ citizen-server-impl] Authenticated with cfx.re Nucleus: https://kok-shreider-404-ozrxvr.users.cfx.re/
> txaEvent "adminsUpdated" "[]"
> txaReportResources
[      script:monitor] [txAdmin] Sending resources list to txAdmin.
> ensure "skinManager"
[    c-scripting-core] Creating script environments for skinManager
[           resources] Started resource skinManager
> txaReportResources
[      script:monitor] [txAdmin] Sending resources list to txAdmin.
[      script:hardcap] Connecting: Shreider_404
[script:dev_connectio] [1] Shreider_404 joined!
[ citizen-server-impl] Server list query returned an error: System.Threading.Tasks.TaskCanceledException: A task was canceled. <- System.TimeoutException: A task was canceled. <- System.Threading.Tasks.TaskCanceledException: The request was canceled due to the configured HttpClient.Timeout of 30 seconds elapsing.
[ citizen-server-impl] sync thread hitch warning: timer interval of 125 milliseconds
[ citizen-server-impl] Server list query returned an error: System.Threading.Tasks.TaskCanceledException: A task was canceled. <- System.TimeoutException: A task was canceled. <- System.Threading.Tasks.TaskCanceledException: The request was canceled due to the configured HttpClient.Timeout of 30 seconds elapsing.
[ citizen-server-impl] Server list query returned an error: System.Threading.Tasks.TaskCanceledException: A task was canceled. <- System.TimeoutException: A task was canceled. <- System.Threading.Tasks.TaskCanceledException: The request was canceled due to the configured HttpClient.Timeout of 30 seconds elapsing.
[ citizen-server-impl] Server list query returned an error: System.Threading.Tasks.TaskCanceledException: A task was canceled. <- System.TimeoutException: A task was canceled. <- System.Threading.Tasks.TaskCanceledException: The request was canceled due to the configured HttpClient.Timeout of 30 seconds elapsing.
[ citizen-server-impl] Server list query returned an error: System.Threading.Tasks.TaskCanceledException: A task was canceled. <- System.TimeoutException: A task was canceled. <- System.Threading.Tasks.TaskCanceledException: The request was canceled due to the configured HttpClient.Timeout of 30 seconds elapsing.
[script:dev_connectio] [1] Shreider_404 left! (Exiting)
> ensure "skinManager"
[           resources] Stopping resource skinManager
[    c-scripting-core] Creating script environments for skinManager
[           resources] Started resource skinManager
> txaReportResources
[      script:monitor] [txAdmin] Sending resources list to txAdmin.
[ citizen-server-impl] Server list query returned an error: System.Threading.Tasks.TaskCanceledException: A task was canceled. <- System.TimeoutException: A task was canceled. <- System.Threading.Tasks.TaskCanceledException: The request was canceled due to the configured HttpClient.Timeout of 30 seconds elapsing.
> ensure "skinManager"
[           resources] Stopping resource skinManager
[    c-scripting-core] Creating script environments for skinManager
[           resources] Started resource skinManager
> txaReportResources
[      script:monitor] [txAdmin] Sending resources list to txAdmin.
[      script:hardcap] Connecting: Shreider_404
[script:dev_connectio] [2] Shreider_404 joined!
[ citizen-server-impl] Server list query returned an error: System.Threading.Tasks.TaskCanceledException: A task was canceled. <- System.TimeoutException: A task was canceled. <- System.Threading.Tasks.TaskCanceledException: The request was canceled due to the configured HttpClient.Timeout of 30 seconds elapsing.
[ citizen-server-impl] [91mServer list query returned an error: System.Threading.Tasks.TaskCanceledException: A task was canceled. <- System.TimeoutException: A task was canceled. <- System.Threading.Tasks.TaskCanceledException: The request was canceled due to the configured HttpClient.Timeout of 30 seconds elapsing.
[ citizen-server-impl] Server list query returned an error: System.Threading.Tasks.TaskCanceledException: A task was canceled. <- System.TimeoutException: A task was canceled. <- System.Threading.Tasks.TaskCanceledException: The request was canceled due to the configured HttpClient.Timeout of 30 seconds elapsing.
[ citizen-server-impl] Server list query returned an error: System.Threading.Tasks.TaskCanceledException: A task was canceled. <- System.TimeoutException: A task was canceled. <- System.Threading.Tasks.TaskCanceledException: The request was canceled due to the configured HttpClient.Timeout of 30 seconds elapsing.
[ citizen-server-impl] Server list query returned an error: System.Threading.Tasks.TaskCanceledException: A task was canceled. <- System.TimeoutException: A task was canceled. <- System.Threading.Tasks.TaskCanceledException: The request was canceled due to the configured HttpClient.Timeout of 30 seconds elapsing.
[ citizen-server-impl] Server list query returned an error: System.Threading.Tasks.TaskCanceledException: A task was canceled. <- System.TimeoutException: A task was canceled. <- System.Threading.Tasks.TaskCanceledException: The request was canceled due to the configured HttpClient.Timeout of 30 seconds elapsing.
[  script:skinManager] SCRIPT ERROR: @mysql-async/lib/MySQL.lua:162: The SQL Query must be a string
[  script:skinManager] > fetchAll (@mysql-async/lib/MySQL.lua:162)
[  script:skinManager] > handler (@skinManager/server.lua:3)
[ citizen-server-impl] Server list query returned an error: System.Threading.Tasks.TaskCanceledException: A task was canceled. <- System.TimeoutException: A task was canceled. <- System.Threading.Tasks.TaskCanceledException: The request was canceled due to the configured HttpClient.Timeout of 30 seconds elapsing.
[  script:skinManager] 1	2	table: 000001B6F0A13680
[ citizen-server-impl] Server list query returned an error: System.Threading.Tasks.TaskCanceledException: A task was canceled. <- System.TimeoutException: A task was canceled. <- System.Threading.Tasks.TaskCanceledException: The request was canceled due to the configured HttpClient.Timeout of 30 seconds elapsing.
[  script:skinManager] 1	2	{"Kevlar":{"var":0,"index":0},"Face":{"var":0,"index":0},"Torso":{"var":0,"index":1},"Shoes":{"var":0,"index":1},"Leg":{"var":0,"index":1},"Bag":{"var":0,"index":0},"Hair":{"var":0,"index":11},"FaceBlend":{"skinMix":0,"shapeThirdID":0,"skinFirstID":0,"thirdMix":0,"shapeSecondID":0,"skinThirdID":0,"skinSecondID":0,"shapeMix":0,"shapeFirstID":0,"isParent":false},"Torso2":{"var":2,"index":7},"Badge":{"var":0,"index":0},"Undershirt":{"var":0,"index":1},"Mask":{"var":0,"index":0},"Accessory":{"var":0,"index":0}}
[  script:skinManager] 1	2	{"Badge":{"var":0,"index":0},"Accessory":{"var":0,"index":0},"Mask":{"var":0,"index":0},"Kevlar":{"var":0,"index":0},"Hair":{"var":0,"index":11},"FaceBlend":{"skinSecondID":0,"thirdMix":0,"shapeSecondID":0,"shapeThirdID":0,"skinFirstID":0,"isParent":false,"shapeFirstID":0,"shapeMix":0,"skinMix":0,"skinThirdID":0},"Face":{"var":0,"index":0},"Shoes":{"var":0,"index":1},"Undershirt":{"var":0,"index":1},"Leg":{"var":0,"index":1},"Torso2":{"var":2,"index":7},"Torso":{"var":0,"index":1},"Bag":{"var":0,"index":0}}
[  script:skinManager] 2	nil
[  script:skinManager] 1	2	{"Mask":{"index":0,"var":0},"Accessory":{"index":0,"var":0},"Undershirt":{"index":1,"var":0},"Leg":{"index":1,"var":0},"Shoes":{"index":1,"var":0},"Torso2":{"index":7,"var":2},"Badge":{"index":0,"var":0},"Hair":{"index":11,"var":0},"Face":{"index":0,"var":0},"Kevlar":{"index":0,"var":0},"Bag":{"index":0,"var":0},"Torso":{"index":1,"var":0},"FaceBlend":{"isParent":false,"shapeThirdID":0,"shapeSecondID":0,"skinThirdID":0,"skinMix":0,"skinFirstID":0,"skinSecondID":0,"shapeMix":0,"thirdMix":0,"shapeFirstID":0}}
[  script:skinManager] 2	[{"steamid":"steam:110000111a53809"}]	nil
[  script:skinManager] 1	2	{"Torso":{"index":1,"var":0},"Mask":{"index":0,"var":0},"Badge":{"index":0,"var":0},"Accessory":{"index":0,"var":0},"Face":{"index":0,"var":0},"Hair":{"index":11,"var":0},"Torso2":{"index":7,"var":2},"Leg":{"index":1,"var":0},"Kevlar":{"index":0,"var":0},"FaceBlend":{"shapeSecondID":0,"isParent":false,"skinSecondID":0,"shapeMix":0,"thirdMix":0,"skinMix":0,"skinFirstID":0,"shapeThirdID":0,"shapeFirstID":0,"skinThirdID":0},"Undershirt":{"index":1,"var":0},"Shoes":{"index":1,"var":0},"Bag":{"index":0,"var":0}}
[  script:skinManager] 2	[{"steamid":"steam:110000111a53809"}]	steam:110000111a53809
[ citizen-server-impl] Server list query returned an error: System.Threading.Tasks.TaskCanceledException: A task was canceled. <- System.TimeoutException: A task was canceled. <- System.Threading.Tasks.TaskCanceledException: The request was canceled due to the configured HttpClient.Timeout of 30 seconds elapsing.
[ citizen-server-impl] Server list query returned an error: System.Threading.Tasks.TaskCanceledException: A task was canceled. <- System.TimeoutException: A task was canceled. <- System.Threading.Tasks.TaskCanceledException: The request was canceled due to the configured HttpClient.Timeout of 30 seconds elapsing.
[ citizen-server-impl] Server list query returned an error: System.Threading.Tasks.TaskCanceledException: A task was canceled. <- System.TimeoutException: A task was canceled. <- System.Threading.Tasks.TaskCanceledException: The request was canceled due to the configured HttpClient.Timeout of 30 seconds elapsing.
[ citizen-server-impl] Server list query returned an error: System.Threading.Tasks.TaskCanceledException: A task was canceled. <- System.TimeoutException: A task was canceled. <- System.Threading.Tasks.TaskCanceledException: The request was canceled due to the configured HttpClient.Timeout of 30 seconds elapsing.
[ citizen-server-impl] Server list query returned an error: System.Threading.Tasks.TaskCanceledException: A task was canceled. <- System.TimeoutException: A task was canceled. <- System.Threading.Tasks.TaskCanceledException: The request was canceled due to the configured HttpClient.Timeout of 30 seconds elapsing.
[  script:mysql-async] [MariaDB:10.4.24-MariaDB] [INFO] [skinManager] A (possible deliberate) error happens on transaction for query "UPDATE PlayersData SET model_leg_index = ? WHERE steamid = ? : [1,"steam:110000111a53809"]": ER_BAD_FIELD_ERROR: Unknown column 'model_leg_index' in 'field list'
[  script:mysql-async] [0m[MariaDB:10.4.24-MariaDB] [INFO] [skinManager] A (possible deliberate) error happens on transaction for query "UPDATE PlayersData SET model_leg_var = ? WHERE steamid = ? : [0,"steam:110000111a53809"]": ER_BAD_FIELD_ERROR: Unknown column 'model_leg_var' in 'field list'
[  script:mysql-async] [MariaDB:10.4.24-MariaDB] [INFO] [skinManager] A (possible deliberate) error happens on transaction for query "UPDATE PlayersData SET model_bag_index = ? WHERE steamid = ? : [0,"steam:110000111a53809"]": ER_BAD_FIELD_ERROR: Unknown column 'model_bag_index' in 'field list'
[  script:mysql-async] [MariaDB:10.4.24-MariaDB] [INFO] [skinManager] A (possible deliberate) error happens on transaction for query "UPDATE PlayersData SET model_bag_var = ? WHERE steamid = ? : [0,"steam:110000111a53809"]": ER_BAD_FIELD_ERROR: Unknown column 'model_bag_var' in 'field list'
[  script:mysql-async] [MariaDB:10.4.24-MariaDB] [INFO] [skinManager] A (possible deliberate) error happens on transaction for query "UPDATE PlayersData SET model_shoes_index = ? WHERE steamid = ? : [1,"steam:110000111a53809"]": ER_BAD_FIELD_ERROR: Unknown column 'model_shoes_index' in 'field list'
[  script:mysql-async] [MariaDB:10.4.24-MariaDB] [INFO] [skinManager] A (possible deliberate) error happens on transaction for query "UPDATE PlayersData SET model_shoes_var = ? WHERE steamid = ? : [0,"steam:110000111a53809"]": ER_BAD_FIELD_ERROR: Unknown column 'model_shoes_var' in 'field list'
[  script:mysql-async] [MariaDB:10.4.24-MariaDB] [INFO] [skinManager] A (possible deliberate) error happens on transaction for query "UPDATE PlayersData SET model_accessory_index = ? WHERE steamid = ? : [0,"steam:110000111a53809"]": ER_BAD_FIELD_ERROR: Unknown column 'model_accessory_index' in 'field list'
[  script:mysql-async] [MariaDB:10.4.24-MariaDB] [INFO] [skinManager] A (possible deliberate) error happens on transaction for query "UPDATE PlayersData SET model_accessory_var = ? WHERE steamid = ? : [0,"steam:110000111a53809"]": ER_BAD_FIELD_ERROR: Unknown column 'model_accessory_var' in 'field list'
[  script:mysql-async] [MariaDB:10.4.24-MariaDB] [INFO] [skinManager] A (possible deliberate) error happens on transaction for query "UPDATE PlayersData SET model_undershirt_index = ? WHERE steamid = ? : [1,"steam:110000111a53809"]": ER_BAD_FIELD_ERROR: Unknown column 'model_undershirt_index' in 'field list'
[  script:mysql-async] [MariaDB:10.4.24-MariaDB] [INFO] [skinManager] A (possible deliberate) error happens on transaction for query "UPDATE PlayersData SET model_undershirt_var = ? WHERE steamid = ? : [0,"steam:110000111a53809"]": ER_BAD_FIELD_ERROR: Unknown column 'model_undershirt_var' in 'field list'
[  script:mysql-async] [MariaDB:10.4.24-MariaDB] [INFO] [skinManager] A (possible deliberate) error happens on transaction for query "UPDATE PlayersData SET model_kevlar_index = ? WHERE steamid = ? : [0,"steam:110000111a53809"]": ER_BAD_FIELD_ERROR: Unknown column 'model_kevlar_index' in 'field list'
[  script:mysql-async] [MariaDB:10.4.24-MariaDB] [INFO] [skinManager] A (possible deliberate) error happens on transaction for query "UPDATE PlayersData SET model_kevlar_var = ? WHERE steamid = ? : [0,"steam:110000111a53809"]": ER_BAD_FIELD_ERROR: Unknown column 'model_kevlar_var' in 'field list'
[  script:mysql-async] [MariaDB:10.4.24-MariaDB] [INFO] [skinManager] A (possible deliberate) error happens on transaction for query "UPDATE PlayersData SET model_badge_index = ? WHERE steamid = ? : [0,"steam:110000111a53809"]": ER_BAD_FIELD_ERROR: Unknown column 'model_badge_index' in 'field list'
[  script:mysql-async] [MariaDB:10.4.24-MariaDB] [INFO] [skinManager] A (possible deliberate) error happens on transaction for query "UPDATE PlayersData SET model_badge_var = ? WHERE steamid = ? : [0,"steam:110000111a53809"]": ER_BAD_FIELD_ERROR: Unknown column 'model_badge_var' in 'field list'
[  script:mysql-async] [MariaDB:10.4.24-MariaDB] [INFO] [skinManager] A (possible deliberate) error happens on transaction for query "UPDATE PlayersData SET model_torso2_index = ? WHERE steamid = ? : [7,"steam:110000111a53809"]": ER_BAD_FIELD_ERROR: Unknown column 'model_torso2_index' in 'field list'
[  script:mysql-async] [MariaDB:10.4.24-MariaDB] [INFO] [skinManager] A (possible deliberate) error happens on transaction for query "UPDATE PlayersData SET model_torso2_var = ? WHERE steamid = ? : [2,"steam:110000111a53809"]": ER_BAD_FIELD_ERROR: Unknown column 'model_torso2_var' in 'field list'
[  script:mysql-async] [mysql-async] [ERROR] See Info-Message for full information: ER_BAD_FIELD_ERROR: Unknown column 'model_leg_index' in 'field list'
[ citizen-server-impl] [0mServer list query returned an error: System.Threading.Tasks.TaskCanceledException: A task was canceled. <- System.TimeoutException: A task was canceled. <- System.Threading.Tasks.TaskCanceledException: The request was canceled due to the configured HttpClient.Timeout of 30 seconds elapsing.
[ citizen-server-impl] Server list query returned an error: System.Threading.Tasks.TaskCanceledException: A task was canceled. <- System.TimeoutException: A task was canceled. <- System.Threading.Tasks.TaskCanceledException: The request was canceled due to the configured HttpClient.Timeout of 30 seconds elapsing.
[  script:mysql-async] [MariaDB:10.4.24-MariaDB] [INFO] [skinManager] A (possible deliberate) error happens on transaction for query "UPDATE PlayersData SET model_leg_index = ? WHERE steamid = ? : [1,"steam:110000111a53809"]": ER_BAD_FIELD_ERROR: Unknown column 'model_leg_index' in 'field list'
[  script:mysql-async] [MariaDB:10.4.24-MariaDB] [INFO] [skinManager] A (possible deliberate) error happens on transaction for query "UPDATE PlayersData SET model_leg_var = ? WHERE steamid = ? : [0,"steam:110000111a53809"]": ER_BAD_FIELD_ERROR: Unknown column 'model_leg_var' in 'field list'
[  script:mysql-async] [MariaDB:10.4.24-MariaDB] [INFO] [skinManager] A (possible deliberate) error happens on transaction for query "UPDATE PlayersData SET model_bag_index = ? WHERE steamid = ? : [0,"steam:110000111a53809"]": ER_BAD_FIELD_ERROR: Unknown column 'model_bag_index' in 'field list'
[  script:mysql-async] [MariaDB:10.4.24-MariaDB] [INFO] [skinManager] A (possible deliberate) error happens on transaction for query "UPDATE PlayersData SET model_bag_var = ? WHERE steamid = ? : [0,"steam:110000111a53809"]": ER_BAD_FIELD_ERROR: Unknown column 'model_bag_var' in 'field list'
[  script:mysql-async] [MariaDB:10.4.24-MariaDB] [INFO] [skinManager] A (possible deliberate) error happens on transaction for query "UPDATE PlayersData SET model_shoes_index = ? WHERE steamid = ? : [1,"steam:110000111a53809"]": ER_BAD_FIELD_ERROR: Unknown column 'model_shoes_index' in 'field list'
[  script:mysql-async] [MariaDB:10.4.24-MariaDB] [INFO] [skinManager] A (possible deliberate) error happens on transaction for query "UPDATE PlayersData SET model_shoes_var = ? WHERE steamid = ? : [0,"steam:110000111a53809"]": ER_BAD_FIELD_ERROR: Unknown column 'model_shoes_var' in 'field list'
[  script:mysql-async] [MariaDB:10.4.24-MariaDB] [INFO] [skinManager] A (possible deliberate) error happens on transaction for query "UPDATE PlayersData SET model_accessory_index = ? WHERE steamid = ? : [0,"steam:110000111a53809"]": ER_BAD_FIELD_ERROR: Unknown column 'model_accessory_index' in 'field list'
[  script:mysql-async] [MariaDB:10.4.24-MariaDB] [INFO] [skinManager] A (possible deliberate) error happens on transaction for query "UPDATE PlayersData SET model_accessory_var = ? WHERE steamid = ? : [0,"steam:110000111a53809"]": ER_BAD_FIELD_ERROR: Unknown column 'model_accessory_var' in 'field list'
[  script:mysql-async] [MariaDB:10.4.24-MariaDB] [INFO] [skinManager] A (possible deliberate) error happens on transaction for query "UPDATE PlayersData SET model_undershirt_index = ? WHERE steamid = ? : [1,"steam:110000111a53809"]": ER_BAD_FIELD_ERROR: Unknown column 'model_undershirt_index' in 'field list'
[  script:mysql-async] [MariaDB:10.4.24-MariaDB] [INFO] [skinManager] A (possible deliberate) error happens on transaction for query "UPDATE PlayersData SET model_undershirt_var = ? WHERE steamid = ? : [0,"steam:110000111a53809"]": ER_BAD_FIELD_ERROR: Unknown column 'model_undershirt_var' in 'field list'
[  script:mysql-async] [MariaDB:10.4.24-MariaDB] [INFO] [skinManager] A (possible deliberate) error happens on transaction for query "UPDATE PlayersData SET model_kevlar_index = ? WHERE steamid = ? : [0,"steam:110000111a53809"]": ER_BAD_FIELD_ERROR: Unknown column 'model_kevlar_index' in 'field list'
[  script:mysql-async] [MariaDB:10.4.24-MariaDB] [INFO] [skinManager] A (possible deliberate) error happens on transaction for query "UPDATE PlayersData SET model_kevlar_var = ? WHERE steamid = ? : [0,"steam:110000111a53809"]": ER_BAD_FIELD_ERROR: Unknown column 'model_kevlar_var' in 'field list'
[  script:mysql-async] [MariaDB:10.4.24-MariaDB] [INFO] [skinManager] A (possible deliberate) error happens on transaction for query "UPDATE PlayersData SET model_badge_index = ? WHERE steamid = ? : [0,"steam:110000111a53809"]": ER_BAD_FIELD_ERROR: Unknown column 'model_badge_index' in 'field list'
[  script:mysql-async] [MariaDB:10.4.24-MariaDB] [INFO] [skinManager] A (possible deliberate) error happens on transaction for query "UPDATE PlayersData SET model_badge_var = ? WHERE steamid = ? : [0,"steam:110000111a53809"]": ER_BAD_FIELD_ERROR: Unknown column 'model_badge_var' in 'field list'
[  script:mysql-async] [MariaDB:10.4.24-MariaDB] [INFO] [skinManager] A (possible deliberate) error happens on transaction for query "UPDATE PlayersData SET model_torso2_index = ? WHERE steamid = ? : [7,"steam:110000111a53809"]": ER_BAD_FIELD_ERROR: Unknown column 'model_torso2_index' in 'field list'
[  script:mysql-async] [MariaDB:10.4.24-MariaDB] [INFO] [skinManager] A (possible deliberate) error happens on transaction for query "UPDATE PlayersData SET model_torso2_var = ? WHERE steamid = ? : [2,"steam:110000111a53809"]": ER_BAD_FIELD_ERROR: Unknown column 'model_torso2_var' in 'field list'
[  script:mysql-async] [mysql-async] [ERROR] See Info-Message for full information: ER_BAD_FIELD_ERROR: Unknown column 'model_leg_index' in 'field list'
[  script:mysql-async] [mysql-async] [SUCCESS] Database server connection established.
[  script:mysql-async] [MariaDB:10.4.24-MariaDB] [INFO] [skinManager] A (possible deliberate) error happens on transaction for query "UPDATE PlayersData SET model_leg_index = ? WHERE steamid = ? : [1,"steam:110000111a53809"]": ER_BAD_FIELD_ERROR: Unknown column 'model_leg_index' in 'field list'
[  script:mysql-async] [MariaDB:10.4.24-MariaDB] [INFO] [skinManager] A (possible deliberate) error happens on transaction for query "UPDATE PlayersData SET model_leg_var = ? WHERE steamid = ? : [0,"steam:110000111a53809"]": ER_BAD_FIELD_ERROR: Unknown column 'model_leg_var' in 'field list'
[  script:mysql-async] [MariaDB:10.4.24-MariaDB] [INFO] [skinManager] A (possible deliberate) error happens on transaction for query "UPDATE PlayersData SET model_bag_index = ? WHERE steamid = ? : [0,"steam:110000111a53809"]": ER_BAD_FIELD_ERROR: Unknown column 'model_bag_index' in 'field list'
[  script:mysql-async] [MariaDB:10.4.24-MariaDB] [INFO] [skinManager] A (possible deliberate) error happens on transaction for query "UPDATE PlayersData SET model_bag_var = ? WHERE steamid = ? : [0,"steam:110000111a53809"]": ER_BAD_FIELD_ERROR: Unknown column 'model_bag_var' in 'field list'
[  script:mysql-async] [MariaDB:10.4.24-MariaDB] [INFO] [skinManager] A (possible deliberate) error happens on transaction for query "UPDATE PlayersData SET model_shoes_index = ? WHERE steamid = ? : [1,"steam:110000111a53809"]": ER_BAD_FIELD_ERROR: Unknown column 'model_shoes_index' in 'field list'
[  script:mysql-async] [MariaDB:10.4.24-MariaDB] [INFO] [skinManager] A (possible deliberate) error happens on transaction for query "UPDATE PlayersData SET model_shoes_var = ? WHERE steamid = ? : [0,"steam:110000111a53809"]": ER_BAD_FIELD_ERROR: Unknown column 'model_shoes_var' in 'field list'
[  script:mysql-async] [MariaDB:10.4.24-MariaDB] [INFO] [skinManager] A (possible deliberate) error happens on transaction for query "UPDATE PlayersData SET model_accessory_index = ? WHERE steamid = ? : [0,"steam:110000111a53809"]": ER_BAD_FIELD_ERROR: Unknown column 'model_accessory_index' in 'field list'
[  script:mysql-async] [MariaDB:10.4.24-MariaDB] [INFO] [skinManager] A (possible deliberate) error happens on transaction for query "UPDATE PlayersData SET model_accessory_var = ? WHERE steamid = ? : [0,"steam:110000111a53809"]": ER_BAD_FIELD_ERROR: Unknown column 'model_accessory_var' in 'field list'
[  script:mysql-async] [MariaDB:10.4.24-MariaDB] [INFO] [skinManager] A (possible deliberate) error happens on transaction for query "UPDATE PlayersData SET model_undershirt_index = ? WHERE steamid = ? : [1,"steam:110000111a53809"]": ER_BAD_FIELD_ERROR: Unknown column 'model_undershirt_index' in 'field list'
[  script:mysql-async] [MariaDB:10.4.24-MariaDB] [INFO] [skinManager] A (possible deliberate) error happens on transaction for query "UPDATE PlayersData SET model_undershirt_var = ? WHERE steamid = ? : [0,"steam:110000111a53809"]": ER_BAD_FIELD_ERROR: Unknown column 'model_undershirt_var' in 'field list'
[  script:mysql-async] [MariaDB:10.4.24-MariaDB] [INFO] [skinManager] A (possible deliberate) error happens on transaction for query "UPDATE PlayersData SET model_kevlar_index = ? WHERE steamid = ? : [0,"steam:110000111a53809"]": ER_BAD_FIELD_ERROR: Unknown column 'model_kevlar_index' in 'field list'
[  script:mysql-async] [MariaDB:10.4.24-MariaDB] [INFO] [skinManager] A (possible deliberate) error happens on transaction for query "UPDATE PlayersData SET model_kevlar_var = ? WHERE steamid = ? : [0,"steam:110000111a53809"]": ER_BAD_FIELD_ERROR: Unknown column 'model_kevlar_var' in 'field list'
[  script:mysql-async] [MariaDB:10.4.24-MariaDB] [INFO] [skinManager] A (possible deliberate) error happens on transaction for query "UPDATE PlayersData SET model_badge_index = ? WHERE steamid = ? : [0,"steam:110000111a53809"]": ER_BAD_FIELD_ERROR: Unknown column 'model_badge_index' in 'field list'
[  script:mysql-async] [MariaDB:10.4.24-MariaDB] [INFO] [skinManager] A (possible deliberate) error happens on transaction for query "UPDATE PlayersData SET model_badge_var = ? WHERE steamid = ? : [0,"steam:110000111a53809"]": ER_BAD_FIELD_ERROR: Unknown column 'model_badge_var' in 'field list'
[  script:mysql-async] [MariaDB:10.4.24-MariaDB] [INFO] [skinManager] A (possible deliberate) error happens on transaction for query "UPDATE PlayersData SET model_torso2_index = ? WHERE steamid = ? : [7,"steam:110000111a53809"]": ER_BAD_FIELD_ERROR: Unknown column 'model_torso2_index' in 'field list'
[  script:mysql-async] [MariaDB:10.4.24-MariaDB] [INFO] [skinManager] A (possible deliberate) error happens on transaction for query "UPDATE PlayersData SET model_torso2_var = ? WHERE steamid = ? : [2,"steam:110000111a53809"]": ER_BAD_FIELD_ERROR: Unknown column 'model_torso2_var' in 'field list'
[  script:mysql-async] [mysql-async] [ERROR] See Info-Message for full information: ER_BAD_FIELD_ERROR: Unknown column 'model_leg_index' in 'field list'
[ citizen-server-impl] Server list query returned an error: System.Threading.Tasks.TaskCanceledException: A task was canceled. <- System.TimeoutException: A task was canceled. <- System.Threading.Tasks.TaskCanceledException: The request was canceled due to the configured HttpClient.Timeout of 30 seconds elapsing.
[ citizen-server-impl] Server list query returned an error: System.Threading.Tasks.TaskCanceledException: A task was canceled. <- System.TimeoutException: A task was canceled. <- System.Threading.Tasks.TaskCanceledException: The request was canceled due to the configured HttpClient.Timeout of 30 seconds elapsing.
[ citizen-server-impl] Server list query returned an error: System.Threading.Tasks.TaskCanceledException: A task was canceled. <- System.TimeoutException: A task was canceled. <- System.Threading.Tasks.TaskCanceledException: The request was canceled due to the configured HttpClient.Timeout of 30 seconds elapsing.
[ citizen-server-impl] Server list query returned an error: System.Threading.Tasks.TaskCanceledException: A task was canceled. <- System.TimeoutException: A task was canceled. <- System.Threading.Tasks.TaskCanceledException: The request was canceled due to the configured HttpClient.Timeout of 30 seconds elapsing.
[ citizen-server-impl] Server list query returned an error: System.Threading.Tasks.TaskCanceledException: A task was canceled. <- System.TimeoutException: A task was canceled. <- System.Threading.Tasks.TaskCanceledException: The request was canceled due to the configured HttpClient.Timeout of 30 seconds elapsing.
[ citizen-server-impl] Server list query returned an error: System.Threading.Tasks.TaskCanceledException: A task was canceled. <- System.TimeoutException: A task was canceled. <- System.Threading.Tasks.TaskCanceledException: The request was canceled due to the configured HttpClient.Timeout of 30 seconds elapsing.
[ citizen-server-impl] Server list query returned an error: System.Threading.Tasks.TaskCanceledException: A task was canceled. <- System.TimeoutException: A task was canceled. <- System.Threading.Tasks.TaskCanceledException: The request was canceled due to the configured HttpClient.Timeout of 30 seconds elapsing.
[ citizen-server-impl] Server list query returned an error: System.Threading.Tasks.TaskCanceledException: A task was canceled. <- System.TimeoutException: A task was canceled. <- System.Threading.Tasks.TaskCanceledException: The request was canceled due to the configured HttpClient.Timeout of 30 seconds elapsing.
[ citizen-server-impl] Server list query returned an error: System.Threading.Tasks.TaskCanceledException: A task was canceled. <- System.TimeoutException: A task was canceled. <- System.Threading.Tasks.TaskCanceledException: The request was canceled due to the configured HttpClient.Timeout of 30 seconds elapsing.
[ citizen-server-impl] Server list query returned an error: System.Threading.Tasks.TaskCanceledException: A task was canceled. <- System.TimeoutException: A task was canceled. <- System.Threading.Tasks.TaskCanceledException: The request was canceled due to the configured HttpClient.Timeout of 30 seconds elapsing.
[ citizen-server-impl] Server list query returned an error: System.Threading.Tasks.TaskCanceledException: A task was canceled. <- System.TimeoutException: A task was canceled. <- System.Threading.Tasks.TaskCanceledException: The request was canceled due to the configured HttpClient.Timeout of 30 seconds elapsing.
[  script:skinManager] {"model_hair_index":"5","model_shoes_index":"1","model_accessory_index":"0","model_hair_var":"0","model_torso_var":"0","model_mask_var":"0","model_undershirt_index":"1","model_leg_var":"0","model_mask_index":"0","model_torso2_index":"7","model_torso2_var":"2","model_shoes_var":"0","model_bag_index":"0","model_undershirt_var":"0","model_badge_index":"0","model_leg_index":"1","model_badge_var":"0","model_kevlar_var":"0","model_accessory_var":"0","model_kevlar_index":"0","model_bag_var":"0","model_torso_index":"1","steamid":"steam:110000111a53809"}
[ citizen-server-impl] Server list query returned an error: System.Threading.Tasks.TaskCanceledException: A task was canceled. <- System.TimeoutException: A task was canceled. <- System.Threading.Tasks.TaskCanceledException: The request was canceled due to the configured HttpClient.Timeout of 30 seconds elapsing.
[ citizen-server-impl] Server list query returned an error: System.Threading.Tasks.TaskCanceledException: A task was canceled. <- System.TimeoutException: A task was canceled. <- System.Threading.Tasks.TaskCanceledException: The request was canceled due to the configured HttpClient.Timeout of 30 seconds elapsing.
[ citizen-server-impl] Server list query returned an error: System.Threading.Tasks.TaskCanceledException: A task was canceled. <- System.TimeoutException: A task was canceled. <- System.Threading.Tasks.TaskCanceledException: The request was canceled due to the configured HttpClient.Timeout of 30 seconds elapsing.
[ citizen-server-impl] Server list query returned an error: System.Threading.Tasks.TaskCanceledException: A task was canceled. <- System.TimeoutException: A task was canceled. <- System.Threading.Tasks.TaskCanceledException: The request was canceled due to the configured HttpClient.Timeout of 30 seconds elapsing.
[ citizen-server-impl] Server list query returned an error: System.Threading.Tasks.TaskCanceledException: A task was canceled. <- System.TimeoutException: A task was canceled. <- System.Threading.Tasks.TaskCanceledException: The request was canceled due to the configured HttpClient.Timeout of 30 seconds elapsing.
[ citizen-server-impl] Server list query returned an error: System.Threading.Tasks.TaskCanceledException: A task was canceled. <- System.TimeoutException: A task was canceled. <- System.Threading.Tasks.TaskCanceledException: The request was canceled due to the configured HttpClient.Timeout of 30 seconds elapsing.
[      script:hardcap] Connecting: Shreider_404
[ citizen-server-impl] Server list query returned an error: System.Threading.Tasks.TaskCanceledException: A task was canceled. <- System.TimeoutException: A task was canceled. <- System.Threading.Tasks.TaskCanceledException: The request was canceled due to the configured HttpClient.Timeout of 30 seconds elapsing.
[  script:skinManager] SCRIPT ERROR: @skinManager/server.lua:97: attempt to index a nil value (field '?')
[  script:skinManager] > ref (@skinManager/server.lua:97)
[  script:skinManager] > <unknown> (@mysql-async/mysql-async.js:15543)
[  script:mysql-async] 
[ citizen-server-impl] Server list query returned an error: System.Threading.Tasks.TaskCanceledException: A task was canceled. <- System.TimeoutException: A task was canceled. <- System.Threading.Tasks.TaskCanceledException: The request was canceled due to the configured HttpClient.Timeout of 30 seconds elapsing.
[ citizen-server-impl] Server list query returned an error: System.Threading.Tasks.TaskCanceledException: A task was canceled. <- System.TimeoutException: A task was canceled. <- System.Threading.Tasks.TaskCanceledException: The request was canceled due to the configured HttpClient.Timeout of 30 seconds elapsing.
[ citizen-server-impl] Server list query returned an error: System.Threading.Tasks.TaskCanceledException: A task was canceled. <- System.TimeoutException: A task was canceled. <- System.Threading.Tasks.TaskCanceledException: The request was canceled due to the configured HttpClient.Timeout of 30 seconds elapsing.
[ citizen-server-impl] Server list query returned an error: System.Threading.Tasks.TaskCanceledException: A task was canceled. <- System.TimeoutException: A task was canceled. <- System.Threading.Tasks.TaskCanceledException: The request was canceled due to the configured HttpClient.Timeout of 30 seconds elapsing.
> ensure "dev_connectionManager"
[    c-scripting-core] Creating script environments for dev_connectionManager
[           resources] Started resource dev_connectionManager
> txaReportResources
[      script:monitor] [txAdmin] Sending resources list to txAdmin.
[ citizen-server-impl] sync thread hitch warning: timer interval of 131 milliseconds
[      script:hardcap] Connecting: Shreider_404
[script:dev_connectio] [4] Shreider_404 joined!
[ citizen-server-impl] Server list query returned an error: System.Threading.Tasks.TaskCanceledException: A task was canceled. <- System.TimeoutException: A task was canceled. <- System.Threading.Tasks.TaskCanceledException: The request was canceled due to the configured HttpClient.Timeout of 30 seconds elapsing.
[ citizen-server-impl] Server list query returned an error: System.Threading.Tasks.TaskCanceledException: A task was canceled. <- System.TimeoutException: A task was canceled. <- System.Threading.Tasks.TaskCanceledException: The request was canceled due to the configured HttpClient.Timeout of 30 seconds elapsing.
[ citizen-server-impl] Server list query returned an error: System.Threading.Tasks.TaskCanceledException: A task was canceled. <- System.TimeoutException: A task was canceled. <- System.Threading.Tasks.TaskCanceledException: The request was canceled due to the configured HttpClient.Timeout of 30 seconds elapsing.
[ citizen-server-impl] Server list query returned an error: System.Threading.Tasks.TaskCanceledException: A task was canceled. <- System.TimeoutException: A task was canceled. <- System.Threading.Tasks.TaskCanceledException: The request was canceled due to the configured HttpClient.Timeout of 30 seconds elapsing.
[script:dev_connectio] [4] Shreider_404 left! (Reliable network event overflow.)
[  script:skinManager] SCRIPT ERROR: @skinManager/server.lua:97: attempt to index a nil value (field '?')
[  script:skinManager] > ref (@skinManager/server.lua:97)
[  script:skinManager] > <unknown> (@mysql-async/mysql-async.js:15543)
[  script:mysql-async] 
[ citizen-server-impl] Server list query returned an error: System.Threading.Tasks.TaskCanceledException: A task was canceled. <- System.TimeoutException: A task was canceled. <- System.Threading.Tasks.TaskCanceledException: The request was canceled due to the configured HttpClient.Timeout of 30 seconds elapsing.
> ensure "skinManager"
[           resources] Stopping resource skinManager
[    c-scripting-core] Creating script environments for skinManager
[           resources] Started resource skinManager
> txaReportResources
[      script:monitor] [txAdmin] Sending resources list to txAdmin.
[      script:hardcap] Connecting: Shreider_404[0m
[script:dev_connectio] [5] Shreider_404 joined!
[ citizen-server-impl] Server list query returned an error: System.Threading.Tasks.TaskCanceledException: A task was canceled. <- System.TimeoutException: A task was canceled. <- System.Threading.Tasks.TaskCanceledException: The request was canceled due to the configured HttpClient.Timeout of 30 seconds elapsing.
[script:dev_connectio] [5] Shreider_404 left! (Reliable network event overflow.)
[  script:skinManager] SCRIPT ERROR: @skinManager/server.lua:97: attempt to index a nil value (field '?')
[  script:skinManager] > ref (@skinManager/server.lua:97)
[  script:skinManager] > <unknown> (@mysql-async/mysql-async.js:15543)
[  script:mysql-async] 
[ citizen-server-impl] Server list query returned an error: System.Threading.Tasks.TaskCanceledException: A task was canceled. <- System.TimeoutException: A task was canceled. <- System.Threading.Tasks.TaskCanceledException: The request was canceled due to the configured HttpClient.Timeout of 30 seconds elapsing.
> refresh
[           resources] Scanning resources.
[           resources] Found 0 new resources, and refreshed 0/47 resources.
[ citizen-server-impl] server thread hitch warning: timer interval of 451 milliseconds
> txaReportResources
[      script:monitor] [txAdmin][97m Sending resources list to txAdmin.
> ensure "skinManager"
[           resources] Stopping resource skinManager
[    c-scripting-core] [0mCreating script environments for skinManager
[           resources] Started resource skinManager
> txaReportResources
[      script:monitor] [txAdmin] Sending resources list to txAdmin.
[      script:hardcap] Connecting: Shreider_404
[script:dev_connectio] [6] Shreider_404 joined!
[ citizen-server-impl] Server list query returned an error: System.Threading.Tasks.TaskCanceledException: A task was canceled. <- System.TimeoutException: A task was canceled. <- System.Threading.Tasks.TaskCanceledException: The request was canceled due to the configured HttpClient.Timeout of 30 seconds elapsing.
[script:dev_connectio] [6] Shreider_404 left! (Exiting)
[ citizen-server-impl] sync thread hitch warning: timer interval of 101 milliseconds
[      script:hardcap] Connecting: Shreider_404
[script:dev_connectio] [7] Shreider_404 joined!
[ citizen-server-impl] Server list query returned an error: System.Threading.Tasks.TaskCanceledException: A task was canceled. <- System.TimeoutException: A task was canceled. <- System.Threading.Tasks.TaskCanceledException: The request was canceled due to the configured HttpClient.Timeout of 30 seconds elapsing.
[ citizen-server-impl] Server list query returned an error: System.Net.Sockets.SocketException: Operation timed out <- System.Net.Http.HttpRequestException: Operation timed out (178.214.25.1:30120)
[script:dev_connectio] [7] Shreider_404 left! (Exiting)
[ citizen-server-impl] Server list query returned an error: System.Threading.Tasks.TaskCanceledException: A task was canceled. <- System.TimeoutException: A task was canceled. <- System.Threading.Tasks.TaskCanceledException: The request was canceled due to the configured HttpClient.Timeout of 30 seconds elapsing.
[      script:hardcap] Connecting: Shreider_404
[script:dev_connectio] [8] Shreider_404 joined!
[ citizen-server-impl] Server list query returned an error: System.Threading.Tasks.TaskCanceledException: A task was canceled. <- System.TimeoutException: A task was canceled. <- System.Threading.Tasks.TaskCanceledException: The request was canceled due to the configured HttpClient.Timeout of 30 seconds elapsing.
[script:dev_connectio] [8] Shreider_404 left! (Exiting)
[      script:hardcap] Connecting: Shreider_404
[ citizen-server-impl] Server list query returned an error: System.Threading.Tasks.TaskCanceledException: A task was canceled. <- System.TimeoutException: A task was canceled. <- System.Threading.Tasks.TaskCanceledException: The request was canceled due to the configured HttpClient.Timeout of 30 seconds elapsing.
[script:dev_connectio] [9] Shreider_404 joined!
[ citizen-server-impl] Server list query returned an error: System.Threading.Tasks.TaskCanceledException: A task was canceled. <- System.TimeoutException: A task was canceled. <- System.Threading.Tasks.TaskCanceledException: The request was canceled due to the configured HttpClient.Timeout of 30 seconds elapsing.
[script:dev_connectio] [9] Shreider_404 left! (Exiting)
[      script:hardcap] Connecting: Shreider_404
[script:dev_connectio] [10] Shreider_404 joined!
[ citizen-server-impl] Server list query returned an error: System.Threading.Tasks.TaskCanceledException: A task was canceled. <- System.TimeoutException: A task was canceled. <- System.Threading.Tasks.TaskCanceledException: The request was canceled due to the configured HttpClient.Timeout of 30 seconds elapsing.
[ citizen-server-impl] sync thread hitch warning: timer interval of 112 milliseconds
[script:dev_connectio] [10] Shreider_404 left! (Exiting)
[ citizen-server-impl] Server list query returned an error: System.Threading.Tasks.TaskCanceledException: A task was canceled. <- System.TimeoutException: A task was canceled. <- System.Threading.Tasks.TaskCanceledException: The request was canceled due to the configured HttpClient.Timeout of 30 seconds elapsing.
[ citizen-server-impl] sync thread hitch warning: timer interval of 105 milliseconds
[      script:hardcap] Connecting: Shreider_404
[script:dev_connectio] [11] Shreider_404 joined!
[ citizen-server-impl] Server list query returned an error: System.Threading.Tasks.TaskCanceledException: A task was canceled. <- System.TimeoutException: A task was canceled. <- System.Threading.Tasks.TaskCanceledException: The request was canceled due to the configured HttpClient.Timeout of 30 seconds elapsing.
[script:dev_connectio] [11] Shreider_404 left! (Exiting)
[      script:hardcap] Connecting: Shreider_404[0m
[ citizen-server-impl] Server list query returned an error: System.Threading.Tasks.TaskCanceledException: A task was canceled. <- System.TimeoutException: A task was canceled. <- System.Threading.Tasks.TaskCanceledException: The request was canceled due to the configured HttpClient.Timeout of 30 seconds elapsing.
[script:dev_connectio] [12] Shreider_404 joined!
[ citizen-server-impl] Server list query returned an error: System.Threading.Tasks.TaskCanceledException: A task was canceled. <- System.TimeoutException: A task was canceled. <- System.Threading.Tasks.TaskCanceledException: The request was canceled due to the configured HttpClient.Timeout of 30 seconds elapsing.
[ citizen-server-impl] Server list query returned an error: System.Threading.Tasks.TaskCanceledException: A task was canceled. <- System.TimeoutException: A task was canceled. <- System.Threading.Tasks.TaskCanceledException: The request was canceled due to the configured HttpClient.Timeout of 30 seconds elapsing.
[script:dev_connectio] [12] Shreider_404 left! (Exiting)

================================================================
======== FXServer Starting - 12/30/2023, 9:55:04 AM             
================================================================
[           resources] Scanning resources.
[           resources] Found 47 resources.
[          svadhesive] Authenticating server license key...
[          svadhesive] Server license key authentication succeeded. Welcome!
[    c-scripting-core] Creating script environments for sessionmanager
[           resources] Started resource sessionmanager
[    c-scripting-core] Creating script environments for monitor
[      script:monitor] [txAdmin] Resource v6.0.2 threads and commands set up. All Ready.
[           resources] Started resource monitor
[    c-scripting-core] Creating script environments for mysql-async
[           resources] Started resource mysql-async
[    c-scripting-core] Creating script environments for pma-voice
[           resources] Started resource pma-voice
[    c-scripting-core] Creating script environments for mapmanager
[           resources] Started resource mapmanager
[    c-scripting-core] Creating script environments for yarn
[           resources] Started resource yarn
[    c-scripting-core] [97mCreating script environments for webpack
[           resources] Started resource webpack
[    c-scripting-core] Creating script environments for chat
[           resources] Started resource chat
[           resources] Started resource spawnmanager
[   script:mapmanager] Started gametype Freeroam
[           resources] Started resource basic-gamemode
[    c-scripting-core] Creating script environments for hardcap
[           resources] Started resource hardcap
[           resources] Started resource dev_loadingScreen
[    c-scripting-core] Creating script environments for dev_connectionManager
[           resources] Started resource dev_connectionManager
[  script:mysql-async] [mysql-async] [SUCCESS] Database server connection established.
[   script:mapmanager] Started map fivem-map-hipster
[           resources] Started resource fivem-map-hipster
[ citizen-server-impl]         fff                          
[ citizen-server-impl]   cccc ff   xx  xx     rr rr    eee  
[ citizen-server-impl] cc     ffff   xx       rrr  r ee   e 
[ citizen-server-impl] cc     ff     xx   ... rr     eeeee  
[ citizen-server-impl]  ccccc ff   xx  xx ... rr      eeeee 
[ citizen-server-impl]                                      
[ citizen-server-impl] Authenticated with cfx.re Nucleus: https://kok-shreider-404-ozrxvr.users.cfx.re/
> txaEvent "adminsUpdated" "[]"
> txaReportResources
[      script:monitor] [txAdmin] Sending resources list to txAdmin.
> ensure "PlayerManager"
[    c-scripting-core] Creating script environments for PlayerManager
[           resources] Started resource PlayerManager
> txaReportResources
[      script:monitor] [txAdmin] Sending resources list to txAdmin.
> txaEvent "serverShuttingDown" "{＂delay＂:5000,＂author＂:＂KOK_Shreider_404＂,＂message＂:＂Server restarting (requested by KOK_Shreider_404).＂}"
[      script:monitor] [txAdmin] Server shutdown imminent. Kicking all players.
> txaReportResources
[      script:monitor] [txAdmin] Sending resources list to txAdmin.

================================================================
======== FXServer Starting - 12/30/2023, 9:56:19 AM             
================================================================
[           resources] Scanning resources.
[38;5;83m[           resources] Found 47 resources.
[          svadhesive] Authenticating server license key...
[          svadhesive] Server license key authentication succeeded. Welcome!
[    c-scripting-core] Creating script environments for sessionmanager
[           resources] Started resource sessionmanager
[    c-scripting-core] Creating script environments for monitor
[      script:monitor] [txAdmin] Resource v6.0.2 threads and commands set up. All Ready.
[           resources] Started resource monitor
[    c-scripting-core] Creating script environments for mysql-async
[           resources] Started resource mysql-async
[    c-scripting-core] Creating script environments for pma-voice
[           resources] Started resource pma-voice
[    c-scripting-core] [0mCreating script environments for mapmanager
[           resources] Started resource mapmanager
[    c-scripting-core] Creating script environments for yarn
[           resources] Started resource yarn
[    c-scripting-core] Creating script environments for webpack
[           resources] Started resource webpack
[    c-scripting-core] Creating script environments for chat
[           resources] Started resource chat
[           resources] Started resource spawnmanager
[   script:mapmanager] Started gametype Freeroam
[           resources] Started resource basic-gamemode
[    c-scripting-core] Creating script environments for hardcap
[           resources] Started resource hardcap
[    c-scripting-core] Creating script environments for ConnectionManager
[           resources] Started resource ConnectionManager
[           resources] Started resource LoadingScreen
[    c-scripting-core] [97mCreating script environments for PlayerManager
[           resources] Started resource PlayerManager
[  script:mysql-async] [mysql-async] [SUCCESS] Database server connection established.
[   script:mapmanager] Started map fivem-map-hipster
[           resources] Started resource fivem-map-hipster
[ citizen-server-impl]         fff                          
[ citizen-server-impl]   cccc ff   xx  xx     rr rr    eee  
[ citizen-server-impl] cc     ffff   xx       rrr  r ee   e 
[ citizen-server-impl] cc     ff     xx   ... rr     eeeee  
[ citizen-server-impl]  ccccc ff   xx  xx ... rr      eeeee 
[ citizen-server-impl]                                      
[ citizen-server-impl] Authenticated with cfx.re Nucleus: https://kok-shreider-404-ozrxvr.users.cfx.re/
> refresh
[           resources] Scanning resources.
[           resources] Found 0 new resources, and refreshed 0/47 resources.[0m
> txaReportResources
[      script:monitor] [txAdmin] Sending resources list to txAdmin.
[      script:hardcap] Connecting: Shreider_404
[script:ConnectionMan] [1] Shreider_404 joined!
[ citizen-server-impl] Server list query returned an error: System.Threading.Tasks.TaskCanceledException: A task was canceled. <- System.TimeoutException: A task was canceled. <- System.Threading.Tasks.TaskCanceledException: The request was canceled due to the configured HttpClient.Timeout of 30 seconds elapsing.
[ citizen-server-impl] Server list query returned an error: System.Threading.Tasks.TaskCanceledException: A task was canceled. <- System.TimeoutException: A task was canceled. <- System.Threading.Tasks.TaskCanceledException: The request was canceled due to the configured HttpClient.Timeout of 30 seconds elapsing.
[ citizen-server-impl] Server list query returned an error: System.Threading.Tasks.TaskCanceledException: A task was canceled. <- System.TimeoutException: A task was canceled. <- System.Threading.Tasks.TaskCanceledException: The request was canceled due to the configured HttpClient.Timeout of 30 seconds elapsing.
[ citizen-server-impl] Server list query returned an error: System.Threading.Tasks.TaskCanceledException: A task was canceled. <- System.TimeoutException: A task was canceled. <- System.Threading.Tasks.TaskCanceledException: The request was canceled due to the configured HttpClient.Timeout of 30 seconds elapsing.
[ citizen-server-impl] Server list query returned an error: System.Threading.Tasks.TaskCanceledException: A task was canceled. <- System.TimeoutException: A task was canceled. <- System.Threading.Tasks.TaskCanceledException: The request was canceled due to the configured HttpClient.Timeout of 30 seconds elapsing.
[ citizen-server-impl] Server list query returned an error: System.Threading.Tasks.TaskCanceledException: A task was canceled. <- System.TimeoutException: A task was canceled. <- System.Threading.Tasks.TaskCanceledException: The request was canceled due to the configured HttpClient.Timeout of 30 seconds elapsing.
[script:ConnectionMan] [1] Shreider_404 left! (Couldn't load resource PlayerManager: Couldn't load resource PlayerManager from resources:/PlayerMan)
[ citizen-server-impl] Server list query returned an error: System.Threading.Tasks.TaskCanceledException: A task was canceled. <- System.TimeoutException: A task was canceled. <- System.Threading.Tasks.TaskCanceledException: The request was canceled due to the configured HttpClient.Timeout of 30 seconds elapsing.
> txaReportResources
[      script:monitor] [txAdmin] Sending resources list to txAdmin.
> txaEvent "serverShuttingDown" "{＂delay＂:5000,＂author＂:＂KOK_Shreider_404＂,＂message＂:＂Server restarting (requested by KOK_Shreider_404).＂}"
[      script:monitor] [txAdmin] Server shutdown imminent. Kicking all players.

================================================================
======== FXServer Starting - 12/30/2023, 10:13:38 AM            
================================================================
[           resources] Scanning resources.
[resources:PlayerMana] Error: PlayerManager failed to load: Could not parse resource metadata file H:/FiveM Server/txData/CFXDefaultFiveM_19DFE4.base/resources//[DEV]/PlayerManager/fxmanifest.lua: PlayerManager/fxmanifest.lua:15: '}' expected (to close '{' at line 13) near ''c_ModelManager.lua''
[           resources] Found 47 resources.
[           resources] 1 error was encountered.
[          svadhesive] Authenticating server license key...
[          svadhesive] Server license key authentication succeeded. Welcome!
[    c-scripting-core] Creating script environments for sessionmanager
[           resources] Started resource sessionmanager
[    c-scripting-core] Creating script environments for monitor
[      script:monitor] [txAdmin] Resource v6.0.2 threads and commands set up. All Ready.
[           resources] Started resource monitor
[    c-scripting-core] Creating script environments for mysql-async
[           resources] Started resource mysql-async
[    c-scripting-core] Creating script environments for pma-voice
[           resources] Started resource pma-voice
[38;5;161m[    c-scripting-core] Creating script environments for mapmanager
[           resources] Started resource mapmanager
[    c-scripting-core] Creating script environments for yarn
[           resources] Started resource yarn
[    c-scripting-core] Creating script environments for webpack
[           resources] Started resource webpack
[    c-scripting-core] Creating script environments for chat
[           resources] [97mStarted resource chat
[           resources] Started resource spawnmanager
[   script:mapmanager] Started gametype Freeroam
[           resources] Started resource basic-gamemode
[    c-scripting-core] Creating script environments for hardcap
[           resources] Started resource hardcap
[    c-scripting-core] Creating script environments for ConnectionManager
[           resources] Started resource ConnectionManager
[           resources] Started resource LoadingScreen
[  script:mysql-async] [mysql-async] [SUCCESS] Database server connection established.
[   script:mapmanager] Started map fivem-map-hipster
[           resources] Started resource fivem-map-hipster
[ citizen-server-impl]         fff                          
[38;5;73m[ citizen-server-impl]   cccc ff   xx  xx     rr rr    eee  
[ citizen-server-impl] cc     ffff   xx       rrr  r ee   e 
[ citizen-server-impl] cc     ff     xx   ... rr     eeeee  
[ citizen-server-impl]  ccccc ff   xx  xx ... rr      eeeee 
[ citizen-server-impl]                                      
[ citizen-server-impl] Authenticated with cfx.re Nucleus: https://kok-shreider-404-ozrxvr.users.cfx.re/
[      script:hardcap] [0mConnecting: Shreider_404
[script:ConnectionMan] [1] Shreider_404 joined!
[ citizen-server-impl] Server list query returned an error: System.Threading.Tasks.TaskCanceledException: A task was canceled. <- System.TimeoutException: A task was canceled. <- System.Threading.Tasks.TaskCanceledException: The request was canceled due to the configured HttpClient.Timeout of 30 seconds elapsing.
> txaReportResources
[      script:monitor] [txAdmin] Sending resources list to txAdmin.[97m
> refresh
[           resources] Scanning resources.
[resources:PlayerMana] Error: PlayerManager failed to load: Could not parse resource metadata file H:/FiveM Server/txData/CFXDefaultFiveM_19DFE4.base/resources//[DEV]/PlayerManager/fxmanifest.lua: PlayerManager/fxmanifest.lua:15: '}' expected (to close '{' at line 13) near ''c_ModelManager.lua''
[           resources] Found 1 new resources, and refreshed 0/46 resources.
[           resources] 1 error was encountered.
> txaReportResources
[      script:monitor] [txAdmin] Sending resources list to txAdmin.
[ citizen-server-impl] Server list query returned an error: System.Net.Sockets.SocketException: Operation timed out <- System.Net.Http.HttpRequestException: Operation timed out (178.214.25.1:30120)
[ citizen-server-impl] Server list query returned an error: System.Threading.Tasks.TaskCanceledException: A task was canceled. <- System.TimeoutException: A task was canceled. <- System.Threading.Tasks.TaskCanceledException: The request was canceled due to the configured HttpClient.Timeout of 30 seconds elapsing.
[ citizen-server-impl] Server list query returned an error: System.Threading.Tasks.TaskCanceledException: A task was canceled. <- System.TimeoutException: A task was canceled. <- System.Threading.Tasks.TaskCanceledException: The request was canceled due to the configured HttpClient.Timeout of 30 seconds elapsing.
[ citizen-server-impl] Server list query returned an error: System.Threading.Tasks.TaskCanceledException: A task was canceled. <- System.TimeoutException: A task was canceled. <- System.Threading.Tasks.TaskCanceledException: The request was canceled due to the configured HttpClient.Timeout of 30 seconds elapsing.
[ citizen-server-impl] Server list query returned an error: System.Threading.Tasks.TaskCanceledException: A task was canceled. <- System.TimeoutException: A task was canceled. <- System.Threading.Tasks.TaskCanceledException: The request was canceled due to the configured HttpClient.Timeout of 30 seconds elapsing.
[ citizen-server-impl] Server list query returned an error: System.Threading.Tasks.TaskCanceledException: A task was canceled. <- System.TimeoutException: A task was canceled. <- System.Threading.Tasks.TaskCanceledException: The request was canceled due to the configured HttpClient.Timeout of 30 seconds elapsing.
[ citizen-server-impl] Server list query returned an error: System.Threading.Tasks.TaskCanceledException: A task was canceled. <- System.TimeoutException: A task was canceled. <- System.Threading.Tasks.TaskCanceledException: The request was canceled due to the configured HttpClient.Timeout of 30 seconds elapsing.
[ citizen-server-impl] Server list query returned an error: System.Threading.Tasks.TaskCanceledException: A task was canceled. <- System.TimeoutException: A task was canceled. <- System.Threading.Tasks.TaskCanceledException: The request was canceled due to the configured HttpClient.Timeout of 30 seconds elapsing.
[script:ConnectionMan] [1] Shreider_404 left! (Exiting)
[ citizen-server-main] -> Quitting: SIGHUP received
