
================================================================
======== Log Rotated - 12/7/2023, 2:20:44 PM                    
================================================================

================================================================
======== FXServer Starting - 12/7/2023, 2:20:45 PM              
================================================================
[           resources] Scanning resources.
[           resources] Found 46 resources.
[          svadhesive] Authenticating server license key...
[          svadhesive] Server license key authentication succeeded. Welcome!
[    c-scripting-core] Creating script environments for sessionmanager
[           resources] Started resource sessionmanager
[    c-scripting-core] Creating script environments for monitor
[      script:monitor] [txAdmin] Resource v6.0.2 threads and commands set up. All Ready.[97m
[           resources] Started resource monitor
[    c-scripting-core] Creating script environments for mysql-async
[           resources] Started resource mysql-async
[    c-scripting-core] Creating script environments for pma-voice
[           resources] Started resource pma-voice
[    c-scripting-core] Creating script environments for mapmanager
[           resources] Started resource mapmanager
[    c-scripting-core] [97mCreating script environments for yarn
[           resources] Started resource yarn
[    c-scripting-core] Creating script environments for webpack
[           resources] Started resource webpack
[    c-scripting-core] Creating script environments for chat
[           resources] Started resource chat
[           resources] Started resource spawnmanager
[   script:mapmanager] Started gametype Freeroam
[           resources] Started resource basic-gamemode
[    c-scripting-core] Creating script environments for hardcap
[           resources] Started resource hardcap
[    c-scripting-core] Creating script environments for Alert
[     resources:Alert] Warning: could not find file `html;/css.css` (defined in fxmanifest.lua:15)
[           resources] Started resource Alert (1 warning)
[           resources] Started resource Utility
[    c-scripting-core] Creating script environments for manageMap
[38;5;83m[           resources] Started resource manageMap
[resources:manageVehi] Warning: could not find client_script `mods.lua` (defined in fxmanifest.lua:7)
[resources:manageVehi] Warning: could not find client_script `config/*.lua` (defined in fxmanifest.lua:7)
[           resources] Started resource manageVehicles (2 warnings)
[           resources] Started resource manageWeapons
[           resources] Started resource playerManager
[           resources] Started resource AdminCommands
[           resources] Started resource Comamnds
[resources:CustomPeds] Asset CustomPeds/NATO_01.ytd uses 144.0 MiB of physical memory. Oversized assets can and WILL lead to streaming issues (such as models not loading/rendering).
[           resources] Started resource CustomPeds (1 warning)
[      resources:r820] Warning: could not find client_script `vehicle_names.lua` (defined in __resource.lua:17)
[      resources:r820] Warning: could not find file `dlctext.meta` (defined in __resource.lua:3)
[resources:r820:strea] Asset r820/r820.yft uses 18.9 MiB of virtual memory.
[resources:r820:strea] Asset r820/r820.ytd uses 78.0 MiB of physical memory. Oversized assets can and WILL lead to streaming issues (such as models not loading/rendering).
[resources:r820:strea] Asset r820/r820_hi.yft uses 18.9 MiB of virtual memory.
[           resources] Started resource r820 (5 warnings)
[ resources:rmodmi8lb] Warning: could not find file `vehiclelayouts.meta` (defined in __resource.lua:3)
[resources:rmodmi8lb:] Asset rmodmi8lb/rmodmi8lb.yft uses 16.9 MiB of virtual memory.
[resources:rmodmi8lb:] Asset rmodmi8lb/rmodmi8lb.ytd uses 22.0 MiB of physical memory.
[           resources] Started resource rmodmi8lb (3 warnings)
[           resources] Started resource ForestsOfSA_N
[           resources] Started resource ForestsOfSA_S
[           resources] Started resource GTAVRemastered
[           resources] [0mStarted resource MapFix
[    c-scripting-core] Creating script environments for GameMode
[  resources:GameMode] Warning: could not find client_script `DropsManager.lua` (defined in fxmanifest.lua:7)
[           resources] Started resource GameMode (1 warning)
[           resources] Started resource loadingScreen
[    c-scripting-core] Creating script environments for connectionManager
[           resources] Started resource connectionManager
[           resources] Started resource removeDefaultHudItems
[           resources] Started resource basicHUD
[  script:mysql-async] [mysql-async] [ERROR] connect ETIMEDOUT
[   script:mapmanager] Started map fivem-map-hipster
[           resources] Started resource fivem-map-hipster
[ citizen-server-impl]         fff                          
[ citizen-server-impl]   cccc ff   xx  xx     rr rr    eee  
[ citizen-server-impl] cc     ffff   xx       rrr  r ee   e 
[ citizen-server-impl] cc     ff     xx   ... rr     eeeee  
[ citizen-server-impl]  ccccc ff   xx  xx ... rr      eeeee 
[ citizen-server-impl]                                      
[ citizen-server-impl] Authenticated with cfx.re Nucleus: https://kok-shreider-404-ozrxvr.users.cfx.re/
[ citizen-server-impl] [0mServer list query returned an error: System.Threading.Tasks.TaskCanceledException: A task was canceled. <- System.TimeoutException: A task was canceled. <- System.Threading.Tasks.TaskCanceledException: The request was canceled due to the configured HttpClient.Timeout of 30 seconds elapsing.
> txaEvent "adminsUpdated" "[]"
> txaReportResources
[      script:monitor] [txAdmin] Sending resources list to txAdmin.
> ensure "mysql-async"
[           resources] Stopping resource connectionManager
[           resources] Stopping resource mysql-async
[    c-scripting-core] Creating script environments for mysql-async
[           resources] [97mStarted resource mysql-async
[  script:mysql-async] [mysql-async] [SUCCESS] Database server connection established.
> txaReportResources
[      script:monitor] [txAdmin] Sending resources list to txAdmin.
> ensure "connectionManager"
[    c-scripting-core] Creating script environments for connectionManager
[           resources] Started resource connectionManager
> txaReportResources
[      script:monitor] [txAdmin] Sending resources list to txAdmin.
> ensure "RemoveCops-AI"
[           resources] Started resource RemoveCops-AI
> txaReportResources
[      script:monitor] [txAdmin] Sending resources list to txAdmin.
[ citizen-server-impl] sync thread hitch warning: timer interval of 119 milliseconds
[38;5;73m[ citizen-server-impl] server thread hitch warning: timer interval of 259 milliseconds
[ citizen-server-impl] sync thread hitch warning: timer interval of 193 milliseconds
[ citizen-server-impl] sync thread hitch warning: timer interval of 201 milliseconds
[ citizen-server-impl] server thread hitch warning: timer interval of 241 milliseconds
[ citizen-server-impl] sync thread hitch warning: timer interval of 136 milliseconds
[ citizen-server-impl] server thread hitch warning: timer interval of 164 milliseconds
[ citizen-server-impl] server thread hitch warning: timer interval of 165 milliseconds
[ citizen-server-impl] sync thread hitch warning: timer interval of 121 milliseconds
[      script:hardcap] Connecting: Shreider_404
[script:connectionMan] [1] Shreider_404 joined!
[ citizen-server-impl] sync thread hitch warning: timer interval of 103 milliseconds
[ citizen-server-impl] Server list query returned an error: System.Threading.Tasks.TaskCanceledException: A task was canceled. <- System.TimeoutException: A task was canceled. <- System.Threading.Tasks.TaskCanceledException: The request was canceled due to the configured HttpClient.Timeout of 30 seconds elapsing.
[      script:hardcap] Connecting: Dragoon
[script:connectionMan] [2] Dragoon joined!
[ citizen-server-impl] Server list query returned an error: System.Threading.Tasks.TaskCanceledException: A task was canceled. <- System.TimeoutException: A task was canceled. <- System.Threading.Tasks.TaskCanceledException: The request was canceled due to the configured HttpClient.Timeout of 30 seconds elapsing.
> ensure "mysql-async"
[           resources] Stopping resource connectionManager
[           resources] Stopping resource mysql-async
[    c-scripting-core] Creating script environments for mysql-async
[           resources] Started resource mysql-async
[  script:mysql-async] [mysql-async] [SUCCESS] Database server connection established.
> ensure "pma-voice"
[           resources] Stopping resource pma-voice
[    c-scripting-core] Creating script environments for pma-voice
[           resources] Started resource pma-voice
> ensure "Alert"
[           resources] Stopping resource Alert
[    c-scripting-core] Creating script environments for Alert
[     resources:Alert] Warning: could not find file `html;/css.css` (defined in fxmanifest.lua:15)
[           resources] Started resource Alert (1 warning)
> ensure "Utility"
[           resources] Stopping resource Utility
[           resources] Started resource Utility
> txaReportResources
[      script:monitor] [txAdmin] Sending resources list to txAdmin.
> ensure "manageMap"
[           resources] Stopping resource manageMap
[    c-scripting-core] [97mCreating script environments for manageMap
[           resources] Started resource manageMap
> ensure "Alert"
[           resources] Stopping resource Alert
[    c-scripting-core] Creating script environments for Alert
[     resources:Alert] Warning: could not find file `html;/css.css` (defined in fxmanifest.lua:15)
[           resources] Started resource Alert (1 warning)
> ensure "Utility"
[           resources] Stopping resource Utility
[           resources] Started resource Utility
> ensure "manageMap"
[           resources] Stopping resource manageMap
[    c-scripting-core] Creating script environments for manageMap
[           resources] Started resource manageMap
> ensure "manageVehicles"
[           resources] Stopping resource manageVehicles
[resources:manageVehi] Warning: could not find client_script `mods.lua` (defined in fxmanifest.lua:7)
[resources:manageVehi] Warning: could not find client_script `config/*.lua` (defined in fxmanifest.lua:7)
[           resources] Started resource manageVehicles (2 warnings)
> txaReportResources
[      script:monitor] [txAdmin] Sending resources list to txAdmin.
> ensure "manageVehicles"
[           resources] Stopping resource manageVehicles
[resources:manageVehi] Warning: could not find client_script `mods.lua` (defined in fxmanifest.lua:7)
[resources:manageVehi] Warning: could not find client_script `config/*.lua` (defined in fxmanifest.lua:7)
[           resources] Started resource manageVehicles (2 warnings)
> ensure "manageWeapons"
[           resources] Stopping resource manageWeapons
[           resources] Started resource manageWeapons
> ensure "playerManager"
[           resources] Stopping resource playerManager
[           resources] Started resource playerManager
> txaReportResources
[      script:monitor] [txAdmin] Sending resources list to txAdmin.
> ensure "GameMode"
[           resources] Stopping resource GameMode
[    c-scripting-core] Creating script environments for GameMode
[  resources:GameMode] Warning: could not find client_script `DropsManager.lua` (defined in fxmanifest.lua:7)
[           resources] Started resource GameMode (1 warning)
> ensure "RemoveCops-AI"
[           resources] Stopping resource RemoveCops-AI
[           resources] Started resource RemoveCops-AI
> ensure "basicHUD"
[           resources] Stopping resource basicHUD
[           resources] Started resource basicHUD
> txaReportResources
[      script:monitor] [txAdmin] Sending resources list to txAdmin.
> ensure "connectionManager"
[    c-scripting-core] Creating script environments for connectionManager
[           resources] Started resource connectionManager
> txaReportResources
[      script:monitor] [txAdmin] Sending resources list to txAdmin.
> ensure "loadingScreen"
[           resources] Stopping resource loadingScreen
[           resources] Started resource loadingScreen
> ensure "removeDefaultHudItems"
[           resources] Stopping resource removeDefaultHudItems
[           resources] Started resource removeDefaultHudItems
> txaReportResources
[      script:monitor] [txAdmin] Sending resources list to txAdmin.
> ensure "GameMode"
[           resources] Stopping resource GameMode
[    c-scripting-core] Creating script environments for GameMode
[  resources:GameMode] Warning: could not find client_script `DropsManager.lua` (defined in fxmanifest.lua:7)
[           resources] Started resource GameMode (1 warning)
> ensure "basicHUD"
[           resources] Stopping resource basicHUD
[           resources] Started resource basicHUD
> ensure "loadingScreen"
[           resources] Stopping resource loadingScreen
[           resources] Started resource loadingScreen
> ensure "removeDefaultHudItems"
[           resources] Stopping resource removeDefaultHudItems
[           resources] Started resource removeDefaultHudItems
> txaReportResources
[      script:monitor] [txAdmin] Sending resources list to txAdmin.
> ensure "CustomPeds"
[           resources] Stopping resource CustomPeds
[resources:CustomPeds] Asset CustomPeds/NATO_01.ytd uses 144.0 MiB of physical memory. Oversized assets can and WILL lead to streaming issues (such as models not loading/rendering).
[           resources] Started resource CustomPeds (1 warning)
> txaReportResources
[      script:monitor] [txAdmin] Sending resources list to txAdmin.
[ citizen-server-impl] Server list query returned an error: System.Threading.Tasks.TaskCanceledException: A task was canceled. <- System.TimeoutException: A task was canceled. <- System.Threading.Tasks.TaskCanceledException: The request was canceled due to the configured HttpClient.Timeout of 30 seconds elapsing.
[ citizen-server-impl] Server list query returned an error: System.Threading.Tasks.TaskCanceledException: A task was canceled. <- System.TimeoutException: A task was canceled. <- System.Threading.Tasks.TaskCanceledException: The request was canceled due to the configured HttpClient.Timeout of 30 seconds elapsing.
[script:connectionMan] [2] Dragoon left! (Exiting)
[ citizen-server-impl] Server list query returned an error: System.Threading.Tasks.TaskCanceledException: A task was canceled. <- System.TimeoutException: A task was canceled. <- System.Threading.Tasks.TaskCanceledException: The request was canceled due to the configured HttpClient.Timeout of 30 seconds elapsing.
[     script:GameMode] SCRIPT ERROR: @GameMode/GameModeCore_server.lua:154: attempt to call a nil value (global 'TriggerCleintEvent')
[     script:GameMode] > handler (@GameMode/GameModeCore_server.lua:154)
[     script:GameMode] SCRIPT ERROR: @GameMode/GameModeCore_server.lua:154: attempt to call a nil value (global 'TriggerCleintEvent')
[     script:GameMode] > handler (@GameMode/GameModeCore_server.lua:154)
[      script:hardcap] Connecting: Dragoon
[script:connectionMan] [3] Dragoon joined!
[ citizen-server-impl] Server list query returned an error: System.Threading.Tasks.TaskCanceledException: A task was canceled. <- System.TimeoutException: A task was canceled. <- System.Threading.Tasks.TaskCanceledException: The request was canceled due to the configured HttpClient.Timeout of 30 seconds elapsing.
[ citizen-server-impl] Server list query returned an error: System.Threading.Tasks.TaskCanceledException: A task was canceled. <- System.TimeoutException: A task was canceled. <- System.Threading.Tasks.TaskCanceledException: The request was canceled due to the configured HttpClient.Timeout of 30 seconds elapsing.
[     script:GameMode] SCRIPT ERROR: @GameMode/GameModeCore_server.lua:154: attempt to call a nil value (global 'TriggerCleintEvent')
[     script:GameMode] > handler (@GameMode/GameModeCore_server.lua:154)
(node:2988) UnhandledPromiseRejectionWarning: ^1SCRIPT ERROR: @GameMode/GameModeCore_server.lua:77: attempt to index a nil value (upvalue 'GameArea')^7
^3> ref^7 (^5@GameMode/GameModeCore_server.lua^7:77)

(Use `FXServer --trace-warnings ...` to show where the warning was created)
(node:2988) UnhandledPromiseRejectionWarning: Unhandled promise rejection. This error originated either by throwing inside of an async function without a catch block, or by rejecting a promise which was not handled with .catch(). To terminate the node process on unhandled promise rejection, use the CLI flag `--unhandled-rejections=strict` (see https://nodejs.org/api/cli.html#cli_unhandled_rejections_mode). (rejection id: 1)
[ citizen-server-impl] Server list query returned an error: System.Threading.Tasks.TaskCanceledException: A task was canceled. <- System.TimeoutException: A task was canceled. <- System.Threading.Tasks.TaskCanceledException: The request was canceled due to the configured HttpClient.Timeout of 30 seconds elapsing.
[ citizen-server-impl] Server list query returned an error: System.Threading.Tasks.TaskCanceledException: A task was canceled. <- System.TimeoutException: A task was canceled. <- System.Threading.Tasks.TaskCanceledException: The request was canceled due to the configured HttpClient.Timeout of 30 seconds elapsing.
[     script:GameMode] SCRIPT ERROR: @GameMode/GameModeCore_server.lua:153: attempt to call a nil value (global 'TriggerCleintEvent')
[     script:GameMode] SCRIPT ERROR: @GameMode/GameModeCore_server.lua:82: attempt to call a nil value (global 'TriggerCleintEvent')
[     script:GameMode] > ref (@GameMode/GameModeCore_server.lua:82)
[     script:GameMode] > <unknown> (@mysql-async/mysql-async.js:15543)
[  script:mysql-async] 
[ citizen-server-impl] Server list query returned an error: System.Threading.Tasks.TaskCanceledException: A task was canceled. <- System.TimeoutException: A task was canceled. <- System.Threading.Tasks.TaskCanceledException: The request was canceled due to the configured HttpClient.Timeout of 30 seconds elapsing.
[ citizen-server-impl] Server list query returned an error: System.Threading.Tasks.TaskCanceledException: A task was canceled. <- System.TimeoutException: A task was canceled. <- System.Threading.Tasks.TaskCanceledException: The request was canceled due to the configured HttpClient.Timeout of 30 seconds elapsing.

================================================================
======== FXServer Starting - 12/7/2023, 2:52:05 PM              
================================================================
[           resources] Scanning resources.
[           resources] Found 46 resources.
[          svadhesive] Authenticating server license key...
[          svadhesive] Server license key authentication succeeded. Welcome!
[    c-scripting-core] Creating script environments for sessionmanager
[           resources] Started resource sessionmanager
[    c-scripting-core] Creating script environments for monitor
[      script:monitor] [txAdmin] Resource v6.0.2 threads and commands set up. All Ready.
[           resources] Started resource monitor
[    c-scripting-core] Creating script environments for mysql-async
[           resources] Started resource mysql-async
[    c-scripting-core] Creating script environments for pma-voice
[           resources] Started resource pma-voice
[    c-scripting-core] [0mCreating script environments for mapmanager
[           resources] Started resource mapmanager
[    c-scripting-core] Creating script environments for yarn
[           resources] Started resource yarn
[    c-scripting-core] Creating script environments for webpack
[           resources] Started resource webpack
[    c-scripting-core] Creating script environments for chat
[           resources] Started resource chat
[           resources] Started resource spawnmanager
[   script:mapmanager] Started gametype Freeroam
[           resources] Started resource basic-gamemode
[    c-scripting-core] Creating script environments for hardcap
[           resources] Started resource hardcap
[    c-scripting-core] Creating script environments for Alert
[     resources:Alert] Warning: could not find file `html;/css.css` (defined in fxmanifest.lua:15)
[           resources] Started resource Alert (1 warning)
[           resources] Started resource Utility
[    c-scripting-core] Creating script environments for manageMap
[           resources] Started resource manageMap
[resources:manageVehi] Warning: could not find client_script `mods.lua` (defined in fxmanifest.lua:7)
[resources:manageVehi] Warning: could not find client_script `config/*.lua` (defined in fxmanifest.lua:7)
[           resources] Started resource manageVehicles (2 warnings)
[           resources] Started resource manageWeapons
[           resources] Started resource playerManager
[           resources] Started resource AdminCommands
[           resources] Started resource Comamnds
[resources:CustomPeds] Asset CustomPeds/NATO_01.ytd uses 144.0 MiB of physical memory. Oversized assets can and WILL lead to streaming issues (such as models not loading/rendering).
[           resources] Started resource CustomPeds (1 warning)
[      resources:r820] Warning: could not find client_script `vehicle_names.lua` (defined in __resource.lua:17)
[      resources:r820] Warning: could not find file `dlctext.meta` (defined in __resource.lua:3)
[resources:r820:strea] Asset r820/r820.yft uses 18.9 MiB of virtual memory.
[resources:r820:strea] Asset r820/r820.ytd uses 78.0 MiB of physical memory. Oversized assets can and WILL lead to streaming issues (such as models not loading/rendering).
[resources:r820:strea] Asset r820/r820_hi.yft uses 18.9 MiB of virtual memory.
[           resources] Started resource r820 (5 warnings)
[ resources:rmodmi8lb] Warning: could not find file `vehiclelayouts.meta` (defined in __resource.lua:3)
[resources:rmodmi8lb:] Asset rmodmi8lb/rmodmi8lb.yft uses 16.9 MiB of virtual memory.
[resources:rmodmi8lb:] Asset rmodmi8lb/rmodmi8lb.ytd uses 22.0 MiB of physical memory.
[           resources] Started resource rmodmi8lb (3 warnings)
[           resources] Started resource ForestsOfSA_N
[           resources] Started resource ForestsOfSA_S
[           resources] Started resource GTAVRemastered
[           resources] Started resource MapFix
[    c-scripting-core] Creating script environments for GameMode
[  resources:GameMode] Warning: could not find client_script `DropsManager.lua` (defined in fxmanifest.lua:7)
[           resources] Started resource GameMode (1 warning)
[           resources] Started resource loadingScreen
[    c-scripting-core] Creating script environments for connectionManager
[           resources] Started resource connectionManager
[           resources] Started resource removeDefaultHudItems
[           resources] Started resource basicHUD
[  script:mysql-async] [0m[mysql-async] [SUCCESS] Database server connection established.
[   script:mapmanager] Started map fivem-map-hipster
[           resources] Started resource fivem-map-hipster
[ citizen-server-impl]         fff                          
[ citizen-server-impl]   cccc ff   xx  xx     rr rr    eee  
[ citizen-server-impl] cc     ffff   xx       rrr  r ee   e 
[ citizen-server-impl] cc     ff     xx   ... rr     eeeee  
[ citizen-server-impl]  ccccc ff   xx  xx ... rr      eeeee 
[ citizen-server-impl]                                      
[ citizen-server-impl] Authenticated with cfx.re Nucleus: https://kok-shreider-404-ozrxvr.users.cfx.re/
[      script:hardcap] Connecting: Shreider_404
[script:connectionMan] [1] Shreider_404 joined!
[ citizen-server-impl] Server list query returned an error: System.Threading.Tasks.TaskCanceledException: A task was canceled. <- System.TimeoutException: A task was canceled. <- System.Threading.Tasks.TaskCanceledException: The request was canceled due to the configured HttpClient.Timeout of 30 seconds elapsing.
[     script:GameMode] SCRIPT ERROR: @GameMode/GameModeCore_server.lua:153: attempt to call a nil value (global 'TriggerCleintEvent')
[     script:GameMode] > handler (@GameMode/GameModeCore_server.lua:153)
[ citizen-server-impl] Server list query returned an error: System.Threading.Tasks.TaskCanceledException: A task was canceled. <- System.TimeoutException: A task was canceled. <- System.Threading.Tasks.TaskCanceledException: The request was canceled due to the configured HttpClient.Timeout of 30 seconds elapsing.
[ citizen-server-impl] Server list query returned an error: System.Threading.Tasks.TaskCanceledException: A task was canceled. <- System.TimeoutException: A task was canceled. <- System.Threading.Tasks.TaskCanceledException: The request was canceled due to the configured HttpClient.Timeout of 30 seconds elapsing.
[ citizen-server-impl] Server list query returned an error: System.Threading.Tasks.TaskCanceledException: A task was canceled. <- System.TimeoutException: A task was canceled. <- System.Threading.Tasks.TaskCanceledException: The request was canceled due to the configured HttpClient.Timeout of 30 seconds elapsing.
[ citizen-server-impl] Server list query returned an error: System.Threading.Tasks.TaskCanceledException: A task was canceled. <- System.TimeoutException: A task was canceled. <- System.Threading.Tasks.TaskCanceledException: The request was canceled due to the configured HttpClient.Timeout of 30 seconds elapsing.
[ citizen-server-impl] Server list query returned an error: System.Threading.Tasks.TaskCanceledException: A task was canceled. <- System.TimeoutException: A task was canceled. <- System.Threading.Tasks.TaskCanceledException: The request was canceled due to the configured HttpClient.Timeout of 30 seconds elapsing.
[ citizen-server-impl] Server list query returned an error: System.Threading.Tasks.TaskCanceledException: A task was canceled. <- System.TimeoutException: A task was canceled. <- System.Threading.Tasks.TaskCanceledException: The request was canceled due to the configured HttpClient.Timeout of 30 seconds elapsing.
[ citizen-server-impl] Server list query returned an error: System.Threading.Tasks.TaskCanceledException: A task was canceled. <- System.TimeoutException: A task was canceled. <- System.Threading.Tasks.TaskCanceledException: The request was canceled due to the configured HttpClient.Timeout of 30 seconds elapsing.
[ citizen-server-impl] Server list query returned an error: System.Threading.Tasks.TaskCanceledException: A task was canceled. <- System.TimeoutException: A task was canceled. <- System.Threading.Tasks.TaskCanceledException: The request was canceled due to the configured HttpClient.Timeout of 30 seconds elapsing.
[ citizen-server-impl] Server list query returned an error: System.Threading.Tasks.TaskCanceledException: A task was canceled. <- System.TimeoutException: A task was canceled. <- System.Threading.Tasks.TaskCanceledException: The request was canceled due to the configured HttpClient.Timeout of 30 seconds elapsing.
[ citizen-server-impl] Server list query returned an error: System.Threading.Tasks.TaskCanceledException: A task was canceled. <- System.TimeoutException: A task was canceled. <- System.Threading.Tasks.TaskCanceledException: The request was canceled due to the configured HttpClient.Timeout of 30 seconds elapsing.
[      script:hardcap] Connecting: Dragoon
[script:connectionMan] [2] Dragoon joined!
[ citizen-server-impl] Server list query returned an error: System.Threading.Tasks.TaskCanceledException: A task was canceled. <- System.TimeoutException: A task was canceled. <- System.Threading.Tasks.TaskCanceledException: The request was canceled due to the configured HttpClient.Timeout of 30 seconds elapsing.
[script:connectionMan] [1] Shreider_404 left! (Couldn't load resource Utility: Couldn't load resource Utility from resources:/Utility/: Could not o)
[script:connectionMan] [2] Dragoon left! (Couldn't load resource Utility: Couldn't load resource Utility from resources:/Utility/: Could not o)
[     script:GameMode] SCRIPT ERROR: @GameMode/GameModeCore_server.lua:153: attempt to call a nil value (global 'TriggerCleintEvent')
[     script:GameMode] > handler (@GameMode/GameModeCore_server.lua:153)
[ citizen-server-impl] Server list query returned an error: System.Threading.Tasks.TaskCanceledException: A task was canceled. <- System.TimeoutException: A task was canceled. <- System.Threading.Tasks.TaskCanceledException: The request was canceled due to the configured HttpClient.Timeout of 30 seconds elapsing.
[     script:GameMode] SCRIPT ERROR: @GameMode/GameModeCore_server.lua:153: attempt to call a nil value (global 'TriggerCleintEvent')
[     script:GameMode] > handler (@GameMode/GameModeCore_server.lua:153)
[      script:hardcap] [0mConnecting: Shreider_404
[      script:hardcap] Connecting: Dragoon

================================================================
======== FXServer Starting - 12/7/2023, 3:25:28 PM              
================================================================
[           resources] Scanning resources.
[           resources] Found 45 resources.
[          svadhesive] Authenticating server license key...
[          svadhesive] Server license key authentication succeeded. Welcome!
[    c-scripting-core] Creating script environments for sessionmanager
[           resources] Started resource sessionmanager
[    c-scripting-core] Creating script environments for monitor
[      script:monitor] [txAdmin] Resource v6.0.2 threads and commands set up. All Ready.
[           resources] Started resource monitor
[    c-scripting-core] Creating script environments for mysql-async
[           resources] Started resource mysql-async
[    c-scripting-core] Creating script environments for pma-voice
[           resources] Started resource pma-voice
[    c-scripting-core] Creating script environments for mapmanager
[           resources] Started resource mapmanager
[    c-scripting-core] Creating script environments for yarn
[           resources] Started resource yarn
[    c-scripting-core] Creating script environments for webpack
[           resources] Started resource webpack
[    c-scripting-core] Creating script environments for chat
[           resources] Started resource chat
[           resources] Started resource spawnmanager
[   script:mapmanager] Started gametype Freeroam
[           resources] Started resource basic-gamemode
[    c-scripting-core] Creating script environments for hardcap
[           resources] Started resource hardcap
[    c-scripting-core] Creating script environments for Alert
[     resources:Alert] Warning: could not find file `html;/css.css` (defined in fxmanifest.lua:15)
[           resources] Started resource Alert (1 warning)
[    c-scripting-core] Creating script environments for manageMap
[           resources] Started resource manageMap
[resources:manageVehi] Warning: could not find client_script `mods.lua` (defined in fxmanifest.lua:7)
[resources:manageVehi] Warning: could not find client_script `config/*.lua` (defined in fxmanifest.lua:7)
[           resources] Started resource manageVehicles (2 warnings)
[           resources] Started resource manageWeapons
[           resources] Started resource playerManager
[           resources] Started resource AdminCommands
[           resources] Started resource Comamnds
[resources:CustomPeds] Asset CustomPeds/NATO_01.ytd uses 144.0 MiB of physical memory. Oversized assets can and WILL lead to streaming issues (such as models not loading/rendering).
[           resources] Started resource CustomPeds (1 warning)
[      resources:r820] Warning: could not find client_script `vehicle_names.lua` (defined in __resource.lua:17)
[      resources:r820] Warning: could not find file `dlctext.meta` (defined in __resource.lua:3)
[resources:r820:strea] Asset r820/r820.yft uses 18.9 MiB of virtual memory.
[resources:r820:strea] Asset r820/r820.ytd uses 78.0 MiB of physical memory. Oversized assets can and WILL lead to streaming issues (such as models not loading/rendering).
[resources:r820:strea] Asset r820/r820_hi.yft uses 18.9 MiB of virtual memory.
[           resources] Started resource r820 (5 warnings)
[ resources:rmodmi8lb] Warning: could not find file `vehiclelayouts.meta` (defined in __resource.lua:3)
[resources:rmodmi8lb:] Asset rmodmi8lb/rmodmi8lb.yft uses 16.9 MiB of virtual memory.
[resources:rmodmi8lb:] Asset rmodmi8lb/rmodmi8lb.ytd uses 22.0 MiB of physical memory.
[           resources] Started resource rmodmi8lb (3 warnings)
[           resources] Started resource ForestsOfSA_N
[           resources] Started resource ForestsOfSA_S
[           resources] Started resource GTAVRemastered
[           resources] Started resource MapFix
[    c-scripting-core] Creating script environments for GameMode
[           resources] Started resource GameMode
[           resources] Started resource loadingScreen
[    c-scripting-core] Creating script environments for connectionManager
[           resources] Started resource connectionManager
[           resources] Started resource removeDefaultHudItems
[           resources] Started resource basicHUD
[  script:mysql-async] [mysql-async] [SUCCESS] Database server connection established.
[   script:mapmanager] Started map fivem-map-hipster
[           resources] Started resource fivem-map-hipster
[ citizen-server-impl]         fff                          
[ citizen-server-impl]   cccc ff   xx  xx     rr rr    eee  
[ citizen-server-impl] cc     ffff   xx       rrr  r ee   e 
[ citizen-server-impl] cc     ff     xx   ... rr     eeeee  
[ citizen-server-impl]  ccccc ff   xx  xx ... rr      eeeee 
[ citizen-server-impl]                                      
[ citizen-server-impl] Authenticated with cfx.re Nucleus: https://kok-shreider-404-ozrxvr.users.cfx.re/
[      script:hardcap] Connecting: Shreider_404
[script:connectionMan] [1] Shreider_404 joined!
[      script:hardcap] Connecting: Dragoon
[script:connectionMan] [2] Dragoon joined!
[ citizen-server-impl] Server list query returned an error: System.Threading.Tasks.TaskCanceledException: A task was canceled. <- System.TimeoutException: A task was canceled. <- System.Threading.Tasks.TaskCanceledException: The request was canceled due to the configured HttpClient.Timeout of 30 seconds elapsing.
[     script:GameMode] SCRIPT ERROR: @GameMode/GameModeCore_server.lua:82: attempt to call a nil value (global 'TriggerCleintEvent')
[     script:GameMode] > ref (@GameMode/GameModeCore_server.lua:82)
[     script:GameMode] > <unknown> (@mysql-async/mysql-async.js:15543)
[  script:mysql-async] 
[     script:GameMode] SCRIPT ERROR: @GameMode/GameModeCore_server.lua:153: attempt to call a nil value (global 'TriggerCleintEvent')
[     script:GameMode] > handler (@GameMode/GameModeCore_server.lua:153)
[ citizen-server-impl] Server list query returned an error: System.Net.Sockets.SocketException: Operation timed out <- System.Net.Http.HttpRequestException: Operation timed out (178.214.25.1:30120)
[ citizen-server-impl] [0mserver thread hitch warning: timer interval of 153 milliseconds
[ citizen-server-impl] Server list query returned an error: System.Threading.Tasks.TaskCanceledException: A task was canceled. <- System.TimeoutException: A task was canceled. <- System.Threading.Tasks.TaskCanceledException: The request was canceled due to the configured HttpClient.Timeout of 30 seconds elapsing.
[ citizen-server-impl] Server list query returned an error: System.Threading.Tasks.TaskCanceledException: A task was canceled. <- System.TimeoutException: A task was canceled. <- System.Threading.Tasks.TaskCanceledException: The request was canceled due to the configured HttpClient.Timeout of 30 seconds elapsing.
[ citizen-server-impl] Server list query returned an error: System.Threading.Tasks.TaskCanceledException: A task was canceled. <- System.TimeoutException: A task was canceled. <- System.Threading.Tasks.TaskCanceledException: The request was canceled due to the configured HttpClient.Timeout of 30 seconds elapsing.
[ citizen-server-impl] Server list query returned an error: System.Threading.Tasks.TaskCanceledException: A task was canceled. <- System.TimeoutException: A task was canceled. <- System.Threading.Tasks.TaskCanceledException: The request was canceled due to the configured HttpClient.Timeout of 30 seconds elapsing.
[ citizen-server-impl] Server list query returned an error: System.Threading.Tasks.TaskCanceledException: A task was canceled. <- System.TimeoutException: A task was canceled. <- System.Threading.Tasks.TaskCanceledException: The request was canceled due to the configured HttpClient.Timeout of 30 seconds elapsing.
[         script:chat] Shreider_404: -173.5671, 6265.0864, 31.4894, 240.1068[0m
[ citizen-server-impl] Server list query returned an error: System.Threading.Tasks.TaskCanceledException: A task was canceled. <- System.TimeoutException: A task was canceled. <- System.Threading.Tasks.TaskCanceledException: The request was canceled due to the configured HttpClient.Timeout of 30 seconds elapsing.
[     script:GameMode] SCRIPT ERROR: @GameMode/GameModeCore_server.lua:151: attempt to call a nil value (global 'TriggerCleintEvent')
[     script:GameMode] > handler (@GameMode/GameModeCore_server.lua:151)
(node:21212) UnhandledPromiseRejectionWarning: ^1SCRIPT ERROR: @GameMode/GameModeCore_server.lua:77: attempt to index a nil value (upvalue 'GameArea')^7
^3> ref^7 (^5@GameMode/GameModeCore_server.lua^7:77)

(Use `FXServer --trace-warnings ...` to show where the warning was created)
(node:21212) UnhandledPromiseRejectionWarning: Unhandled promise rejection. This error originated either by throwing inside of an async function without a catch block, or by rejecting a promise which was not handled with .catch(). To terminate the node process on unhandled promise rejection, use the CLI flag `--unhandled-rejections=strict` (see https://nodejs.org/api/cli.html#cli_unhandled_rejections_mode). (rejection id: 1)
[ citizen-server-impl] Server list query returned an error: System.Threading.Tasks.TaskCanceledException: A task was canceled. <- System.TimeoutException: A task was canceled. <- System.Threading.Tasks.TaskCanceledException: The request was canceled due to the configured HttpClient.Timeout of 30 seconds elapsing.
> txaEvent "adminsUpdated" "[1]"
> txaReportResources
[      script:monitor] [txAdmin] Sending resources list to txAdmin.
> ensure "RemoveCops-AI"
[           resources] Started resource RemoveCops-AI
> txaReportResources
[      script:monitor] [txAdmin] Sending resources list to txAdmin.
[ citizen-server-impl] Server list query returned an error: System.Threading.Tasks.TaskCanceledException: A task was canceled. <- System.TimeoutException: A task was canceled. <- System.Threading.Tasks.TaskCanceledException: The request was canceled due to the configured HttpClient.Timeout of 30 seconds elapsing.
[ citizen-server-impl] Server list query returned an error: System.Threading.Tasks.TaskCanceledException: A task was canceled. <- System.TimeoutException: A task was canceled. <- System.Threading.Tasks.TaskCanceledException: The request was canceled due to the configured HttpClient.Timeout of 30 seconds elapsing.
[script:connectionMan] [1] Shreider_404 left! (Exiting)
(node:21212) UnhandledPromiseRejectionWarning: ^1SCRIPT ERROR: @GameMode/GameModeCore_server.lua:77: attempt to index a nil value (upvalue 'GameArea')^7
^3> ref^7 (^5@GameMode/GameModeCore_server.lua^7:77)

(node:21212) UnhandledPromiseRejectionWarning: Unhandled promise rejection. This error originated either by throwing inside of an async function without a catch block, or by rejecting a promise which was not handled with .catch(). To terminate the node process on unhandled promise rejection, use the CLI flag `--unhandled-rejections=strict` (see https://nodejs.org/api/cli.html#cli_unhandled_rejections_mode). (rejection id: 2)
[ citizen-server-impl] Server list query returned an error: System.Threading.Tasks.TaskCanceledException: A task was canceled. <- System.TimeoutException: A task was canceled. <- System.Threading.Tasks.TaskCanceledException: The request was canceled due to the configured HttpClient.Timeout of 30 seconds elapsing.
[      script:hardcap] Connecting: Shreider_404
[script:connectionMan] [3] Shreider_404 joined!
[ citizen-server-impl] Server list query returned an error: System.Threading.Tasks.TaskCanceledException: A task was canceled. <- System.TimeoutException: A task was canceled. <- System.Threading.Tasks.TaskCanceledException: The request was canceled due to the configured HttpClient.Timeout of 30 seconds elapsing.
(node:21212) UnhandledPromiseRejectionWarning: ^1SCRIPT ERROR: @GameMode/GameModeCore_server.lua:77: attempt to index a nil value (upvalue 'GameArea')^7
^3> ref^7 (^5@GameMode/GameModeCore_server.lua^7:77)

(node:21212) UnhandledPromiseRejectionWarning: Unhandled promise rejection. This error originated either by throwing inside of an async function without a catch block, or by rejecting a promise which was not handled with .catch(). To terminate the node process on unhandled promise rejection, use the CLI flag `--unhandled-rejections=strict` (see https://nodejs.org/api/cli.html#cli_unhandled_rejections_mode). (rejection id: 3)
[ citizen-server-impl] Server list query returned an error: System.Threading.Tasks.TaskCanceledException: A task was canceled. <- System.TimeoutException: A task was canceled. <- System.Threading.Tasks.TaskCanceledException: The request was canceled due to the configured HttpClient.Timeout of 30 seconds elapsing.
(node:21212) UnhandledPromiseRejectionWarning: ^1SCRIPT ERROR: @GameMode/GameModeCore_server.lua:77: attempt to index a nil value (upvalue 'GameArea')^7
^3> ref^7 (^5@GameMode/GameModeCore_server.lua^7:77)

(node:21212) UnhandledPromiseRejectionWarning: Unhandled promise rejection. This error originated either by throwing inside of an async function without a catch block, or by rejecting a promise which was not handled with .catch(). To terminate the node process on unhandled promise rejection, use the CLI flag `--unhandled-rejections=strict` (see https://nodejs.org/api/cli.html#cli_unhandled_rejections_mode). (rejection id: 4)
[ citizen-server-impl] Server list query returned an error: System.Threading.Tasks.TaskCanceledException: A task was canceled. <- System.TimeoutException: A task was canceled. <- System.Threading.Tasks.TaskCanceledException: The request was canceled due to the configured HttpClient.Timeout of 30 seconds elapsing.
(node:21212) UnhandledPromiseRejectionWarning: ^1SCRIPT ERROR: @GameMode/GameModeCore_server.lua:77: attempt to index a nil value (upvalue 'GameArea')^7
^3> ref^7 (^5@GameMode/GameModeCore_server.lua^7:77)

(node:21212) UnhandledPromiseRejectionWarning: Unhandled promise rejection. This error originated either by throwing inside of an async function without a catch block, or by rejecting a promise which was not handled with .catch(). To terminate the node process on unhandled promise rejection, use the CLI flag `--unhandled-rejections=strict` (see https://nodejs.org/api/cli.html#cli_unhandled_rejections_mode). (rejection id: 5)
[ citizen-server-impl] Server list query returned an error: System.Threading.Tasks.TaskCanceledException: A task was canceled. <- System.TimeoutException: A task was canceled. <- System.Threading.Tasks.TaskCanceledException: The request was canceled due to the configured HttpClient.Timeout of 30 seconds elapsing.
[         script:chat] Shreider_404: devstart
[ citizen-server-impl] Server list query returned an error: System.Threading.Tasks.TaskCanceledException: A task was canceled. <- System.TimeoutException: A task was canceled. <- System.Threading.Tasks.TaskCanceledException: The request was canceled due to the configured HttpClient.Timeout of 30 seconds elapsing.
[ citizen-server-impl] Server list query returned an error: System.Threading.Tasks.TaskCanceledException: A task was canceled. <- System.TimeoutException: A task was canceled. <- System.Threading.Tasks.TaskCanceledException: The request was canceled due to the configured HttpClient.Timeout of 30 seconds elapsing.
(node:21212) UnhandledPromiseRejectionWarning: ^1SCRIPT ERROR: @GameMode/GameModeCore_server.lua:78: attempt to index a nil value (upvalue 'GameArea')^7
^3> ref^7 (^5@GameMode/GameModeCore_server.lua^7:78)

(node:21212) UnhandledPromiseRejectionWarning: Unhandled promise rejection. This error originated either by throwing inside of an async function without a catch block, or by rejecting a promise which was not handled with .catch(). To terminate the node process on unhandled promise rejection, use the CLI flag `--unhandled-rejections=strict` (see https://nodejs.org/api/cli.html#cli_unhandled_rejections_mode). (rejection id: 6)
[ citizen-server-impl] Server list query returned an error: System.Threading.Tasks.TaskCanceledException: A task was canceled. <- System.TimeoutException: A task was canceled. <- System.Threading.Tasks.TaskCanceledException: The request was canceled due to the configured HttpClient.Timeout of 30 seconds elapsing.
[ citizen-server-impl] Server list query returned an error: System.Threading.Tasks.TaskCanceledException: A task was canceled. <- System.TimeoutException: A task was canceled. <- System.Threading.Tasks.TaskCanceledException: The request was canceled due to the configured HttpClient.Timeout of 30 seconds elapsing.
[ citizen-server-impl] Server list query returned an error: System.Threading.Tasks.TaskCanceledException: A task was canceled. <- System.TimeoutException: A task was canceled. <- System.Threading.Tasks.TaskCanceledException: The request was canceled due to the configured HttpClient.Timeout of 30 seconds elapsing.
[ citizen-server-impl] Server list query returned an error: System.Threading.Tasks.TaskCanceledException: A task was canceled. <- System.TimeoutException: A task was canceled. <- System.Threading.Tasks.TaskCanceledException: The request was canceled due to the configured HttpClient.Timeout of 30 seconds elapsing.
[script:connectionMan] [0m[3] Shreider_404 left! (Couldn't load resource Alert: Couldn't load resource Alert from resources:/Alert/: Could not open re)
[script:connectionMan] [0m[2] Dragoon left! (Couldn't load resource Alert: Couldn't load resource Alert from resources:/Alert/: Could not open re)
[  script:mysql-async] [MariaDB:10.4.24-MariaDB] [WARNING] [connectionManager] [252ms] DELETE FROM PlayersOnline WHERE NetId = ? : [2]
[  script:mysql-async] [33m[MariaDB:10.4.24-MariaDB] [WARNING] [GameMode] [284ms] DELETE FROM GMPlayersAlive WHERE NetId = ? : [2]

================================================================
======== FXServer Starting - 12/7/2023, 11:10:25 PM             
================================================================
[           resources] Scanning resources.[0m
[           resources] Found 44 resources.
[          svadhesive] Authenticating server license key...
[          svadhesive] Server license key authentication succeeded. Welcome!
[    c-scripting-core] Creating script environments for sessionmanager
[           resources] Started resource sessionmanager
[    c-scripting-core] Creating script environments for monitor
[      script:monitor] [txAdmin] Resource v6.0.2 threads and commands set up. All Ready.
[           resources] Started resource monitor
[    c-scripting-core] Creating script environments for mysql-async
[           resources] Started resource mysql-async
[    c-scripting-core] [0mCreating script environments for pma-voice
[           resources] Started resource pma-voice
[    c-scripting-core] Creating script environments for mapmanager
[           resources] Started resource mapmanager
[    c-scripting-core] Creating script environments for yarn
[           resources] Started resource yarn
[    c-scripting-core] Creating script environments for webpack
[           resources] Started resource webpack
[    c-scripting-core] Creating script environments for chat
[           resources] Started resource chat
[           resources] Started resource spawnmanager
[   script:mapmanager] Started gametype Freeroam
[           resources] Started resource basic-gamemode
[    c-scripting-core] Creating script environments for hardcap
[           resources] Started resource hardcap
[    c-scripting-core] Creating script environments for manageMap
[           resources] Started resource manageMap
[resources:manageVehi] Warning: could not find client_script `mods.lua` (defined in fxmanifest.lua:7)
[resources:manageVehi] Warning: could not find client_script `config/*.lua` (defined in fxmanifest.lua:7)
[           resources] Started resource manageVehicles (2 warnings)
[           resources] Started resource manageWeapons
[           resources] Started resource playerManager
[           resources] Started resource AdminCommands
[           resources] Started resource Comamnds
[resources:CustomPeds] Asset CustomPeds/NATO_01.ytd uses 144.0 MiB of physical memory. Oversized assets can and WILL lead to streaming issues (such as models not loading/rendering).
[           resources] Started resource CustomPeds (1 warning)
[      resources:r820] Warning: could not find client_script `vehicle_names.lua` (defined in __resource.lua:17)
[      resources:r820] Warning: could not find file `dlctext.meta` (defined in __resource.lua:3)
[resources:r820:strea] Asset r820/r820.yft uses 18.9 MiB of virtual memory.
[resources:r820:strea] Asset r820/r820.ytd uses 78.0 MiB of physical memory. Oversized assets can and WILL lead to streaming issues (such as models not loading/rendering).
[resources:r820:strea] Asset r820/r820_hi.yft uses 18.9 MiB of virtual memory.
[           resources] Started resource r820 (5 warnings)
[ resources:rmodmi8lb] Warning: could not find file `vehiclelayouts.meta` (defined in __resource.lua:3)
[resources:rmodmi8lb:] Asset rmodmi8lb/rmodmi8lb.yft uses 16.9 MiB of virtual memory.
[resources:rmodmi8lb:] Asset rmodmi8lb/rmodmi8lb.ytd uses 22.0 MiB of physical memory.
[           resources] Started resource rmodmi8lb (3 warnings)
[           resources] Started resource ForestsOfSA_N
[           resources] Started resource ForestsOfSA_S
[           resources] Started resource GTAVRemastered
[           resources] Started resource MapFix
[    c-scripting-core] Creating script environments for GameMode
[           resources] Started resource GameMode
[           resources] Started resource loadingScreen
[    c-scripting-core] Creating script environments for connectionManager
[           resources] Started resource connectionManager
[           resources] Started resource removeDefaultHudItems
[           resources] Started resource basicHUD
[  script:mysql-async] [mysql-async] [ERROR] connect ETIMEDOUT
[   script:mapmanager] Started map fivem-map-hipster
[           resources] Started resource fivem-map-hipster
[ citizen-server-impl]         fff                          
[ citizen-server-impl]   cccc ff   xx  xx     rr rr    eee  
[ citizen-server-impl] cc     ffff   xx       rrr  r ee   e 
[ citizen-server-impl] cc     ff     xx   ... rr     eeeee  
[ citizen-server-impl]  ccccc ff   xx  xx ... rr      eeeee 
[ citizen-server-impl]                                      
[ citizen-server-impl] Authenticated with cfx.re Nucleus: https://kok-shreider-404-ozrxvr.users.cfx.re/
> txaEvent "adminsUpdated" "[]"
> txaReportResources
[      script:monitor] [txAdmin] Sending resources list to txAdmin.
> refresh
[           resources] Scanning resources.
[           resources] Found 0 new resources, and refreshed 0/44 resources.
> txaReportResources
[      script:monitor] [txAdmin] Sending resources list to txAdmin.
> ensure "setNPCsMultiplayer"
[           resources] Started resource setNPCsMultiplayer
> txaReportResources
[      script:monitor] [txAdmin] Sending resources list to txAdmin.
> ensure "mysql-async"
[           resources] Stopping resource connectionManager
[           resources] Stopping resource mysql-async
[    c-scripting-core] Creating script environments for mysql-async
[           resources] Started resource mysql-async
[  script:mysql-async] [mysql-async] [SUCCESS] Database server connection established.
> txaReportResources
[      script:monitor] [txAdmin] Sending resources list to txAdmin.
> ensure "connectionManager"
[    c-scripting-core] [97mCreating script environments for connectionManager
[           resources] Started resource connectionManager
> txaReportResources
[      script:monitor] [txAdmin] Sending resources list to txAdmin.
[      script:hardcap] Connecting: Shreider_404
[script:connectionMan] [1] Shreider_404 joined!
[ citizen-server-impl] [91mServer list query returned an error: System.Threading.Tasks.TaskCanceledException: A task was canceled. <- System.TimeoutException: A task was canceled. <- System.Threading.Tasks.TaskCanceledException: The request was canceled due to the configured HttpClient.Timeout of 30 seconds elapsing.
[ citizen-server-impl] Server list query returned an error: System.Net.Sockets.SocketException: Operation timed out <- System.Net.Http.HttpRequestException: Operation timed out (178.214.25.1:30120)
[ citizen-server-impl] Server list query returned an error: System.Threading.Tasks.TaskCanceledException: A task was canceled. <- System.TimeoutException: A task was canceled. <- System.Threading.Tasks.TaskCanceledException: The request was canceled due to the configured HttpClient.Timeout of 30 seconds elapsing.
[ citizen-server-impl] Server list query returned an error: System.Threading.Tasks.TaskCanceledException: A task was canceled. <- System.TimeoutException: A task was canceled. <- System.Threading.Tasks.TaskCanceledException: The request was canceled due to the configured HttpClient.Timeout of 30 seconds elapsing.
[ citizen-server-impl] Server list query returned an error: System.Threading.Tasks.TaskCanceledException: A task was canceled. <- System.TimeoutException: A task was canceled. <- System.Threading.Tasks.TaskCanceledException: The request was canceled due to the configured HttpClient.Timeout of 30 seconds elapsing.
[script:connectionMan] [1] Shreider_404 left! (Exiting)
[ citizen-server-main] -> Quitting: SIGHUP received
