
================================================================
======== txAdmin Starting - 12/5/2023, 11:20:57 AM              
================================================================

================================================================
======== Log Rotated - 12/5/2023, 11:20:57 AM                   
================================================================
[11:21:18 AM] txAdmin: Logger started
[11:24:45 AM] [anyxR#1] Shreider_404: joined with identifiers [steam:110000111a53809; license:d641cd1c0ae086320fde9e9356924dc9406c5f3c; xbl:2535441965427220; live:914798166534894; discord:329694307818930176; fivem:1320305; license2:d641cd1c0ae086320fde9e9356924dc9406c5f3c]
[11:25:57 AM] [anyxR#1] Shreider_404: teleported to a waypoint
[11:39:31 AM] [anyxR#1] Shreider_404: said "/devcreate"
[11:51:22 AM] [anyxR#1] Shreider_404: teleported to a waypoint
[11:51:33 AM] [anyxR#1] Shreider_404: teleported to a waypoint
[11:52:11 AM] [anyxR#1] Shreider_404: enabled noclip
[11:52:28 AM] [anyxR#1] Shreider_404: became mortal (standard mode)
[11:52:43 AM] [anyxR#1] Shreider_404: teleported to coordinates (x=0.000, y=0.000, z=1000.000)
[11:54:13 AM] [anyxR#1] Shreider_404: enabled noclip
[11:54:43 AM] [anyxR#1] Shreider_404: became mortal (standard mode)
[12:05:45 PM] [anyxR#1] Shreider_404: enabled noclip
[12:05:56 PM] [anyxR#1] Shreider_404: became mortal (standard mode)
[12:06:04 PM] [anyxR#1] Shreider_404: enabled noclip
[12:07:53 PM] [anyxR#1] Shreider_404: became mortal (standard mode)
[12:07:58 PM] [anyxR#1] Shreider_404: said "/fod false"
[12:09:05 PM] [anyxR#1] Shreider_404: enabled noclip
[12:09:16 PM] [anyxR#1] Shreider_404: became mortal (standard mode)
[12:11:33 PM] [anyxR#1] Shreider_404: enabled god mode
[12:11:35 PM] [anyxR#1] Shreider_404: became mortal (standard mode)
[12:11:52 PM] [anyxR#1] Shreider_404: enabled god mode
[12:11:54 PM] [anyxR#1] Shreider_404: became mortal (standard mode)
[12:11:58 PM] [anyxR#1] Shreider_404: enabled noclip
[12:12:07 PM] [anyxR#1] Shreider_404: became mortal (standard mode)
[12:12:27 PM] [anyxR#1] Shreider_404: died from suicide (Carbine Rifle)
[12:12:59 PM] [anyxR#1] Shreider_404: enabled noclip
[12:13:00 PM] [anyxR#1] Shreider_404: died from suicide (Carbine Rifle)
[12:13:05 PM] [anyxR#1] Shreider_404: became mortal (standard mode)
[12:13:06 PM] [anyxR#1] Shreider_404: enabled noclip
[12:13:07 PM] [anyxR#1] Shreider_404: became mortal (standard mode)
[12:13:29 PM] [anyxR#1] Shreider_404: enabled noclip
[12:13:30 PM] [anyxR#1] Shreider_404: became mortal (standard mode)
[12:13:33 PM] [anyxR#1] Shreider_404: died from suicide (Falling)
[12:19:07 PM] [anyxR#1] Shreider_404: said "/mask"
[12:19:07 PM] [anyxR#1] Shreider_404: said "/report"
[12:43:24 PM] [anyxR#1] Shreider_404: enabled noclip
[12:44:10 PM] [anyxR#1] Shreider_404: became mortal (standard mode)
[12:47:55 PM] [anyxR#1] Shreider_404: enabled noclip
[12:48:13 PM] [anyxR#1] Shreider_404: became mortal (standard mode)
[1:17:01 PM] [anyxR#1] Shreider_404: said "/mask"
[1:17:01 PM] [anyxR#1] Shreider_404: said "/report"
[1:48:35 PM] [anyxR#1] Shreider_404: enabled noclip
[1:48:37 PM] [anyxR#1] Shreider_404: became mortal (standard mode)
[1:48:52 PM] [anyxR#1] Shreider_404: enabled god mode
[1:48:53 PM] [anyxR#1] Shreider_404: became mortal (standard mode)
[1:49:02 PM] [anyxR#1] Shreider_404: enabled god mode
[1:49:03 PM] [anyxR#1] Shreider_404: became mortal (standard mode)
[1:49:05 PM] [anyxR#1] Shreider_404: enabled noclip
[1:49:05 PM] [anyxR#1] Shreider_404: became mortal (standard mode)
[1:49:08 PM] [anyxR#1] Shreider_404: died from suicide
[2:23:52 PM] [anyxR#1] Shreider_404: enabled noclip
[2:24:08 PM] [anyxR#1] Shreider_404: became mortal (standard mode)
[2:25:10 PM] [anyxR#1] Shreider_404: enabled noclip
[2:25:13 PM] [anyxR#1] Shreider_404: became mortal (standard mode)
[2:28:33 PM] [anyxR#1] Shreider_404: enabled noclip
[2:28:38 PM] [anyxR#1] Shreider_404: became mortal (standard mode)

================================================================
======== txAdmin Starting - 12/5/2023, 5:58:53 PM               
================================================================
[5:58:56 PM] txAdmin: Logger started
[6:13:18 PM] [AP4xQ#1] Shreider_404: joined with identifiers [steam:110000111a53809; license:d641cd1c0ae086320fde9e9356924dc9406c5f3c; xbl:2535441965427220; live:914798166534894; discord:329694307818930176; fivem:1320305; license2:d641cd1c0ae086320fde9e9356924dc9406c5f3c]
[6:14:51 PM] [AP4xQ#1] Shreider_404: said "/refhresh"
[6:15:27 PM] [AP4xQ#1] Shreider_404: enabled noclip
[6:15:33 PM] [AP4xQ#1] Shreider_404: became mortal (standard mode)
[6:16:05 PM] [AP4xQ#1] Shreider_404: said "/challenges"
[6:17:22 PM] [AP4xQ#1] Shreider_404: said "/refhresh"
[6:18:24 PM] [AP4xQ#1] Shreider_404: said "/mask"
[6:18:24 PM] [AP4xQ#1] Shreider_404: said "/report"
[6:18:28 PM] [AP4xQ#1] Shreider_404: enabled noclip
[6:18:30 PM] [AP4xQ#1] Shreider_404: became mortal (standard mode)
[6:18:31 PM] [AP4xQ#1] Shreider_404: enabled noclip
[6:18:36 PM] [AP4xQ#1] Shreider_404: became mortal (standard mode)
[6:23:58 PM] [AP4xQ#1] Shreider_404: enabled noclip
[6:28:07 PM] [AP4xQ#1] Shreider_404: became mortal (standard mode)
[6:28:37 PM] [AP4xQ#1] Shreider_404: enabled noclip
[6:28:48 PM] [AP4xQ#1] Shreider_404: became mortal (standard mode)
[6:45:28 PM] [AP4xQ#1] Shreider_404: said "/sad"
[6:46:06 PM] [AP4xQ#1] Shreider_404: said "/sad"
[6:46:08 PM] [AP4xQ#1] Shreider_404: said "/ds"
[6:46:19 PM] [AP4xQ#1] Shreider_404: said "/ds"
[6:46:27 PM] [AP4xQ#1] Shreider_404: said "/ds"
[6:46:49 PM] [AP4xQ#1] Shreider_404: said "/s"
[7:17:14 PM] [AP4xQ#2] xKOKSUx: joined with identifiers [steam:11000010c04ca21; license:2fed08edcfd5f74bbb1563f3d8d7220072284ac8; xbl:2535452773682739; live:914802227836855; discord:348437483291148289; license2:be28e11a9ac04a9d17e2dc2252c494ffdde46f27]
[7:18:18 PM] [AP4xQ#2] xKOKSUx: died from suicide (Falling)
[7:19:15 PM] [AP4xQ#2] xKOKSUx: died from suicide (Falling)
[7:19:34 PM] [AP4xQ#1] Shreider_404: teleported to player [#2] xKOKSUx (x=-300.409, y=2047.015, z=144.078)
[7:19:55 PM] [AP4xQ#1] Shreider_404: said "./devmarkeradd"
[7:20:08 PM] [AP4xQ#1] Shreider_404: said "./devmarkeradd"
[7:20:58 PM] [AP4xQ#1] Shreider_404: died from Pistol .50 by xKOKSUx
[7:21:19 PM] [AP4xQ#1] Shreider_404: cleared an area with 300m radius
[7:22:28 PM] [AP4xQ#1] Shreider_404: teleported to player [#2] xKOKSUx (x=183.297, y=-872.281, z=31.487)
[7:22:40 PM] [AP4xQ#2] xKOKSUx: died from AP Pistol by Shreider_404
[7:29:15 PM] [AP4xQ#1] Shreider_404: started spectating player [#2] xKOKSUx
[7:31:20 PM] [AP4xQ#2] xKOKSUx: died from AP Pistol by Shreider_404
[7:31:35 PM] [AP4xQ#1] Shreider_404: said "/mask"
[7:31:35 PM] [AP4xQ#1] Shreider_404: said "/report"
[7:31:42 PM] [AP4xQ#2] xKOKSUx: died from suicide (Falling)
[7:31:58 PM] [AP4xQ#1] Shreider_404: disconnected (Exiting)
[7:31:58 PM] [AP4xQ#2] xKOKSUx: disconnected (Exiting)
