
================================================================
======== txAdmin Starting - 12/8/2023, 1:20:31 PM               
================================================================

================================================================
======== Log Rotated - 12/8/2023, 1:20:32 PM                    
================================================================
[1:20:53 PM] txAdmin: Logger started

================================================================
======== txAdmin Starting - 12/8/2023, 1:21:36 PM               
================================================================
[1:21:39 PM] txAdmin: Logger started
[1:23:18 PM] [gcerU#1] Shreider_404: joined with identifiers [steam:110000111a53809; license:d641cd1c0ae086320fde9e9356924dc9406c5f3c; xbl:2535441965427220; live:914798166534894; discord:329694307818930176; fivem:1320305; license2:d641cd1c0ae086320fde9e9356924dc9406c5f3c]
[1:26:40 PM] [gcerU#2] Shreider_404: joined with identifiers [steam:110000111a53809; license:d641cd1c0ae086320fde9e9356924dc9406c5f3c; xbl:2535441965427220; live:914798166534894; discord:329694307818930176; fivem:1320305; license2:d641cd1c0ae086320fde9e9356924dc9406c5f3c]
[1:26:56 PM] [gcerU#1] Shreider_404: disconnected (Server->client connection timed out. Last seen 53480 msec ago.)
[1:27:45 PM] [gcerU#2] Shreider_404: said "/restartplayerManager"
[1:28:58 PM] [gcerU#2] Shreider_404: set [#2] Shreider_404 on fire
[1:29:04 PM] [gcerU#2] Shreider_404: died from suicide (Fire)
[1:41:37 PM] [gcerU#2] Shreider_404: said "/setvoiceintend"
[1:42:35 PM] [gcerU#2] Shreider_404: said "/mask"
[1:42:35 PM] [gcerU#2] Shreider_404: said "/report"
[1:46:16 PM] [gcerU#2] Shreider_404: set [#2] Shreider_404 on fire
[1:46:22 PM] [gcerU#2] Shreider_404: died from suicide (Fire)
[1:46:49 PM] [gcerU#2] Shreider_404: set [#2] Shreider_404 on fire
[1:46:54 PM] [gcerU#2] Shreider_404: died from suicide (Fire)
[2:00:25 PM] [gcerU#2] Shreider_404: enabled noclip
[2:00:33 PM] [gcerU#2] Shreider_404: became mortal (standard mode)
[2:01:08 PM] [gcerU#2] Shreider_404: teleported to a waypoint
[2:08:41 PM] [gcerU#3] Dragoon: joined with identifiers [steam:11000010ce79e25; license:81ebef857743b3fc86e0013d82e298a58ef764cf; xbl:2535423585535646; live:844428308609375; discord:308602476574277634; license2:1a4d6a768a99bab7445b764fd3bdaba4df45e4e3]
[2:12:34 PM] [gcerU#3] Dragoon: died from Pistol by Shreider_404
[2:15:18 PM] [gcerU#2] Shreider_404: teleported to player [#3] Dragoon (x=282.936, y=-937.846, z=29.280)
[2:15:37 PM] [gcerU#3] Dragoon: died from Pistol by Shreider_404
[2:17:08 PM] [gcerU#2] Shreider_404: toggled freeze on player [#3] Dragoon
[2:17:17 PM] [gcerU#2] Shreider_404: toggled freeze on player [#3] Dragoon
[2:17:25 PM] [gcerU#2] Shreider_404: set [#3] Dragoon on fire
[2:18:24 PM] [gcerU#2] Shreider_404: died from Pistol by Dragoon
[2:22:23 PM] [gcerU#3] Dragoon: died from Fist by Shreider_404
[2:24:24 PM] [gcerU#2] Shreider_404: enabled noclip
[2:24:26 PM] [gcerU#2] Shreider_404: became mortal (standard mode)
[2:27:27 PM] [gcerU#2] Shreider_404: died from Pistol by Dragoon
[2:32:16 PM] [gcerU#3] Dragoon: died from Pistol by Shreider_404
[2:35:34 PM] [gcerU#3] Dragoon: died from Pistol by Shreider_404
[2:36:14 PM] [gcerU#4] xKOKSUx: joined with identifiers [steam:11000010c04ca21; license:2fed08edcfd5f74bbb1563f3d8d7220072284ac8; xbl:2535452773682739; live:914802227836855; discord:348437483291148289; license2:be28e11a9ac04a9d17e2dc2252c494ffdde46f27]
[2:38:57 PM] [gcerU#3] Dragoon: died from Heavy Pistol by xKOKSUx
[2:41:04 PM] [gcerU#2] Shreider_404: died from Heavy Pistol by xKOKSUx
[2:44:18 PM] [gcerU#2] Shreider_404: died from Pistol by xKOKSUx
[2:47:52 PM] [gcerU#4] xKOKSUx: died from Pistol by Dragoon
[2:49:39 PM] [gcerU#2] Shreider_404: died from Pistol by Dragoon
[2:49:58 PM] [gcerU#4] xKOKSUx: died from Pistol by Dragoon
[2:51:27 PM] [gcerU#4] xKOKSUx: died from suicide (Falling)
[2:55:17 PM] [gcerU#4] xKOKSUx: died from Pistol by Shreider_404
[2:56:45 PM] [gcerU#2] Shreider_404: turned show player IDs on
[2:57:21 PM] [gcerU#2] Shreider_404: died from Pistol by Dragoon
[2:58:21 PM] [gcerU#2] Shreider_404: caused an explosion (ROCKET)
[2:58:24 PM] [gcerU#2] Shreider_404: caused an explosion (ROCKET)
[2:58:26 PM] [gcerU#2] Shreider_404: caused an explosion (ROCKET)
[2:58:29 PM] [gcerU#2] Shreider_404: caused an explosion (ROCKET)
[2:58:32 PM] [gcerU#2] Shreider_404: caused an explosion (ROCKET)
[2:58:34 PM] [gcerU#2] Shreider_404: caused an explosion (ROCKET)
[2:58:37 PM] [gcerU#2] Shreider_404: caused an explosion (ROCKET)
[2:59:44 PM] [gcerU#2] Shreider_404: died from Knife by xKOKSUx
[3:00:03 PM] [gcerU#4] xKOKSUx: died from Pistol by Dragoon
[3:02:31 PM] [gcerU#4] xKOKSUx: died from suicide (Falling)
[3:02:52 PM] [gcerU#2] Shreider_404: teleported to player [#3] Dragoon (x=-187.055, y=6382.035, z=31.858)
[3:02:59 PM] [gcerU#2] Shreider_404: summoned player [#4] xKOKSUx
[3:03:16 PM] [gcerU#3] Dragoon: died from Fist by Shreider_404
[3:04:01 PM] [gcerU#3] Dragoon: disconnected (Exiting)
[3:05:11 PM] [gcerU#2] Shreider_404: disconnected (Exiting)
[3:05:17 PM] [gcerU#4] xKOKSUx: disconnected (Exiting)
