
================================================================
======== txAdmin Starting - 11/25/2023, 9:09:40 PM              
================================================================

================================================================
======== Log Rotated - 11/25/2023, 9:09:40 PM                   
================================================================
[9:10:01 PM] txAdmin: Logger started
[9:10:50 PM] [FnFTz#1] Shreider_404: joined with identifiers [steam:110000111a53809; license:d641cd1c0ae086320fde9e9356924dc9406c5f3c; xbl:2535441965427220; live:914798166534894; fivem:1320305; license2:d641cd1c0ae086320fde9e9356924dc9406c5f3c]
[9:12:12 PM] [FnFTz#2] xKOKSUx: joined with identifiers [steam:11000010c04ca21; license:2fed08edcfd5f74bbb1563f3d8d7220072284ac8; xbl:2535452773682739; live:914802227836855; discord:348437483291148289; license2:be28e11a9ac04a9d17e2dc2252c494ffdde46f27]
[9:13:01 PM] [FnFTz#1] Shreider_404: died from suicide (Falling)
[9:13:01 PM] [FnFTz#2] xKOKSUx: died from suicide (Falling)
[9:16:14 PM] [FnFTz#2] xKOKSUx: died from Pistol by Shreider_404
[9:17:48 PM] [FnFTz#1] Shreider_404: enabled noclip
[9:18:03 PM] [FnFTz#1] Shreider_404: became mortal (standard mode)
[9:19:47 PM] [FnFTz#1] Shreider_404: died from Heavy Pistol by xKOKSUx
[9:24:18 PM] [FnFTz#2] xKOKSUx: caused an explosion (TANKSHELL)
[9:24:20 PM] [FnFTz#2] xKOKSUx: caused an explosion (TANKSHELL)
[9:24:21 PM] [FnFTz#2] xKOKSUx: caused an explosion (TANKSHELL)
[9:24:34 PM] [FnFTz#1] Shreider_404: triggered drunk effect on [#2] xKOKSUx
[9:24:35 PM] [FnFTz#2] xKOKSUx: caused an explosion (TANKSHELL)
[9:24:42 PM] [FnFTz#2] xKOKSUx: caused an explosion (TANKSHELL)
[9:25:18 PM] [FnFTz#1] Shreider_404: triggered wild attack on [#2] xKOKSUx
[9:25:20 PM] [FnFTz#1] Shreider_404: triggered wild attack on [#2] xKOKSUx
[9:25:21 PM] [FnFTz#1] Shreider_404: triggered wild attack on [#2] xKOKSUx
[9:25:21 PM] [FnFTz#1] Shreider_404: triggered wild attack on [#2] xKOKSUx
[9:25:22 PM] [FnFTz#1] Shreider_404: triggered wild attack on [#2] xKOKSUx
[9:25:23 PM] [FnFTz#1] Shreider_404: triggered wild attack on [#2] xKOKSUx
[9:25:24 PM] [FnFTz#1] Shreider_404: triggered wild attack on [#2] xKOKSUx
[9:25:24 PM] [FnFTz#1] Shreider_404: triggered wild attack on [#2] xKOKSUx
[9:25:36 PM] [FnFTz#2] xKOKSUx: caused an explosion (TANKSHELL)
[9:25:37 PM] [FnFTz#2] xKOKSUx: caused an explosion (TANKSHELL)
[9:25:40 PM] [FnFTz#2] xKOKSUx: caused an explosion (TANKSHELL)
[9:25:42 PM] [FnFTz#2] xKOKSUx: caused an explosion (TANKSHELL)
[9:25:44 PM] [FnFTz#2] xKOKSUx: caused an explosion (TANKSHELL)
[9:25:48 PM] [FnFTz#2] xKOKSUx: caused an explosion (TANKSHELL)
[9:25:52 PM] [FnFTz#2] xKOKSUx: caused an explosion (TANKSHELL)
[9:25:57 PM] [FnFTz#2] xKOKSUx: caused an explosion (TANKSHELL)
[9:26:00 PM] [FnFTz#2] xKOKSUx: caused an explosion (TANKSHELL)
[9:26:02 PM] [FnFTz#2] xKOKSUx: caused an explosion (TANKSHELL)
[9:26:12 PM] [FnFTz#2] xKOKSUx: caused an explosion (TANKSHELL)
[9:26:20 PM] [FnFTz#2] xKOKSUx: caused an explosion (TANKSHELL)
[9:26:22 PM] [FnFTz#2] xKOKSUx: caused an explosion (TANKSHELL)
[9:26:23 PM] [FnFTz#2] xKOKSUx: caused an explosion (TANKSHELL)
[9:26:28 PM] [FnFTz#2] xKOKSUx: caused an explosion (TANKSHELL)
[9:26:28 PM] [FnFTz#2] xKOKSUx: caused an explosion (CAR)
[9:26:30 PM] [FnFTz#2] xKOKSUx: caused an explosion (TANKSHELL)
[9:26:31 PM] [FnFTz#1] Shreider_404: set [#2] xKOKSUx on fire
[9:26:32 PM] [FnFTz#2] xKOKSUx: caused an explosion (TANKSHELL)
[9:26:33 PM] [FnFTz#2] xKOKSUx: caused an explosion (TANKSHELL)
[9:26:35 PM] [FnFTz#2] xKOKSUx: died from Fire by Shreider_404
[9:27:20 PM] [FnFTz#1] Shreider_404: enabled noclip
[9:27:32 PM] [FnFTz#1] Shreider_404: became mortal (standard mode)
[9:28:17 PM] [FnFTz#1] Shreider_404: teleported to a waypoint
[9:28:19 PM] [FnFTz#1] Shreider_404: summoned player [#2] xKOKSUx
[9:28:35 PM] [FnFTz#1] Shreider_404: teleported to a waypoint
[9:29:23 PM] [FnFTz#1] Shreider_404: teleported to a waypoint
[9:29:42 PM] [FnFTz#1] Shreider_404: enabled noclip
[9:30:02 PM] [FnFTz#1] Shreider_404: became mortal (standard mode)
[9:32:32 PM] [FnFTz#2] xKOKSUx: died from Pistol by Shreider_404
[9:35:49 PM] [FnFTz#2] xKOKSUx: died from Pistol by Shreider_404
[9:38:02 PM] [FnFTz#1] Shreider_404: died from Heavy Pistol by xKOKSUx
[9:39:40 PM] [FnFTz#1] Shreider_404: died from Heavy Pistol by xKOKSUx
[9:40:08 PM] [FnFTz#1] Shreider_404: enabled noclip
[9:40:10 PM] [FnFTz#1] Shreider_404: became mortal (standard mode)
[9:40:24 PM] [FnFTz#1] Shreider_404: enabled noclip
[9:40:30 PM] [FnFTz#1] Shreider_404: became mortal (standard mode)
[9:42:10 PM] [FnFTz#2] xKOKSUx: died from suicide (Pistol)
[9:43:07 PM] [FnFTz#2] xKOKSUx: died from suicide (Falling)
[9:44:16 PM] [FnFTz#1] Shreider_404: enabled noclip
[9:44:22 PM] [FnFTz#1] Shreider_404: teleported to player [#2] xKOKSUx (x=1604.242, y=3532.101, z=36.155)
[9:45:25 PM] [FnFTz#2] xKOKSUx: died from Pistol by Shreider_404
[9:45:27 PM] [FnFTz#1] Shreider_404: became mortal (standard mode)
[9:45:36 PM] [FnFTz#1] Shreider_404: enabled noclip
[9:45:43 PM] [FnFTz#1] Shreider_404: became mortal (standard mode)
[9:46:07 PM] [FnFTz#1] Shreider_404: started spectating player [#2] xKOKSUx
[9:46:21 PM] [FnFTz#2] xKOKSUx: died from suicide (Falling)
[9:47:01 PM] [FnFTz#1] Shreider_404: triggered wild attack on [#2] xKOKSUx
[9:47:16 PM] [FnFTz#1] Shreider_404: triggered wild attack on [#2] xKOKSUx
[9:47:37 PM] [FnFTz#1] Shreider_404: triggered wild attack on [#2] xKOKSUx
[9:47:37 PM] [FnFTz#1] Shreider_404: triggered wild attack on [#2] xKOKSUx
[9:47:37 PM] [FnFTz#1] Shreider_404: triggered wild attack on [#2] xKOKSUx
[9:48:07 PM] [FnFTz#1] Shreider_404: toggled freeze on player [#2] xKOKSUx
[9:48:08 PM] [FnFTz#1] Shreider_404: toggled freeze on player [#2] xKOKSUx
[9:48:12 PM] [FnFTz#1] Shreider_404: healed player [#2] xKOKSUx
[9:48:13 PM] [FnFTz#1] Shreider_404: triggered wild attack on [#2] xKOKSUx
[9:48:14 PM] [FnFTz#1] Shreider_404: triggered wild attack on [#2] xKOKSUx
[9:48:14 PM] [FnFTz#1] Shreider_404: triggered wild attack on [#2] xKOKSUx
[9:48:14 PM] [FnFTz#1] Shreider_404: triggered wild attack on [#2] xKOKSUx
[9:48:14 PM] [FnFTz#1] Shreider_404: triggered wild attack on [#2] xKOKSUx
[9:48:14 PM] [FnFTz#1] Shreider_404: triggered wild attack on [#2] xKOKSUx
[9:48:14 PM] [FnFTz#1] Shreider_404: triggered wild attack on [#2] xKOKSUx
[9:48:15 PM] [FnFTz#1] Shreider_404: triggered wild attack on [#2] xKOKSUx
[9:48:15 PM] [FnFTz#1] Shreider_404: triggered wild attack on [#2] xKOKSUx
[9:48:15 PM] [FnFTz#1] Shreider_404: triggered wild attack on [#2] xKOKSUx
[9:48:16 PM] [FnFTz#1] Shreider_404: triggered wild attack on [#2] xKOKSUx
[9:48:16 PM] [FnFTz#1] Shreider_404: triggered wild attack on [#2] xKOKSUx
[9:48:38 PM] [FnFTz#1] Shreider_404: triggered wild attack on [#2] xKOKSUx
[9:48:38 PM] [FnFTz#1] Shreider_404: triggered wild attack on [#2] xKOKSUx
[9:48:39 PM] [FnFTz#1] Shreider_404: triggered wild attack on [#2] xKOKSUx
[9:48:40 PM] [FnFTz#1] Shreider_404: triggered wild attack on [#2] xKOKSUx
[9:48:41 PM] [FnFTz#1] Shreider_404: triggered wild attack on [#2] xKOKSUx
[9:48:42 PM] [FnFTz#1] Shreider_404: triggered wild attack on [#2] xKOKSUx
[9:48:43 PM] [FnFTz#1] Shreider_404: triggered wild attack on [#2] xKOKSUx
[9:48:44 PM] [FnFTz#1] Shreider_404: triggered wild attack on [#2] xKOKSUx
[9:48:45 PM] [FnFTz#1] Shreider_404: triggered wild attack on [#2] xKOKSUx
[9:48:46 PM] [FnFTz#1] Shreider_404: triggered wild attack on [#2] xKOKSUx
[9:48:47 PM] [FnFTz#1] Shreider_404: triggered wild attack on [#2] xKOKSUx
[9:49:43 PM] [FnFTz#1] Shreider_404: toggled freeze on player [#2] xKOKSUx
[9:49:44 PM] [FnFTz#1] Shreider_404: toggled freeze on player [#2] xKOKSUx
[9:49:44 PM] [FnFTz#1] Shreider_404: triggered wild attack on [#2] xKOKSUx
[9:49:45 PM] [FnFTz#1] Shreider_404: triggered wild attack on [#2] xKOKSUx
[9:49:45 PM] [FnFTz#1] Shreider_404: triggered wild attack on [#2] xKOKSUx
[9:49:46 PM] [FnFTz#1] Shreider_404: triggered wild attack on [#2] xKOKSUx
[9:49:46 PM] [FnFTz#1] Shreider_404: triggered wild attack on [#2] xKOKSUx
[9:49:47 PM] [FnFTz#1] Shreider_404: triggered wild attack on [#2] xKOKSUx
[9:49:48 PM] [FnFTz#1] Shreider_404: triggered wild attack on [#2] xKOKSUx
[9:49:48 PM] [FnFTz#1] Shreider_404: triggered wild attack on [#2] xKOKSUx
[9:49:49 PM] [FnFTz#1] Shreider_404: triggered wild attack on [#2] xKOKSUx
[9:49:50 PM] [FnFTz#1] Shreider_404: triggered wild attack on [#2] xKOKSUx
[9:49:50 PM] [FnFTz#1] Shreider_404: triggered wild attack on [#2] xKOKSUx
[9:49:51 PM] [FnFTz#1] Shreider_404: triggered wild attack on [#2] xKOKSUx
[9:49:52 PM] [FnFTz#1] Shreider_404: triggered wild attack on [#2] xKOKSUx
[9:49:52 PM] [FnFTz#1] Shreider_404: triggered wild attack on [#2] xKOKSUx
[9:49:53 PM] [FnFTz#1] Shreider_404: triggered wild attack on [#2] xKOKSUx
[9:49:53 PM] [FnFTz#1] Shreider_404: triggered wild attack on [#2] xKOKSUx
[9:49:54 PM] [FnFTz#1] Shreider_404: triggered wild attack on [#2] xKOKSUx
[9:49:55 PM] [FnFTz#1] Shreider_404: triggered wild attack on [#2] xKOKSUx
[9:49:55 PM] [FnFTz#1] Shreider_404: triggered wild attack on [#2] xKOKSUx
[9:49:56 PM] [FnFTz#1] Shreider_404: triggered wild attack on [#2] xKOKSUx
[9:49:56 PM] [FnFTz#1] Shreider_404: triggered wild attack on [#2] xKOKSUx
[9:49:57 PM] [FnFTz#1] Shreider_404: triggered wild attack on [#2] xKOKSUx
[9:49:58 PM] [FnFTz#1] Shreider_404: triggered wild attack on [#2] xKOKSUx
[9:49:58 PM] [FnFTz#1] Shreider_404: triggered wild attack on [#2] xKOKSUx
[9:49:59 PM] [FnFTz#1] Shreider_404: triggered wild attack on [#2] xKOKSUx
[9:49:59 PM] [FnFTz#1] Shreider_404: triggered wild attack on [#2] xKOKSUx
[9:50:00 PM] [FnFTz#1] Shreider_404: triggered wild attack on [#2] xKOKSUx
[9:50:01 PM] [FnFTz#1] Shreider_404: triggered wild attack on [#2] xKOKSUx
[9:50:01 PM] [FnFTz#1] Shreider_404: triggered wild attack on [#2] xKOKSUx
[9:50:02 PM] [FnFTz#1] Shreider_404: triggered wild attack on [#2] xKOKSUx
[9:50:04 PM] [FnFTz#1] Shreider_404: triggered wild attack on [#2] xKOKSUx
[9:50:04 PM] [FnFTz#1] Shreider_404: triggered wild attack on [#2] xKOKSUx
[9:50:05 PM] [FnFTz#1] Shreider_404: triggered wild attack on [#2] xKOKSUx
[9:50:05 PM] [FnFTz#1] Shreider_404: triggered wild attack on [#2] xKOKSUx
[9:50:06 PM] [FnFTz#1] Shreider_404: triggered wild attack on [#2] xKOKSUx
[9:50:07 PM] [FnFTz#1] Shreider_404: triggered wild attack on [#2] xKOKSUx
[9:50:07 PM] [FnFTz#1] Shreider_404: triggered wild attack on [#2] xKOKSUx
[9:50:08 PM] [FnFTz#1] Shreider_404: triggered wild attack on [#2] xKOKSUx
[9:50:43 PM] [FnFTz#1] Shreider_404: started spectating player [#2] xKOKSUx
[9:50:53 PM] [FnFTz#1] Shreider_404: enabled noclip
[9:51:03 PM] [FnFTz#1] Shreider_404: summoned player [#2] xKOKSUx
[9:51:34 PM] [FnFTz#1] Shreider_404: summoned player [#2] xKOKSUx
[9:51:43 PM] [FnFTz#1] Shreider_404: triggered wild attack on [#2] xKOKSUx
[9:51:43 PM] [FnFTz#1] Shreider_404: triggered wild attack on [#2] xKOKSUx
[9:51:43 PM] [FnFTz#1] Shreider_404: triggered wild attack on [#2] xKOKSUx
[9:51:43 PM] [FnFTz#1] Shreider_404: triggered wild attack on [#2] xKOKSUx
[9:51:43 PM] [FnFTz#1] Shreider_404: triggered wild attack on [#2] xKOKSUx
[9:51:44 PM] [FnFTz#1] Shreider_404: triggered wild attack on [#2] xKOKSUx
[9:51:44 PM] [FnFTz#1] Shreider_404: triggered wild attack on [#2] xKOKSUx
[9:51:45 PM] [FnFTz#1] Shreider_404: triggered wild attack on [#2] xKOKSUx
[9:51:45 PM] [FnFTz#1] Shreider_404: triggered wild attack on [#2] xKOKSUx
[9:51:45 PM] [FnFTz#1] Shreider_404: triggered wild attack on [#2] xKOKSUx
[9:51:45 PM] [FnFTz#1] Shreider_404: triggered wild attack on [#2] xKOKSUx
[9:52:04 PM] [FnFTz#2] xKOKSUx: died from Pistol by Shreider_404
[9:52:07 PM] [FnFTz#1] Shreider_404: became mortal (standard mode)
[9:52:27 PM] [FnFTz#2] xKOKSUx: died from Fist by Shreider_404
[9:52:54 PM] [FnFTz#1] Shreider_404: triggered wild attack on [#2] xKOKSUx
[9:53:44 PM] [FnFTz#1] Shreider_404: toggled freeze on player [#2] xKOKSUx
[9:53:44 PM] [FnFTz#1] Shreider_404: toggled freeze on player [#2] xKOKSUx
[9:53:45 PM] [FnFTz#1] Shreider_404: triggered wild attack on [#2] xKOKSUx
[9:54:13 PM] [FnFTz#2] xKOKSUx: died from suicide (Animal)
[9:55:26 PM] [FnFTz#1] Shreider_404: died from Heavy Pistol by xKOKSUx
[9:56:01 PM] [FnFTz#2] xKOKSUx: died from Fist by Shreider_404
[10:05:20 PM] [FnFTz#2] xKOKSUx: died from Pistol by Shreider_404
[10:05:29 PM] [FnFTz#1] Shreider_404: disconnected (Exiting)
[10:05:31 PM] [FnFTz#2] xKOKSUx: disconnected (Server shutting down: SIGHUP received)
