
================================================================
======== txAdmin Starting - 12/30/2023, 4:32:20 AM              
================================================================

================================================================
======== Log Rotated - 12/30/2023, 4:32:20 AM                   
================================================================
[4:32:23 AM] txAdmin: Logger started
[4:33:42 AM] [Lpn36#1] Shreider_404: joined with identifiers [steam:110000111a53809; license:d641cd1c0ae086320fde9e9356924dc9406c5f3c; xbl:2535441965427220; live:914798166534894; discord:329694307818930176; fivem:1320305; license2:d641cd1c0ae086320fde9e9356924dc9406c5f3c]
[4:46:37 AM] [Lpn36#1] Shreider_404: said "/modelsave"
[4:48:35 AM] [Lpn36#1] Shreider_404: disconnected (Exiting)
[4:48:56 AM] [Lpn36#2] Shreider_404: joined with identifiers [steam:110000111a53809; license:d641cd1c0ae086320fde9e9356924dc9406c5f3c; xbl:2535441965427220; live:914798166534894; discord:329694307818930176; fivem:1320305; license2:d641cd1c0ae086320fde9e9356924dc9406c5f3c]
[4:50:50 AM] [Lpn36#2] Shreider_404: turned show player IDs on
[6:19:22 AM] [Lpn36#2] Shreider_404: disconnected (Exiting)
[6:21:53 AM] [Lpn36#3] Shreider_404: joined with identifiers [steam:110000111a53809; license:d641cd1c0ae086320fde9e9356924dc9406c5f3c; xbl:2535441965427220; live:914798166534894; discord:329694307818930176; fivem:1320305; license2:d641cd1c0ae086320fde9e9356924dc9406c5f3c]
[6:34:05 AM] [Lpn36#3] Shreider_404: disconnected (Exiting)
[6:35:13 AM] [Lpn36#4] Shreider_404: joined with identifiers [steam:110000111a53809; license:d641cd1c0ae086320fde9e9356924dc9406c5f3c; xbl:2535441965427220; live:914798166534894; discord:329694307818930176; fivem:1320305; license2:d641cd1c0ae086320fde9e9356924dc9406c5f3c]
[6:45:01 AM] [Lpn36#4] Shreider_404: disconnected (Reliable network event overflow.)
[6:46:34 AM] [Lpn36#5] Shreider_404: joined with identifiers [steam:110000111a53809; license:d641cd1c0ae086320fde9e9356924dc9406c5f3c; xbl:2535441965427220; live:914798166534894; discord:329694307818930176; fivem:1320305; license2:d641cd1c0ae086320fde9e9356924dc9406c5f3c]
[6:47:07 AM] [Lpn36#5] Shreider_404: said "/mask"
[6:47:07 AM] [Lpn36#5] Shreider_404: said "/report"
[6:47:16 AM] [Lpn36#5] Shreider_404: disconnected (Reliable network event overflow.)
[6:48:40 AM] [Lpn36#6] Shreider_404: joined with identifiers [steam:110000111a53809; license:d641cd1c0ae086320fde9e9356924dc9406c5f3c; xbl:2535441965427220; live:914798166534894; discord:329694307818930176; fivem:1320305; license2:d641cd1c0ae086320fde9e9356924dc9406c5f3c]
[6:50:40 AM] [Lpn36#6] Shreider_404: disconnected (Exiting)
[6:50:55 AM] [Lpn36#7] Shreider_404: joined with identifiers [steam:110000111a53809; license:d641cd1c0ae086320fde9e9356924dc9406c5f3c; xbl:2535441965427220; live:914798166534894; discord:329694307818930176; fivem:1320305; license2:d641cd1c0ae086320fde9e9356924dc9406c5f3c]
[6:55:11 AM] [Lpn36#7] Shreider_404: disconnected (Exiting)
[6:55:34 AM] [Lpn36#8] Shreider_404: joined with identifiers [steam:110000111a53809; license:d641cd1c0ae086320fde9e9356924dc9406c5f3c; xbl:2535441965427220; live:914798166534894; discord:329694307818930176; fivem:1320305; license2:d641cd1c0ae086320fde9e9356924dc9406c5f3c]
[6:56:19 AM] [Lpn36#8] Shreider_404: disconnected (Exiting)
[6:56:34 AM] [Lpn36#9] Shreider_404: joined with identifiers [steam:110000111a53809; license:d641cd1c0ae086320fde9e9356924dc9406c5f3c; xbl:2535441965427220; live:914798166534894; discord:329694307818930176; fivem:1320305; license2:d641cd1c0ae086320fde9e9356924dc9406c5f3c]
[6:58:54 AM] [Lpn36#9] Shreider_404: disconnected (Exiting)
[6:59:09 AM] [Lpn36#10] Shreider_404: joined with identifiers [steam:110000111a53809; license:d641cd1c0ae086320fde9e9356924dc9406c5f3c; xbl:2535441965427220; live:914798166534894; discord:329694307818930176; fivem:1320305; license2:d641cd1c0ae086320fde9e9356924dc9406c5f3c]
[7:00:59 AM] [Lpn36#10] Shreider_404: disconnected (Exiting)
[7:01:41 AM] [Lpn36#11] Shreider_404: joined with identifiers [steam:110000111a53809; license:d641cd1c0ae086320fde9e9356924dc9406c5f3c; xbl:2535441965427220; live:914798166534894; discord:329694307818930176; fivem:1320305; license2:d641cd1c0ae086320fde9e9356924dc9406c5f3c]
[7:04:25 AM] [Lpn36#11] Shreider_404: disconnected (Exiting)
[7:04:41 AM] [Lpn36#12] Shreider_404: joined with identifiers [steam:110000111a53809; license:d641cd1c0ae086320fde9e9356924dc9406c5f3c; xbl:2535441965427220; live:914798166534894; discord:329694307818930176; fivem:1320305; license2:d641cd1c0ae086320fde9e9356924dc9406c5f3c]
[7:09:47 AM] [Lpn36#12] Shreider_404: disconnected (Exiting)

================================================================
======== txAdmin Starting - 12/30/2023, 9:54:57 AM              
================================================================
[9:55:07 AM] txAdmin: Logger started
[9:56:22 AM] txAdmin: Logger started
[9:56:41 AM] [r4PFw#1] Shreider_404: joined with identifiers [steam:110000111a53809; license:d641cd1c0ae086320fde9e9356924dc9406c5f3c; xbl:2535441965427220; live:914798166534894; discord:329694307818930176; fivem:1320305; license2:d641cd1c0ae086320fde9e9356924dc9406c5f3c]
[9:58:13 AM] [r4PFw#1] Shreider_404: enabled noclip
[9:58:15 AM] [r4PFw#1] Shreider_404: became mortal (standard mode)
[9:58:17 AM] [r4PFw#1] Shreider_404: enabled noclip
[9:58:18 AM] [r4PFw#1] Shreider_404: became mortal (standard mode)
[9:58:59 AM] [r4PFw#1] Shreider_404: died from suicide (Falling)
[10:13:00 AM] [r4PFw#1] Shreider_404: disconnected (Couldn't load resource PlayerManager: Couldn't load resource PlayerManager from resources:/PlayerMan)
[10:13:42 AM] txAdmin: Logger started
[10:13:47 AM] [TJFmT#1] Shreider_404: joined with identifiers [steam:110000111a53809; license:d641cd1c0ae086320fde9e9356924dc9406c5f3c; xbl:2535441965427220; live:914798166534894; discord:329694307818930176; fivem:1320305; license2:d641cd1c0ae086320fde9e9356924dc9406c5f3c]
[10:14:26 AM] [TJFmT#1] Shreider_404: said "/propfix"
[10:22:45 AM] [TJFmT#1] Shreider_404: enabled noclip
[10:22:47 AM] [TJFmT#1] Shreider_404: became mortal (standard mode)
[10:22:50 AM] [TJFmT#1] Shreider_404: turned show player IDs on
[10:22:52 AM] [TJFmT#1] Shreider_404: died from suicide (Falling)
[10:25:44 AM] [TJFmT#1] Shreider_404: enabled noclip
[10:25:46 AM] [TJFmT#1] Shreider_404: became mortal (standard mode)
[10:25:49 AM] [TJFmT#1] Shreider_404: died from suicide (Falling)
[10:27:18 AM] [TJFmT#1] Shreider_404: died from suicide (Falling)
[10:28:17 AM] [TJFmT#1] Shreider_404: enabled noclip
[10:28:20 AM] [TJFmT#1] Shreider_404: became mortal (standard mode)
[10:28:24 AM] [TJFmT#1] Shreider_404: died from suicide (Falling)
[10:31:21 AM] [TJFmT#1] Shreider_404: enabled noclip
[10:31:22 AM] [TJFmT#1] Shreider_404: became mortal (standard mode)
[10:31:25 AM] [TJFmT#1] Shreider_404: died from suicide (Falling)
[10:35:32 AM] [TJFmT#1] Shreider_404: enabled noclip
[10:35:34 AM] [TJFmT#1] Shreider_404: became mortal (standard mode)
[10:35:38 AM] [TJFmT#1] Shreider_404: died from suicide (Falling)
[10:35:57 AM] [TJFmT#1] Shreider_404: died from suicide (Falling)
[10:36:10 AM] [TJFmT#1] Shreider_404: died from suicide (Falling)
[10:37:21 AM] [TJFmT#1] Shreider_404: enabled noclip
[10:37:34 AM] [TJFmT#1] Shreider_404: became mortal (standard mode)
[10:38:06 AM] [TJFmT#1] Shreider_404: disconnected (Exiting)
