
================================================================
======== txAdmin Starting - 12/7/2023, 2:20:44 PM               
================================================================

================================================================
======== Log Rotated - 12/7/2023, 2:20:44 PM                    
================================================================
[2:20:59 PM] txAdmin: Logger started
[2:25:17 PM] [a9TQX#1] Shreider_404: joined with identifiers [steam:110000111a53809; license:d641cd1c0ae086320fde9e9356924dc9406c5f3c; xbl:2535441965427220; live:914798166534894; discord:329694307818930176; fivem:1320305; license2:d641cd1c0ae086320fde9e9356924dc9406c5f3c]
[2:25:50 PM] [a9TQX#2] Dragoon: joined with identifiers [steam:11000010ce79e25; license:81ebef857743b3fc86e0013d82e298a58ef764cf; xbl:2535423585535646; live:844428308609375; discord:308602476574277634; license2:1a4d6a768a99bab7445b764fd3bdaba4df45e4e3]
[2:29:24 PM] [a9TQX#1] Shreider_404: died from suicide (Falling)
[2:29:26 PM] [a9TQX#2] Dragoon: died from suicide (Falling)
[2:30:52 PM] [a9TQX#1] Shreider_404: enabled noclip
[2:33:16 PM] [a9TQX#2] Dragoon: disconnected (Exiting)
[2:33:38 PM] [a9TQX#3] Dragoon: joined with identifiers [steam:11000010ce79e25; license:81ebef857743b3fc86e0013d82e298a58ef764cf; xbl:2535423585535646; live:844428308609375; discord:308602476574277634; license2:1a4d6a768a99bab7445b764fd3bdaba4df45e4e3]
[2:33:57 PM] [a9TQX#1] Shreider_404: became mortal (standard mode)
[2:34:16 PM] [a9TQX#1] Shreider_404: turned show player IDs on
[2:34:33 PM] [a9TQX#1] Shreider_404: died from Fist by Dragoon
[2:35:26 PM] [a9TQX#1] Shreider_404: teleported to player [#3] Dragoon (x=-322.246, y=2044.879, z=145.173)
[2:37:44 PM] [a9TQX#3] Dragoon: died from suicide (Falling)
[2:39:51 PM] [a9TQX#3] Dragoon: said "/k"
[2:42:59 PM] [a9TQX#3] Dragoon: died from Pistol by Shreider_404
[2:47:00 PM] [a9TQX#1] Shreider_404: enabled noclip

================================================================
======== txAdmin Starting - 12/7/2023, 2:52:04 PM               
================================================================
[2:52:08 PM] txAdmin: Logger started
[2:52:55 PM] [EBD3g#1] Shreider_404: joined with identifiers [steam:110000111a53809; license:d641cd1c0ae086320fde9e9356924dc9406c5f3c; xbl:2535441965427220; live:914798166534894; discord:329694307818930176; fivem:1320305; license2:d641cd1c0ae086320fde9e9356924dc9406c5f3c]
[2:59:29 PM] [EBD3g#1] Shreider_404: enabled noclip
[3:20:03 PM] [EBD3g#1] Shreider_404: became mortal (standard mode)
[3:21:59 PM] [EBD3g#1] Shreider_404: enabled noclip
[3:22:02 PM] [EBD3g#1] Shreider_404: became mortal (standard mode)
[3:22:32 PM] [EBD3g#1] Shreider_404: enabled noclip
[3:22:34 PM] [EBD3g#1] Shreider_404: became mortal (standard mode)
[3:22:37 PM] [EBD3g#1] Shreider_404: enabled noclip
[3:22:39 PM] [EBD3g#1] Shreider_404: became mortal (standard mode)
[3:23:36 PM] [EBD3g#2] Dragoon: joined with identifiers [steam:11000010ce79e25; license:81ebef857743b3fc86e0013d82e298a58ef764cf; xbl:2535423585535646; live:844428308609375; discord:308602476574277634; license2:1a4d6a768a99bab7445b764fd3bdaba4df45e4e3]
[3:24:41 PM] [EBD3g#1] Shreider_404: disconnected (Couldn't load resource Utility: Couldn't load resource Utility from resources:/Utility/: Could not o)
[3:24:41 PM] [EBD3g#2] Dragoon: disconnected (Couldn't load resource Utility: Couldn't load resource Utility from resources:/Utility/: Could not o)

================================================================
======== txAdmin Starting - 12/7/2023, 3:25:26 PM               
================================================================
[3:25:33 PM] txAdmin: Logger started
[3:25:37 PM] [HUEjF#1] Shreider_404: joined with identifiers [steam:110000111a53809; license:d641cd1c0ae086320fde9e9356924dc9406c5f3c; xbl:2535441965427220; live:914798166534894; discord:329694307818930176; fivem:1320305; license2:d641cd1c0ae086320fde9e9356924dc9406c5f3c]
[3:25:44 PM] [HUEjF#2] Dragoon: joined with identifiers [steam:11000010ce79e25; license:81ebef857743b3fc86e0013d82e298a58ef764cf; xbl:2535423585535646; live:844428308609375; discord:308602476574277634; license2:1a4d6a768a99bab7445b764fd3bdaba4df45e4e3]
[3:27:04 PM] [HUEjF#2] Dragoon: died from suicide (Falling)
[3:27:04 PM] [HUEjF#1] Shreider_404: died from suicide (Falling)
[3:27:24 PM] [HUEjF#1] Shreider_404: teleported to player [#2] Dragoon (x=-327.297, y=1973.657, z=148.391)
[3:28:02 PM] [HUEjF#2] Dragoon: died from Pistol by Shreider_404
[3:31:09 PM] [HUEjF#1] Shreider_404: enabled noclip
[3:31:13 PM] [HUEjF#1] Shreider_404: became mortal (standard mode)
[3:33:08 PM] [HUEjF#1] Shreider_404: enabled noclip
[3:33:31 PM] [HUEjF#1] Shreider_404: became mortal (standard mode)
[3:38:47 PM] [HUEjF#1] Shreider_404: enabled noclip
[3:39:01 PM] [HUEjF#1] Shreider_404: became mortal (standard mode)
[3:45:05 PM] [HUEjF#1] Shreider_404: teleported to player [#2] Dragoon (x=-774.844, y=339.007, z=212.640)
[3:46:14 PM] [HUEjF#1] Shreider_404: said "-173.5671, 6265.0864, 31.4894, 240.1068"
[3:46:37 PM] [HUEjF#1] Shreider_404: teleported to player [#2] Dragoon (x=-144.224, y=6336.092, z=31.453)
[3:47:02 PM] [HUEjF#1] Shreider_404: died from Pistol .50 by Dragoon
[3:54:01 PM] [HUEjF#1] Shreider_404: started spectating player [#2] Dragoon
[3:55:10 PM] [HUEjF#1] Shreider_404: started spectating player [#2] Dragoon
[3:55:25 PM] [HUEjF#1] Shreider_404: triggered wild attack on [#2] Dragoon
[3:55:45 PM] [HUEjF#1] Shreider_404: triggered wild attack on [#2] Dragoon
[3:55:46 PM] [HUEjF#1] Shreider_404: triggered wild attack on [#2] Dragoon
[3:55:47 PM] [HUEjF#1] Shreider_404: triggered wild attack on [#2] Dragoon
[3:55:48 PM] [HUEjF#1] Shreider_404: triggered wild attack on [#2] Dragoon
[3:55:51 PM] [HUEjF#2] Dragoon: died from suicide (Falling)
[3:57:42 PM] [HUEjF#1] Shreider_404: enabled noclip
[3:57:44 PM] [HUEjF#1] Shreider_404: became mortal (standard mode)
[3:58:21 PM] [HUEjF#1] Shreider_404: disconnected (Exiting)
[3:59:05 PM] [HUEjF#3] Shreider_404: joined with identifiers [steam:110000111a53809; license:d641cd1c0ae086320fde9e9356924dc9406c5f3c; xbl:2535441965427220; live:914798166534894; discord:329694307818930176; fivem:1320305; license2:d641cd1c0ae086320fde9e9356924dc9406c5f3c]
[4:00:21 PM] [HUEjF#3] Shreider_404: died from suicide (Falling)
[4:01:50 PM] [HUEjF#3] Shreider_404: died from Pistol .50 by Dragoon
[4:03:25 PM] [HUEjF#2] Dragoon: died from Pistol by Shreider_404
[4:05:32 PM] [HUEjF#2] Dragoon: died from SNS Pistol by Shreider_404
[4:06:52 PM] [HUEjF#3] Shreider_404: enabled noclip
[4:06:57 PM] [HUEjF#3] Shreider_404: became mortal (standard mode)
[4:08:33 PM] [HUEjF#3] Shreider_404: said "devstart"
[4:15:14 PM] [HUEjF#2] Dragoon: died from Pistol by Shreider_404
[4:18:57 PM] [HUEjF#3] Shreider_404: died from Fist by Dragoon
[4:25:46 PM] [HUEjF#3] Shreider_404: said "/fg"
[4:28:36 PM] [HUEjF#3] Shreider_404: disconnected (Couldn't load resource Alert: Couldn't load resource Alert from resources:/Alert/: Could not open re)
[4:28:36 PM] [HUEjF#2] Dragoon: disconnected (Couldn't load resource Alert: Couldn't load resource Alert from resources:/Alert/: Could not open re)

================================================================
======== txAdmin Starting - 12/7/2023, 11:10:22 PM              
================================================================
[11:10:38 PM] txAdmin: Logger started
[11:12:13 PM] [CeHhA#1] Shreider_404: joined with identifiers [steam:110000111a53809; license:d641cd1c0ae086320fde9e9356924dc9406c5f3c; xbl:2535441965427220; live:914798166534894; discord:329694307818930176; fivem:1320305; license2:d641cd1c0ae086320fde9e9356924dc9406c5f3c]
[11:26:44 PM] [CeHhA#1] Shreider_404: disconnected (Exiting)
