
================================================================
======== txAdmin Starting - 12/29/2023, 2:47:53 PM              
================================================================

================================================================
======== Log Rotated - 12/29/2023, 2:47:53 PM                   
================================================================
[2:48:03 PM] txAdmin: Logger started
[2:53:30 PM] [8p7ED#1] Shreider_404: joined with identifiers [steam:110000111a53809; license:d641cd1c0ae086320fde9e9356924dc9406c5f3c; xbl:2535441965427220; live:914798166534894; discord:329694307818930176; fivem:1320305; license2:d641cd1c0ae086320fde9e9356924dc9406c5f3c]
[3:20:34 PM] [8p7ED#1] Shreider_404: said "/skinmod"
[3:22:02 PM] [8p7ED#1] Shreider_404: said "/skinmod"
[3:22:33 PM] [8p7ED#1] Shreider_404: said "/clear"
[3:22:45 PM] [8p7ED#1] Shreider_404: said "/chat:clear"
[3:25:54 PM] [8p7ED#2] Shreider_404: joined with identifiers [steam:110000111a53809; license:d641cd1c0ae086320fde9e9356924dc9406c5f3c; xbl:2535441965427220; live:914798166534894; discord:329694307818930176; fivem:1320305; license2:d641cd1c0ae086320fde9e9356924dc9406c5f3c]
[3:27:02 PM] [8p7ED#1] Shreider_404: turned show player IDs on
[3:29:43 PM] [8p7ED#2] Shreider_404: said "/mask"
[3:29:43 PM] [8p7ED#2] Shreider_404: said "/report"
[3:32:51 PM] [8p7ED#2] Shreider_404: said "/skinwet"
[3:34:01 PM] [8p7ED#1] Shreider_404: said "/clear"
[3:34:34 PM] [8p7ED#2] Shreider_404: disconnected (Exiting)
[3:48:01 PM] [8p7ED#1] Shreider_404: disconnected (Exiting)

================================================================
======== txAdmin Starting - 12/29/2023, 6:45:27 PM              
================================================================
[6:45:39 PM] txAdmin: Logger started
[6:48:30 PM] [cA7n8#1] Shreider_404: joined with identifiers [steam:110000111a53809; license:d641cd1c0ae086320fde9e9356924dc9406c5f3c; xbl:2535441965427220; live:914798166534894; discord:329694307818930176; fivem:1320305; license2:d641cd1c0ae086320fde9e9356924dc9406c5f3c]
[7:12:57 PM] [cA7n8#1] Shreider_404: said "/skinedit hair 11 0"
[7:33:53 PM] [cA7n8#1] Shreider_404: disconnected (Exiting)

================================================================
======== txAdmin Starting - 12/29/2023, 8:28:40 PM              
================================================================
[8:28:44 PM] txAdmin: Logger started
[8:29:15 PM] [fVhzd#1] Shreider_404: joined with identifiers [steam:110000111a53809; license:d641cd1c0ae086320fde9e9356924dc9406c5f3c; xbl:2535441965427220; live:914798166534894; discord:329694307818930176; fivem:1320305; license2:d641cd1c0ae086320fde9e9356924dc9406c5f3c]
[9:13:05 PM] [fVhzd#1] Shreider_404: disconnected (Exiting)

================================================================
======== txAdmin Starting - 12/29/2023, 9:13:18 PM              
================================================================
[9:13:21 PM] txAdmin: Logger started
[9:13:48 PM] [wzW76#1] Shreider_404: joined with identifiers [steam:110000111a53809; license:d641cd1c0ae086320fde9e9356924dc9406c5f3c; xbl:2535441965427220; live:914798166534894; discord:329694307818930176; fivem:1320305; license2:d641cd1c0ae086320fde9e9356924dc9406c5f3c]
[9:20:27 PM] [wzW76#1] Shreider_404: said "/asd"
[9:31:39 PM] [wzW76#1] Shreider_404: disconnected (Exiting)
[9:32:03 PM] [wzW76#2] Shreider_404: joined with identifiers [steam:110000111a53809; license:d641cd1c0ae086320fde9e9356924dc9406c5f3c; xbl:2535441965427220; live:914798166534894; discord:329694307818930176; fivem:1320305; license2:d641cd1c0ae086320fde9e9356924dc9406c5f3c]
[9:33:05 PM] [wzW76#2] Shreider_404: disconnected (Exiting)
[9:33:28 PM] [wzW76#3] Shreider_404: joined with identifiers [steam:110000111a53809; license:d641cd1c0ae086320fde9e9356924dc9406c5f3c; xbl:2535441965427220; live:914798166534894; discord:329694307818930176; fivem:1320305; license2:d641cd1c0ae086320fde9e9356924dc9406c5f3c]
[9:35:52 PM] [wzW76#3] Shreider_404: disconnected (Exiting)
[9:36:07 PM] txAdmin: Logger started
[9:36:33 PM] [9DYC9#1] Shreider_404: joined with identifiers [steam:110000111a53809; license:d641cd1c0ae086320fde9e9356924dc9406c5f3c; xbl:2535441965427220; live:914798166534894; discord:329694307818930176; fivem:1320305; license2:d641cd1c0ae086320fde9e9356924dc9406c5f3c]
[9:37:09 PM] [9DYC9#1] Shreider_404: said "/asd"
[9:37:19 PM] [9DYC9#1] Shreider_404: said "/asd"
[9:38:07 PM] [9DYC9#1] Shreider_404: said "/asd"
[9:38:11 PM] [9DYC9#1] Shreider_404: said "/asd"
[9:38:41 PM] [9DYC9#1] Shreider_404: said "/asd"

================================================================
======== txAdmin Starting - 12/29/2023, 9:41:11 PM              
================================================================
[9:41:14 PM] txAdmin: Logger started
[9:41:50 PM] [j4yVn#1] Shreider_404: joined with identifiers [steam:110000111a53809; license:d641cd1c0ae086320fde9e9356924dc9406c5f3c; xbl:2535441965427220; live:914798166534894; discord:329694307818930176; fivem:1320305; license2:d641cd1c0ae086320fde9e9356924dc9406c5f3c]
[9:48:42 PM] [j4yVn#1] Shreider_404: turned show player IDs on
[10:18:39 PM] [j4yVn#1] Shreider_404: disconnected (Reliable network event overflow.)
[10:19:12 PM] [j4yVn#2] Shreider_404: joined with identifiers [steam:110000111a53809; license:d641cd1c0ae086320fde9e9356924dc9406c5f3c; xbl:2535441965427220; live:914798166534894; discord:329694307818930176; fivem:1320305; license2:d641cd1c0ae086320fde9e9356924dc9406c5f3c]
[10:22:51 PM] [j4yVn#2] Shreider_404: disconnected (Exiting)
