
================================================================
======== txAdmin Starting - 11/24/2023, 2:53:22 PM              
================================================================

================================================================
======== Log Rotated - 11/24/2023, 2:53:22 PM                   
================================================================
[2:53:40 PM] txAdmin: Logger started

================================================================
======== txAdmin Starting - 11/24/2023, 2:55:32 PM              
================================================================
[2:55:37 PM] txAdmin: Logger started
[2:57:45 PM] [AWKpY#1] Shreider_404: joined with identifiers [steam:110000111a53809; license:d641cd1c0ae086320fde9e9356924dc9406c5f3c; xbl:2535441965427220; live:914798166534894; discord:329694307818930176; fivem:1320305; license2:d641cd1c0ae086320fde9e9356924dc9406c5f3c]
[3:13:18 PM] [AWKpY#1] Shreider_404: said "/devdel5890"
[3:13:24 PM] [AWKpY#1] Shreider_404: said "/devdel 5890"
[3:13:54 PM] [AWKpY#1] Shreider_404: said "/devdel 6146"
[3:14:30 PM] [AWKpY#1] Shreider_404: said "/devdet"
[3:15:33 PM] [AWKpY#1] Shreider_404: said "//devcreate"
[3:35:06 PM] [AWKpY#1] Shreider_404: said "/devdet"
[3:55:00 PM] [AWKpY#1] Shreider_404: disconnected (Exiting)
[3:55:43 PM] [AWKpY#2] Shreider_404: joined with identifiers [steam:110000111a53809; license:d641cd1c0ae086320fde9e9356924dc9406c5f3c; xbl:2535441965427220; live:914798166534894; discord:329694307818930176; fivem:1320305; license2:d641cd1c0ae086320fde9e9356924dc9406c5f3c]
[3:56:35 PM] [AWKpY#3] Shreider_404: joined with identifiers [steam:110000111a53809; license:d641cd1c0ae086320fde9e9356924dc9406c5f3c; xbl:2535441965427220; live:914798166534894; discord:329694307818930176; fivem:1320305; license2:d641cd1c0ae086320fde9e9356924dc9406c5f3c]
[3:57:59 PM] [AWKpY#3] Shreider_404: said "/mask"
[3:57:59 PM] [AWKpY#3] Shreider_404: said "/report"
[3:58:26 PM] [AWKpY#3] Shreider_404: said "/cleqr"
[4:02:04 PM] [AWKpY#3] Shreider_404: disconnected (Exiting)
[4:03:41 PM] [AWKpY#4] Shreider_404: joined with identifiers [steam:110000111a53809; license:d641cd1c0ae086320fde9e9356924dc9406c5f3c; xbl:2535441965427220; live:914798166534894; discord:329694307818930176; fivem:1320305; license2:d641cd1c0ae086320fde9e9356924dc9406c5f3c]
[4:04:56 PM] [AWKpY#2] Shreider_404: died from suicide (Falling)
[4:04:58 PM] [AWKpY#4] Shreider_404: died from suicide (Falling)
[4:05:26 PM] [AWKpY#4] Shreider_404: teleported to player [#2] Shreider_404 (x=-210.804, y=2043.020, z=140.724)
[4:06:30 PM] [AWKpY#4] Shreider_404: died from Pistol by Shreider_404
[4:06:49 PM] [AWKpY#2] Shreider_404: said "/stop-game"
[4:07:35 PM] [AWKpY#2] Shreider_404: said "/mask"
[4:07:35 PM] [AWKpY#2] Shreider_404: said "/report"
[4:08:13 PM] [AWKpY#2] Shreider_404: said "/devge"
[4:09:29 PM] [AWKpY#4] Shreider_404: disconnected (Exiting)
[4:09:32 PM] [AWKpY#2] Shreider_404: disconnected (Exiting)
[5:00:14 PM] [AWKpY#5] Shreider_404: joined with identifiers [steam:110000111a53809; license:d641cd1c0ae086320fde9e9356924dc9406c5f3c; xbl:2535441965427220; live:914798166534894; discord:329694307818930176; fivem:1320305; license2:d641cd1c0ae086320fde9e9356924dc9406c5f3c]
[5:16:23 PM] [AWKpY#5] Shreider_404: enabled noclip
[5:16:41 PM] [AWKpY#5] Shreider_404: became mortal (standard mode)
[5:16:46 PM] [AWKpY#5] Shreider_404: enabled noclip
[5:16:56 PM] [AWKpY#5] Shreider_404: became mortal (standard mode)
[5:28:12 PM] [AWKpY#5] Shreider_404: enabled noclip
[5:28:22 PM] [AWKpY#5] Shreider_404: became mortal (standard mode)
[5:28:46 PM] [AWKpY#5] Shreider_404: enabled noclip
[5:28:54 PM] [AWKpY#5] Shreider_404: became mortal (standard mode)
[5:31:20 PM] [AWKpY#5] Shreider_404: enabled noclip
[5:31:25 PM] [AWKpY#5] Shreider_404: became mortal (standard mode)
[5:31:50 PM] [AWKpY#5] Shreider_404: enabled noclip
[5:31:52 PM] [AWKpY#5] Shreider_404: became mortal (standard mode)
[5:31:54 PM] [AWKpY#5] Shreider_404: died from suicide (Falling)
[5:33:28 PM] [AWKpY#5] Shreider_404: enabled noclip
[5:33:48 PM] [AWKpY#5] Shreider_404: became mortal (standard mode)
[5:41:38 PM] [AWKpY#6] Shreider_404: joined with identifiers [steam:110000111a53809; license:d641cd1c0ae086320fde9e9356924dc9406c5f3c; xbl:2535441965427220; live:914798166534894; discord:329694307818930176; fivem:1320305; license2:d641cd1c0ae086320fde9e9356924dc9406c5f3c]
[5:42:21 PM] [AWKpY#6] Shreider_404: teleported to player [#5] Shreider_404 (x=-790.088, y=341.565, z=230.635)
[5:43:25 PM] [AWKpY#6] Shreider_404: disconnected (Exiting)
[5:55:13 PM] [AWKpY#7] Shreider_404: joined with identifiers [steam:110000111a53809; license:d641cd1c0ae086320fde9e9356924dc9406c5f3c; xbl:2535441965427220; live:914798166534894; discord:329694307818930176; fivem:1320305; license2:d641cd1c0ae086320fde9e9356924dc9406c5f3c]
[5:55:56 PM] [AWKpY#7] Shreider_404: teleported to player [#5] Shreider_404 (x=-780.396, y=321.534, z=230.635)
[5:58:05 PM] [AWKpY#5] Shreider_404: turned show player IDs on
[5:58:13 PM] [AWKpY#7] Shreider_404: disconnected (Exiting)
[6:07:47 PM] [AWKpY#8] Shreider_404: joined with identifiers [steam:110000111a53809; license:d641cd1c0ae086320fde9e9356924dc9406c5f3c; xbl:2535441965427220; live:914798166534894; discord:329694307818930176; fivem:1320305; license2:d641cd1c0ae086320fde9e9356924dc9406c5f3c]
[6:08:29 PM] [AWKpY#8] Shreider_404: teleported to player [#5] Shreider_404 (x=-780.356, y=320.875, z=230.635)
[6:09:09 PM] [AWKpY#8] Shreider_404: disconnected (Exiting)
[6:13:49 PM] [AWKpY#5] Shreider_404: disconnected (Exiting)
[6:14:08 PM] [AWKpY#9] Shreider_404: joined with identifiers [steam:110000111a53809; license:d641cd1c0ae086320fde9e9356924dc9406c5f3c; xbl:2535441965427220; live:914798166534894; discord:329694307818930176; fivem:1320305; license2:d641cd1c0ae086320fde9e9356924dc9406c5f3c]
[6:14:50 PM] [AWKpY#9] Shreider_404: enabled noclip
[6:15:04 PM] [AWKpY#9] Shreider_404: became mortal (standard mode)
[6:15:22 PM] [AWKpY#10] Shreider_404: joined with identifiers [steam:110000111a53809; license:d641cd1c0ae086320fde9e9356924dc9406c5f3c; xbl:2535441965427220; live:914798166534894; discord:329694307818930176; fivem:1320305; license2:d641cd1c0ae086320fde9e9356924dc9406c5f3c]
[6:16:17 PM] [AWKpY#10] Shreider_404: teleported to player [#9] Shreider_404 (x=-755.077, y=318.897, z=230.635)
[6:16:33 PM] [AWKpY#10] Shreider_404: disconnected (Exiting)
[6:38:34 PM] [AWKpY#11] Shreider_404: joined with identifiers [steam:110000111a53809; license:d641cd1c0ae086320fde9e9356924dc9406c5f3c; xbl:2535441965427220; live:914798166534894; discord:329694307818930176; fivem:1320305; license2:d641cd1c0ae086320fde9e9356924dc9406c5f3c]
[6:39:31 PM] [AWKpY#11] Shreider_404: died from suicide (Falling)
[6:39:31 PM] [AWKpY#9] Shreider_404: died from suicide (Falling)
[6:41:16 PM] [AWKpY#11] Shreider_404: said "game-start"
[6:41:21 PM] [AWKpY#11] Shreider_404: said "/game-start"
[6:42:26 PM] [AWKpY#11] Shreider_404: died from suicide (Falling)
[6:45:32 PM] [AWKpY#11] Shreider_404: enabled noclip
[6:45:36 PM] [AWKpY#11] Shreider_404: became mortal (standard mode)
[6:45:48 PM] [AWKpY#9] Shreider_404: died from suicide
[6:46:40 PM] [AWKpY#11] Shreider_404: died from suicide (Falling)
[6:46:40 PM] [AWKpY#9] Shreider_404: died from suicide (Falling)
[6:49:25 PM] [AWKpY#11] Shreider_404: enabled noclip
[6:49:31 PM] [AWKpY#11] Shreider_404: became mortal (standard mode)
[6:49:46 PM] [AWKpY#9] Shreider_404: died from suicide (Falling)
[6:50:25 PM] [AWKpY#11] Shreider_404: died from suicide (Falling)
[6:51:11 PM] [AWKpY#11] Shreider_404: died from suicide (Falling)
[6:51:11 PM] [AWKpY#9] Shreider_404: died from suicide (Falling)
[6:52:11 PM] [AWKpY#11] Shreider_404: died from suicide (Falling)
[6:52:12 PM] [AWKpY#9] Shreider_404: died from suicide (Falling)
[6:53:06 PM] [AWKpY#9] Shreider_404: said "/manageMap"
[6:53:51 PM] [AWKpY#11] Shreider_404: died from Pistol by Shreider_404
[7:03:09 PM] [AWKpY#9] Shreider_404: said "/manageMap"
[7:03:12 PM] [AWKpY#9] Shreider_404: said "/manageMap"
[7:13:12 PM] [AWKpY#12] Shreider_404: joined with identifiers [steam:110000111a53809; license:d641cd1c0ae086320fde9e9356924dc9406c5f3c; xbl:2535441965427220; live:914798166534894; discord:329694307818930176; fivem:1320305; license2:d641cd1c0ae086320fde9e9356924dc9406c5f3c]
[7:13:17 PM] [AWKpY#13] Shreider_404: joined with identifiers [steam:110000111a53809; license:d641cd1c0ae086320fde9e9356924dc9406c5f3c; xbl:2535441965427220; live:914798166534894; discord:329694307818930176; fivem:1320305; license2:d641cd1c0ae086320fde9e9356924dc9406c5f3c]
[7:13:25 PM] [AWKpY#9] Shreider_404: disconnected (Server->client connection timed out. Last seen 49313 msec ago.)
[7:13:38 PM] [AWKpY#11] Shreider_404: disconnected (Server->client connection timed out. Last seen 55598 msec ago.)
[7:15:04 PM] [AWKpY#12] Shreider_404: disconnected (Game crashed: FiveM has stopped responding (script deadloop))
[7:15:52 PM] [AWKpY#13] Shreider_404: disconnected (Server->client connection timed out. Last seen 47940 msec ago.)
[7:17:19 PM] [AWKpY#14] Shreider_404: joined with identifiers [steam:110000111a53809; license:d641cd1c0ae086320fde9e9356924dc9406c5f3c; xbl:2535441965427220; live:914798166534894; discord:329694307818930176; fivem:1320305; license2:d641cd1c0ae086320fde9e9356924dc9406c5f3c]
[7:17:21 PM] [AWKpY#15] Shreider_404: joined with identifiers [steam:110000111a53809; license:d641cd1c0ae086320fde9e9356924dc9406c5f3c; xbl:2535441965427220; live:914798166534894; discord:329694307818930176; fivem:1320305; license2:d641cd1c0ae086320fde9e9356924dc9406c5f3c]
[7:18:56 PM] [AWKpY#16] Shreider_404: joined with identifiers [steam:110000111a53809; license:d641cd1c0ae086320fde9e9356924dc9406c5f3c; xbl:2535441965427220; live:914798166534894; discord:329694307818930176; fivem:1320305; license2:d641cd1c0ae086320fde9e9356924dc9406c5f3c]
[7:19:15 PM] [AWKpY#15] Shreider_404: disconnected (Server->client connection timed out. Last seen 53480 msec ago.)
[7:20:41 PM] [AWKpY#14] Shreider_404: disconnected (Game crashed: FiveM has stopped responding (script deadloop))
[7:21:30 PM] [AWKpY#16] Shreider_404: disconnected (Server shutting down: SIGHUP received)
